{"/media/zhuelly/Project/Developer/Funique/Verteilen/Verteilen/src/share/interface.ts": {"path":"/media/zhuelly/Project/Developer/Funique/Verteilen/Verteilen/src/share/interface.ts","statementMap":{"0":{"start":{"line":9,"column":13},"end":{"line":9,"column":null}},"1":{"start":{"line":13,"column":13},"end":{"line":13,"column":null}},"2":{"start":{"line":17,"column":13},"end":{"line":17,"column":null}},"3":{"start":{"line":21,"column":13},"end":{"line":21,"column":null}},"4":{"start":{"line":26,"column":13},"end":{"line":26,"column":null}},"5":{"start":{"line":30,"column":13},"end":{"line":30,"column":null}},"6":{"start":{"line":34,"column":13},"end":{"line":34,"column":null}},"7":{"start":{"line":35,"column":13},"end":{"line":35,"column":null}},"8":{"start":{"line":36,"column":13},"end":{"line":36,"column":null}},"9":{"start":{"line":41,"column":13},"end":{"line":41,"column":null}},"10":{"start":{"line":42,"column":13},"end":{"line":42,"column":null}},"11":{"start":{"line":43,"column":13},"end":{"line":43,"column":null}},"12":{"start":{"line":45,"column":0},"end":{"line":45,"column":32}},"13":{"start":{"line":46,"column":0},"end":{"line":46,"column":31}},"14":{"start":{"line":47,"column":0},"end":{"line":47,"column":32}},"15":{"start":{"line":48,"column":0},"end":{"line":48,"column":35}},"16":{"start":{"line":49,"column":0},"end":{"line":49,"column":34}},"17":{"start":{"line":50,"column":0},"end":{"line":50,"column":34}},"18":{"start":{"line":51,"column":0},"end":{"line":51,"column":34}},"19":{"start":{"line":52,"column":0},"end":{"line":52,"column":33}},"20":{"start":{"line":53,"column":0},"end":{"line":53,"column":30}}},"fnMap":{},"branchMap":{},"s":{"0":4,"1":4,"2":4,"3":4,"4":4,"5":4,"6":4,"7":4,"8":4,"9":4,"10":4,"11":4,"12":4,"13":4,"14":4,"15":4,"16":4,"17":4,"18":4,"19":4,"20":4},"f":{},"b":{}}
,"/media/zhuelly/Project/Developer/Funique/Verteilen/Verteilen/src/share/client/javascript.ts": {"path":"/media/zhuelly/Project/Developer/Funique/Verteilen/Verteilen/src/share/client/javascript.ts","statementMap":{"0":{"start":{"line":6,"column":0},"end":{"line":6,"column":25}},"1":{"start":{"line":7,"column":0},"end":{"line":7,"column":139}},"2":{"start":{"line":10,"column":0},"end":{"line":10,"column":29}},"3":{"start":{"line":11,"column":0},"end":{"line":11,"column":24}},"4":{"start":{"line":13,"column":24},"end":{"line":36,"column":1}},"5":{"start":{"line":14,"column":18},"end":{"line":14,"column":20}},"6":{"start":{"line":15,"column":20},"end":{"line":15,"column":70}},"7":{"start":{"line":16,"column":4},"end":{"line":16,"column":null}},"8":{"start":{"line":17,"column":23},"end":{"line":27,"column":null}},"9":{"start":{"line":28,"column":4},"end":{"line":28,"column":null}},"10":{"start":{"line":29,"column":4},"end":{"line":33,"column":5}},"11":{"start":{"line":30,"column":8},"end":{"line":32,"column":null}},"12":{"start":{"line":31,"column":12},"end":{"line":31,"column":null}},"13":{"start":{"line":34,"column":4},"end":{"line":34,"column":null}},"14":{"start":{"line":35,"column":4},"end":{"line":35,"column":null}},"15":{"start":{"line":13,"column":13},"end":{"line":13,"column":24}},"16":{"start":{"line":43,"column":32},"end":{"line":43,"column":41}},"17":{"start":{"line":44,"column":34},"end":{"line":44,"column":43}},"18":{"start":{"line":45,"column":32},"end":{"line":45,"column":41}},"19":{"start":{"line":49,"column":42},"end":{"line":49,"column":51}},"20":{"start":{"line":50,"column":23},"end":{"line":50,"column":24}},"21":{"start":{"line":52,"column":12},"end":{"line":52,"column":null}},"22":{"start":{"line":52,"column":18},"end":{"line":52,"column":null}},"23":{"start":{"line":53,"column":16},"end":{"line":53,"column":null}},"24":{"start":{"line":53,"column":22},"end":{"line":53,"column":null}},"25":{"start":{"line":57,"column":14},"end":{"line":57,"column":38}},"26":{"start":{"line":58,"column":4},"end":{"line":58,"column":null}},"27":{"start":{"line":58,"column":23},"end":{"line":58,"column":null}},"28":{"start":{"line":59,"column":4},"end":{"line":59,"column":null}},"29":{"start":{"line":59,"column":39},"end":{"line":59,"column":91}},"30":{"start":{"line":62,"column":4},"end":{"line":62,"column":null}},"31":{"start":{"line":62,"column":27},"end":{"line":62,"column":48}},"32":{"start":{"line":65,"column":4},"end":{"line":65,"column":null}},"33":{"start":{"line":65,"column":27},"end":{"line":65,"column":75}},"34":{"start":{"line":68,"column":4},"end":{"line":68,"column":null}},"35":{"start":{"line":68,"column":27},"end":{"line":68,"column":73}},"36":{"start":{"line":71,"column":4},"end":{"line":71,"column":null}},"37":{"start":{"line":71,"column":27},"end":{"line":71,"column":47}},"38":{"start":{"line":74,"column":4},"end":{"line":74,"column":null}},"39":{"start":{"line":74,"column":27},"end":{"line":74,"column":45}},"40":{"start":{"line":77,"column":4},"end":{"line":77,"column":null}},"41":{"start":{"line":77,"column":27},"end":{"line":77,"column":47}},"42":{"start":{"line":81,"column":14},"end":{"line":81,"column":38}},"43":{"start":{"line":82,"column":4},"end":{"line":82,"column":null}},"44":{"start":{"line":82,"column":23},"end":{"line":82,"column":null}},"45":{"start":{"line":83,"column":4},"end":{"line":83,"column":null}},"46":{"start":{"line":83,"column":34},"end":{"line":83,"column":86}},"47":{"start":{"line":86,"column":4},"end":{"line":86,"column":null}},"48":{"start":{"line":86,"column":27},"end":{"line":86,"column":48}},"49":{"start":{"line":89,"column":4},"end":{"line":93,"column":5}},"50":{"start":{"line":90,"column":18},"end":{"line":90,"column":35}},"51":{"start":{"line":91,"column":8},"end":{"line":91,"column":null}},"52":{"start":{"line":91,"column":27},"end":{"line":91,"column":null}},"53":{"start":{"line":92,"column":8},"end":{"line":92,"column":null}},"54":{"start":{"line":94,"column":4},"end":{"line":94,"column":null}},"55":{"start":{"line":94,"column":27},"end":{"line":94,"column":75}},"56":{"start":{"line":97,"column":4},"end":{"line":97,"column":null}},"57":{"start":{"line":97,"column":27},"end":{"line":97,"column":73}},"58":{"start":{"line":100,"column":4},"end":{"line":100,"column":null}},"59":{"start":{"line":100,"column":27},"end":{"line":100,"column":47}},"60":{"start":{"line":103,"column":4},"end":{"line":103,"column":null}},"61":{"start":{"line":103,"column":27},"end":{"line":103,"column":45}},"62":{"start":{"line":106,"column":14},"end":{"line":106,"column":51}},"63":{"start":{"line":106,"column":30},"end":{"line":106,"column":50}},"64":{"start":{"line":107,"column":4},"end":{"line":107,"column":null}},"65":{"start":{"line":107,"column":29},"end":{"line":107,"column":null}},"66":{"start":{"line":108,"column":4},"end":{"line":108,"column":null}},"67":{"start":{"line":111,"column":14},"end":{"line":111,"column":51}},"68":{"start":{"line":111,"column":30},"end":{"line":111,"column":50}},"69":{"start":{"line":112,"column":4},"end":{"line":112,"column":null}},"70":{"start":{"line":112,"column":29},"end":{"line":112,"column":null}},"71":{"start":{"line":113,"column":4},"end":{"line":113,"column":null}},"72":{"start":{"line":116,"column":14},"end":{"line":116,"column":38}},"73":{"start":{"line":117,"column":4},"end":{"line":117,"column":null}},"74":{"start":{"line":117,"column":23},"end":{"line":117,"column":null}},"75":{"start":{"line":118,"column":4},"end":{"line":118,"column":null}},"76":{"start":{"line":118,"column":20},"end":{"line":118,"column":null}},"77":{"start":{"line":119,"column":4},"end":{"line":119,"column":null}},"78":{"start":{"line":119,"column":34},"end":{"line":119,"column":86}},"79":{"start":{"line":122,"column":19},"end":{"line":122,"column":28}},"80":{"start":{"line":123,"column":4},"end":{"line":123,"column":34}},"81":{"start":{"line":123,"column":28},"end":{"line":123,"column":34}},"82":{"start":{"line":124,"column":4},"end":{"line":144,"column":5}},"83":{"start":{"line":126,"column":12},"end":{"line":126,"column":null}},"84":{"start":{"line":127,"column":12},"end":{"line":127,"column":17}},"85":{"start":{"line":129,"column":12},"end":{"line":129,"column":null}},"86":{"start":{"line":130,"column":12},"end":{"line":130,"column":17}},"87":{"start":{"line":133,"column":12},"end":{"line":133,"column":null}},"88":{"start":{"line":134,"column":12},"end":{"line":134,"column":17}},"89":{"start":{"line":136,"column":12},"end":{"line":136,"column":null}},"90":{"start":{"line":137,"column":12},"end":{"line":137,"column":17}},"91":{"start":{"line":139,"column":12},"end":{"line":139,"column":null}},"92":{"start":{"line":140,"column":12},"end":{"line":140,"column":17}},"93":{"start":{"line":142,"column":12},"end":{"line":142,"column":null}},"94":{"start":{"line":143,"column":12},"end":{"line":143,"column":17}},"95":{"start":{"line":147,"column":17},"end":{"line":147,"column":56}},"96":{"start":{"line":147,"column":34},"end":{"line":147,"column":55}},"97":{"start":{"line":148,"column":4},"end":{"line":152,"column":5}},"98":{"start":{"line":149,"column":8},"end":{"line":149,"column":null}},"99":{"start":{"line":151,"column":8},"end":{"line":151,"column":null}},"100":{"start":{"line":153,"column":4},"end":{"line":153,"column":null}},"101":{"start":{"line":156,"column":4},"end":{"line":159,"column":5}},"102":{"start":{"line":157,"column":8},"end":{"line":157,"column":null}},"103":{"start":{"line":158,"column":8},"end":{"line":158,"column":14}},"104":{"start":{"line":160,"column":17},"end":{"line":160,"column":55}},"105":{"start":{"line":160,"column":34},"end":{"line":160,"column":54}},"106":{"start":{"line":161,"column":4},"end":{"line":165,"column":5}},"107":{"start":{"line":162,"column":8},"end":{"line":162,"column":null}},"108":{"start":{"line":164,"column":8},"end":{"line":164,"column":null}},"109":{"start":{"line":166,"column":4},"end":{"line":166,"column":null}},"110":{"start":{"line":169,"column":17},"end":{"line":169,"column":55}},"111":{"start":{"line":169,"column":34},"end":{"line":169,"column":54}},"112":{"start":{"line":170,"column":4},"end":{"line":174,"column":5}},"113":{"start":{"line":171,"column":8},"end":{"line":171,"column":null}},"114":{"start":{"line":173,"column":8},"end":{"line":173,"column":null}},"115":{"start":{"line":175,"column":4},"end":{"line":175,"column":null}},"116":{"start":{"line":178,"column":17},"end":{"line":178,"column":55}},"117":{"start":{"line":178,"column":34},"end":{"line":178,"column":54}},"118":{"start":{"line":179,"column":4},"end":{"line":183,"column":5}},"119":{"start":{"line":180,"column":8},"end":{"line":180,"column":null}},"120":{"start":{"line":182,"column":8},"end":{"line":182,"column":null}},"121":{"start":{"line":184,"column":4},"end":{"line":184,"column":null}},"122":{"start":{"line":187,"column":17},"end":{"line":187,"column":53}},"123":{"start":{"line":187,"column":34},"end":{"line":187,"column":52}},"124":{"start":{"line":188,"column":4},"end":{"line":192,"column":5}},"125":{"start":{"line":189,"column":8},"end":{"line":189,"column":null}},"126":{"start":{"line":191,"column":8},"end":{"line":191,"column":null}},"127":{"start":{"line":193,"column":4},"end":{"line":193,"column":null}},"128":{"start":{"line":196,"column":19},"end":{"line":196,"column":57}},"129":{"start":{"line":196,"column":36},"end":{"line":196,"column":56}},"130":{"start":{"line":197,"column":4},"end":{"line":197,"column":34}},"131":{"start":{"line":197,"column":28},"end":{"line":197,"column":34}},"132":{"start":{"line":199,"column":4},"end":{"line":199,"column":null}},"133":{"start":{"line":200,"column":4},"end":{"line":200,"column":null}},"134":{"start":{"line":310,"column":4},"end":{"line":338,"column":null}},"135":{"start":{"line":311,"column":8},"end":{"line":311,"column":null}},"136":{"start":{"line":312,"column":22},"end":{"line":312,"column":67}},"137":{"start":{"line":313,"column":21},"end":{"line":313,"column":22}},"138":{"start":{"line":314,"column":8},"end":{"line":314,"column":null}},"139":{"start":{"line":315,"column":21},"end":{"line":315,"column":23}},"140":{"start":{"line":317,"column":18},"end":{"line":317,"column":41}},"141":{"start":{"line":318,"column":8},"end":{"line":323,"column":9}},"142":{"start":{"line":319,"column":12},"end":{"line":322,"column":null}},"143":{"start":{"line":320,"column":26},"end":{"line":320,"column":55}},"144":{"start":{"line":320,"column":43},"end":{"line":320,"column":54}},"145":{"start":{"line":321,"column":16},"end":{"line":321,"column":null}},"146":{"start":{"line":321,"column":35},"end":{"line":321,"column":null}},"147":{"start":{"line":324,"column":8},"end":{"line":324,"column":null}},"148":{"start":{"line":325,"column":18},"end":{"line":325,"column":43}},"149":{"start":{"line":327,"column":19},"end":{"line":327,"column":21}},"150":{"start":{"line":328,"column":8},"end":{"line":337,"column":null}},"151":{"start":{"line":329,"column":29},"end":{"line":329,"column":38}},"152":{"start":{"line":330,"column":12},"end":{"line":336,"column":20}},"153":{"start":{"line":331,"column":16},"end":{"line":334,"column":17}},"154":{"start":{"line":332,"column":20},"end":{"line":332,"column":null}},"155":{"start":{"line":333,"column":20},"end":{"line":333,"column":null}},"156":{"start":{"line":335,"column":16},"end":{"line":335,"column":null}},"157":{"start":{"line":345,"column":4},"end":{"line":365,"column":null}},"158":{"start":{"line":346,"column":8},"end":{"line":346,"column":null}},"159":{"start":{"line":347,"column":22},"end":{"line":347,"column":132}},"160":{"start":{"line":348,"column":21},"end":{"line":348,"column":22}},"161":{"start":{"line":349,"column":8},"end":{"line":349,"column":null}},"162":{"start":{"line":350,"column":21},"end":{"line":350,"column":23}},"163":{"start":{"line":351,"column":8},"end":{"line":351,"column":null}},"164":{"start":{"line":352,"column":18},"end":{"line":352,"column":43}},"165":{"start":{"line":354,"column":19},"end":{"line":354,"column":21}},"166":{"start":{"line":355,"column":8},"end":{"line":364,"column":null}},"167":{"start":{"line":356,"column":29},"end":{"line":356,"column":38}},"168":{"start":{"line":357,"column":12},"end":{"line":363,"column":20}},"169":{"start":{"line":358,"column":16},"end":{"line":361,"column":17}},"170":{"start":{"line":359,"column":20},"end":{"line":359,"column":null}},"171":{"start":{"line":360,"column":20},"end":{"line":360,"column":null}},"172":{"start":{"line":362,"column":16},"end":{"line":362,"column":null}},"173":{"start":{"line":212,"column":8},"end":{"line":212,"column":null}},"174":{"start":{"line":213,"column":8},"end":{"line":213,"column":null}},"175":{"start":{"line":214,"column":8},"end":{"line":218,"column":null}},"176":{"start":{"line":219,"column":8},"end":{"line":235,"column":null}},"177":{"start":{"line":237,"column":8},"end":{"line":266,"column":null}},"178":{"start":{"line":268,"column":8},"end":{"line":271,"column":null}},"179":{"start":{"line":269,"column":33},"end":{"line":269,"column":63}},"180":{"start":{"line":270,"column":37},"end":{"line":270,"column":82}},"181":{"start":{"line":273,"column":8},"end":{"line":279,"column":null}},"182":{"start":{"line":368,"column":28},"end":{"line":368,"column":30}},"183":{"start":{"line":369,"column":8},"end":{"line":369,"column":null}},"184":{"start":{"line":369,"column":63},"end":{"line":369,"column":null}},"185":{"start":{"line":370,"column":8},"end":{"line":370,"column":null}},"186":{"start":{"line":370,"column":59},"end":{"line":370,"column":null}},"187":{"start":{"line":371,"column":8},"end":{"line":371,"column":null}},"188":{"start":{"line":371,"column":61},"end":{"line":371,"column":null}},"189":{"start":{"line":372,"column":8},"end":{"line":381,"column":9}},"190":{"start":{"line":373,"column":12},"end":{"line":380,"column":13}},"191":{"start":{"line":374,"column":16},"end":{"line":377,"column":null}},"192":{"start":{"line":375,"column":41},"end":{"line":375,"column":65}},"193":{"start":{"line":376,"column":45},"end":{"line":376,"column":69}},"194":{"start":{"line":379,"column":16},"end":{"line":379,"column":null}},"195":{"start":{"line":382,"column":8},"end":{"line":382,"column":null}},"196":{"start":{"line":382,"column":63},"end":{"line":382,"column":null}},"197":{"start":{"line":383,"column":8},"end":{"line":423,"column":null}},"198":{"start":{"line":425,"column":8},"end":{"line":425,"column":null}},"199":{"start":{"line":428,"column":8},"end":{"line":432,"column":9}},"200":{"start":{"line":429,"column":12},"end":{"line":429,"column":null}},"201":{"start":{"line":431,"column":12},"end":{"line":431,"column":null}},"202":{"start":{"line":435,"column":8},"end":{"line":435,"column":null}},"203":{"start":{"line":438,"column":8},"end":{"line":438,"column":null}},"204":{"start":{"line":441,"column":8},"end":{"line":441,"column":null}},"205":{"start":{"line":442,"column":8},"end":{"line":442,"column":null}},"206":{"start":{"line":443,"column":8},"end":{"line":443,"column":null}},"207":{"start":{"line":446,"column":8},"end":{"line":446,"column":null}},"208":{"start":{"line":447,"column":8},"end":{"line":451,"column":null}},"209":{"start":{"line":448,"column":12},"end":{"line":448,"column":null}},"210":{"start":{"line":450,"column":12},"end":{"line":450,"column":null}},"211":{"start":{"line":454,"column":8},"end":{"line":454,"column":null}},"212":{"start":{"line":455,"column":20},"end":{"line":455,"column":63}},"213":{"start":{"line":456,"column":19},"end":{"line":456,"column":73}},"214":{"start":{"line":457,"column":8},"end":{"line":457,"column":null}},"215":{"start":{"line":458,"column":8},"end":{"line":458,"column":null}},"216":{"start":{"line":461,"column":8},"end":{"line":461,"column":null}},"217":{"start":{"line":462,"column":20},"end":{"line":462,"column":63}},"218":{"start":{"line":463,"column":19},"end":{"line":463,"column":73}},"219":{"start":{"line":464,"column":8},"end":{"line":468,"column":null}},"220":{"start":{"line":465,"column":12},"end":{"line":465,"column":null}},"221":{"start":{"line":467,"column":12},"end":{"line":467,"column":null}},"222":{"start":{"line":471,"column":8},"end":{"line":471,"column":null}},"223":{"start":{"line":474,"column":8},"end":{"line":474,"column":null}},"224":{"start":{"line":477,"column":8},"end":{"line":477,"column":null}},"225":{"start":{"line":480,"column":8},"end":{"line":480,"column":null}},"226":{"start":{"line":483,"column":8},"end":{"line":483,"column":null}},"227":{"start":{"line":486,"column":8},"end":{"line":486,"column":null}},"228":{"start":{"line":489,"column":8},"end":{"line":489,"column":null}},"229":{"start":{"line":492,"column":8},"end":{"line":492,"column":null}},"230":{"start":{"line":495,"column":8},"end":{"line":495,"column":null}},"231":{"start":{"line":498,"column":8},"end":{"line":498,"column":null}},"232":{"start":{"line":501,"column":8},"end":{"line":501,"column":null}},"233":{"start":{"line":505,"column":8},"end":{"line":505,"column":null}},"234":{"start":{"line":505,"column":40},"end":{"line":505,"column":72}},"235":{"start":{"line":508,"column":8},"end":{"line":508,"column":77}},"236":{"start":{"line":514,"column":8},"end":{"line":514,"column":null}},"237":{"start":{"line":517,"column":8},"end":{"line":517,"column":null}},"238":{"start":{"line":520,"column":8},"end":{"line":520,"column":null}},"239":{"start":{"line":523,"column":8},"end":{"line":523,"column":null}},"240":{"start":{"line":526,"column":8},"end":{"line":526,"column":null}},"241":{"start":{"line":529,"column":8},"end":{"line":532,"column":null}},"242":{"start":{"line":204,"column":0},"end":{"line":204,"column":13}},"243":{"start":{"line":293,"column":11},"end":{"line":293,"column":18}},"244":{"start":{"line":294,"column":8},"end":{"line":294,"column":null}},"245":{"start":{"line":295,"column":8},"end":{"line":295,"column":null}},"246":{"start":{"line":296,"column":8},"end":{"line":296,"column":null}},"247":{"start":{"line":297,"column":8},"end":{"line":297,"column":null}},"248":{"start":{"line":298,"column":8},"end":{"line":298,"column":null}},"249":{"start":{"line":299,"column":8},"end":{"line":299,"column":null}},"250":{"start":{"line":300,"column":8},"end":{"line":300,"column":null}}},"fnMap":{"0":{"name":"(anonymous_16)","decl":{"start":{"line":13,"column":24},"end":{"line":13,"column":25}},"loc":{"start":{"line":13,"column":104},"end":{"line":36,"column":1}}},"1":{"name":"(anonymous_17)","decl":{"start":{"line":30,"column":37},"end":{"line":30,"column":47}},"loc":{"start":{"line":30,"column":50},"end":{"line":32,"column":9}}},"2":{"name":"(anonymous_18)","decl":{"start":{"line":52,"column":12},"end":{"line":52,"column":15}},"loc":{"start":{"line":52,"column":17},"end":{"line":52,"column":null}}},"3":{"name":"(anonymous_19)","decl":{"start":{"line":53,"column":16},"end":{"line":53,"column":19}},"loc":{"start":{"line":53,"column":21},"end":{"line":53,"column":null}}},"4":{"name":"has","decl":{"start":{"line":56,"column":9},"end":{"line":56,"column":12}},"loc":{"start":{"line":56,"column":49},"end":{"line":60,"column":1}}},"5":{"name":"(anonymous_21)","decl":{"start":{"line":59,"column":34},"end":{"line":59,"column":35}},"loc":{"start":{"line":59,"column":39},"end":{"line":59,"column":91}}},"6":{"name":"hasboolean","decl":{"start":{"line":61,"column":9},"end":{"line":61,"column":19}},"loc":{"start":{"line":61,"column":30},"end":{"line":63,"column":1}}},"7":{"name":"(anonymous_23)","decl":{"start":{"line":62,"column":20},"end":{"line":62,"column":21}},"loc":{"start":{"line":62,"column":27},"end":{"line":62,"column":48}}},"8":{"name":"hasnumber","decl":{"start":{"line":64,"column":9},"end":{"line":64,"column":18}},"loc":{"start":{"line":64,"column":29},"end":{"line":66,"column":1}}},"9":{"name":"(anonymous_25)","decl":{"start":{"line":65,"column":20},"end":{"line":65,"column":21}},"loc":{"start":{"line":65,"column":27},"end":{"line":65,"column":75}}},"10":{"name":"hasstring","decl":{"start":{"line":67,"column":9},"end":{"line":67,"column":18}},"loc":{"start":{"line":67,"column":29},"end":{"line":69,"column":1}}},"11":{"name":"(anonymous_27)","decl":{"start":{"line":68,"column":20},"end":{"line":68,"column":21}},"loc":{"start":{"line":68,"column":27},"end":{"line":68,"column":73}}},"12":{"name":"hasobject","decl":{"start":{"line":70,"column":9},"end":{"line":70,"column":18}},"loc":{"start":{"line":70,"column":29},"end":{"line":72,"column":1}}},"13":{"name":"(anonymous_29)","decl":{"start":{"line":71,"column":20},"end":{"line":71,"column":21}},"loc":{"start":{"line":71,"column":27},"end":{"line":71,"column":47}}},"14":{"name":"haslist","decl":{"start":{"line":73,"column":9},"end":{"line":73,"column":16}},"loc":{"start":{"line":73,"column":27},"end":{"line":75,"column":1}}},"15":{"name":"(anonymous_31)","decl":{"start":{"line":74,"column":20},"end":{"line":74,"column":21}},"loc":{"start":{"line":74,"column":27},"end":{"line":74,"column":45}}},"16":{"name":"hasselect","decl":{"start":{"line":76,"column":9},"end":{"line":76,"column":18}},"loc":{"start":{"line":76,"column":29},"end":{"line":78,"column":1}}},"17":{"name":"(anonymous_33)","decl":{"start":{"line":77,"column":20},"end":{"line":77,"column":21}},"loc":{"start":{"line":77,"column":27},"end":{"line":77,"column":47}}},"18":{"name":"get","decl":{"start":{"line":80,"column":9},"end":{"line":80,"column":12}},"loc":{"start":{"line":80,"column":49},"end":{"line":84,"column":1}}},"19":{"name":"(anonymous_35)","decl":{"start":{"line":83,"column":29},"end":{"line":83,"column":30}},"loc":{"start":{"line":83,"column":34},"end":{"line":83,"column":86}}},"20":{"name":"getboolean","decl":{"start":{"line":85,"column":9},"end":{"line":85,"column":19}},"loc":{"start":{"line":85,"column":30},"end":{"line":87,"column":1}}},"21":{"name":"(anonymous_37)","decl":{"start":{"line":86,"column":20},"end":{"line":86,"column":21}},"loc":{"start":{"line":86,"column":27},"end":{"line":86,"column":48}}},"22":{"name":"getnumber","decl":{"start":{"line":88,"column":9},"end":{"line":88,"column":18}},"loc":{"start":{"line":88,"column":29},"end":{"line":95,"column":1}}},"23":{"name":"(anonymous_39)","decl":{"start":{"line":94,"column":20},"end":{"line":94,"column":21}},"loc":{"start":{"line":94,"column":27},"end":{"line":94,"column":75}}},"24":{"name":"getstring","decl":{"start":{"line":96,"column":9},"end":{"line":96,"column":18}},"loc":{"start":{"line":96,"column":29},"end":{"line":98,"column":1}}},"25":{"name":"(anonymous_41)","decl":{"start":{"line":97,"column":20},"end":{"line":97,"column":21}},"loc":{"start":{"line":97,"column":27},"end":{"line":97,"column":73}}},"26":{"name":"getobject","decl":{"start":{"line":99,"column":9},"end":{"line":99,"column":18}},"loc":{"start":{"line":99,"column":29},"end":{"line":101,"column":1}}},"27":{"name":"(anonymous_43)","decl":{"start":{"line":100,"column":20},"end":{"line":100,"column":21}},"loc":{"start":{"line":100,"column":27},"end":{"line":100,"column":47}}},"28":{"name":"getlist","decl":{"start":{"line":102,"column":9},"end":{"line":102,"column":16}},"loc":{"start":{"line":102,"column":27},"end":{"line":104,"column":1}}},"29":{"name":"(anonymous_45)","decl":{"start":{"line":103,"column":20},"end":{"line":103,"column":21}},"loc":{"start":{"line":103,"column":27},"end":{"line":103,"column":45}}},"30":{"name":"getselect","decl":{"start":{"line":105,"column":9},"end":{"line":105,"column":18}},"loc":{"start":{"line":105,"column":29},"end":{"line":109,"column":1}}},"31":{"name":"(anonymous_47)","decl":{"start":{"line":106,"column":23},"end":{"line":106,"column":24}},"loc":{"start":{"line":106,"column":30},"end":{"line":106,"column":50}}},"32":{"name":"getselectlendth","decl":{"start":{"line":110,"column":9},"end":{"line":110,"column":24}},"loc":{"start":{"line":110,"column":35},"end":{"line":114,"column":1}}},"33":{"name":"(anonymous_49)","decl":{"start":{"line":111,"column":23},"end":{"line":111,"column":24}},"loc":{"start":{"line":111,"column":30},"end":{"line":111,"column":50}}},"34":{"name":"_set","decl":{"start":{"line":115,"column":9},"end":{"line":115,"column":13}},"loc":{"start":{"line":115,"column":74},"end":{"line":120,"column":1}}},"35":{"name":"(anonymous_51)","decl":{"start":{"line":119,"column":29},"end":{"line":119,"column":30}},"loc":{"start":{"line":119,"column":34},"end":{"line":119,"column":86}}},"36":{"name":"set","decl":{"start":{"line":121,"column":9},"end":{"line":121,"column":12}},"loc":{"start":{"line":121,"column":34},"end":{"line":145,"column":1}}},"37":{"name":"setboolean","decl":{"start":{"line":146,"column":9},"end":{"line":146,"column":19}},"loc":{"start":{"line":146,"column":45},"end":{"line":154,"column":1}}},"38":{"name":"(anonymous_54)","decl":{"start":{"line":147,"column":27},"end":{"line":147,"column":28}},"loc":{"start":{"line":147,"column":34},"end":{"line":147,"column":55}}},"39":{"name":"setnumber","decl":{"start":{"line":155,"column":9},"end":{"line":155,"column":18}},"loc":{"start":{"line":155,"column":43},"end":{"line":167,"column":1}}},"40":{"name":"(anonymous_56)","decl":{"start":{"line":160,"column":27},"end":{"line":160,"column":28}},"loc":{"start":{"line":160,"column":34},"end":{"line":160,"column":54}}},"41":{"name":"setstring","decl":{"start":{"line":168,"column":9},"end":{"line":168,"column":18}},"loc":{"start":{"line":168,"column":43},"end":{"line":176,"column":1}}},"42":{"name":"(anonymous_58)","decl":{"start":{"line":169,"column":27},"end":{"line":169,"column":28}},"loc":{"start":{"line":169,"column":34},"end":{"line":169,"column":54}}},"43":{"name":"setobject","decl":{"start":{"line":177,"column":9},"end":{"line":177,"column":18}},"loc":{"start":{"line":177,"column":40},"end":{"line":185,"column":1}}},"44":{"name":"(anonymous_60)","decl":{"start":{"line":178,"column":27},"end":{"line":178,"column":28}},"loc":{"start":{"line":178,"column":34},"end":{"line":178,"column":54}}},"45":{"name":"setlist","decl":{"start":{"line":186,"column":9},"end":{"line":186,"column":16}},"loc":{"start":{"line":186,"column":48},"end":{"line":194,"column":1}}},"46":{"name":"(anonymous_62)","decl":{"start":{"line":187,"column":27},"end":{"line":187,"column":28}},"loc":{"start":{"line":187,"column":34},"end":{"line":187,"column":52}}},"47":{"name":"setselect","decl":{"start":{"line":195,"column":9},"end":{"line":195,"column":18}},"loc":{"start":{"line":195,"column":43},"end":{"line":201,"column":1}}},"48":{"name":"(anonymous_64)","decl":{"start":{"line":196,"column":29},"end":{"line":196,"column":30}},"loc":{"start":{"line":196,"column":36},"end":{"line":196,"column":56}}},"49":{"name":"(anonymous_65)","decl":{"start":{"line":211,"column":4},"end":{"line":211,"column":16}},"loc":{"start":{"line":211,"column":80},"end":{"line":280,"column":5}}},"50":{"name":"(anonymous_66)","decl":{"start":{"line":310,"column":31},"end":{"line":310,"column":32}},"loc":{"start":{"line":310,"column":101},"end":{"line":338,"column":5}}},"51":{"name":"(anonymous_67)","decl":{"start":{"line":319,"column":25},"end":{"line":319,"column":26}},"loc":{"start":{"line":319,"column":29},"end":{"line":322,"column":13}}},"52":{"name":"(anonymous_68)","decl":{"start":{"line":320,"column":38},"end":{"line":320,"column":39}},"loc":{"start":{"line":320,"column":43},"end":{"line":320,"column":54}}},"53":{"name":"(anonymous_69)","decl":{"start":{"line":328,"column":32},"end":{"line":328,"column":33}},"loc":{"start":{"line":328,"column":44},"end":{"line":337,"column":9}}},"54":{"name":"(anonymous_70)","decl":{"start":{"line":330,"column":33},"end":{"line":330,"column":36}},"loc":{"start":{"line":330,"column":38},"end":{"line":336,"column":13}}},"55":{"name":"(anonymous_71)","decl":{"start":{"line":345,"column":24},"end":{"line":345,"column":25}},"loc":{"start":{"line":345,"column":74},"end":{"line":365,"column":5}}},"56":{"name":"(anonymous_72)","decl":{"start":{"line":355,"column":32},"end":{"line":355,"column":33}},"loc":{"start":{"line":355,"column":44},"end":{"line":364,"column":9}}},"57":{"name":"(anonymous_73)","decl":{"start":{"line":357,"column":33},"end":{"line":357,"column":36}},"loc":{"start":{"line":357,"column":38},"end":{"line":363,"column":13}}},"58":{"name":"(anonymous_74)","decl":{"start":{"line":269,"column":22},"end":{"line":269,"column":23}},"loc":{"start":{"line":269,"column":33},"end":{"line":269,"column":63}}},"59":{"name":"(anonymous_75)","decl":{"start":{"line":270,"column":26},"end":{"line":270,"column":27}},"loc":{"start":{"line":270,"column":37},"end":{"line":270,"column":82}}},"60":{"name":"(anonymous_76)","decl":{"start":{"line":367,"column":12},"end":{"line":367,"column":28}},"loc":{"start":{"line":367,"column":83},"end":{"line":426,"column":5}}},"61":{"name":"(anonymous_77)","decl":{"start":{"line":375,"column":30},"end":{"line":375,"column":31}},"loc":{"start":{"line":375,"column":41},"end":{"line":375,"column":65}}},"62":{"name":"(anonymous_78)","decl":{"start":{"line":376,"column":34},"end":{"line":376,"column":35}},"loc":{"start":{"line":376,"column":45},"end":{"line":376,"column":69}}},"63":{"name":"(anonymous_79)","decl":{"start":{"line":427,"column":12},"end":{"line":427,"column":20}},"loc":{"start":{"line":427,"column":49},"end":{"line":433,"column":5}}},"64":{"name":"(anonymous_80)","decl":{"start":{"line":434,"column":12},"end":{"line":434,"column":19}},"loc":{"start":{"line":434,"column":28},"end":{"line":436,"column":5}}},"65":{"name":"(anonymous_81)","decl":{"start":{"line":437,"column":12},"end":{"line":437,"column":19}},"loc":{"start":{"line":437,"column":28},"end":{"line":439,"column":5}}},"66":{"name":"(anonymous_82)","decl":{"start":{"line":440,"column":12},"end":{"line":440,"column":16}},"loc":{"start":{"line":440,"column":57},"end":{"line":444,"column":5}}},"67":{"name":"(anonymous_83)","decl":{"start":{"line":445,"column":12},"end":{"line":445,"column":19}},"loc":{"start":{"line":445,"column":60},"end":{"line":452,"column":5}}},"68":{"name":"(anonymous_84)","decl":{"start":{"line":447,"column":63},"end":{"line":447,"column":66}},"loc":{"start":{"line":447,"column":68},"end":{"line":449,"column":9}}},"69":{"name":"(anonymous_85)","decl":{"start":{"line":449,"column":17},"end":{"line":449,"column":20}},"loc":{"start":{"line":449,"column":22},"end":{"line":451,"column":9}}},"70":{"name":"(anonymous_86)","decl":{"start":{"line":453,"column":12},"end":{"line":453,"column":23}},"loc":{"start":{"line":453,"column":51},"end":{"line":459,"column":5}}},"71":{"name":"(anonymous_87)","decl":{"start":{"line":460,"column":12},"end":{"line":460,"column":26}},"loc":{"start":{"line":460,"column":54},"end":{"line":469,"column":5}}},"72":{"name":"(anonymous_88)","decl":{"start":{"line":464,"column":58},"end":{"line":464,"column":61}},"loc":{"start":{"line":464,"column":63},"end":{"line":466,"column":9}}},"73":{"name":"(anonymous_89)","decl":{"start":{"line":466,"column":17},"end":{"line":466,"column":20}},"loc":{"start":{"line":466,"column":22},"end":{"line":468,"column":9}}},"74":{"name":"(anonymous_90)","decl":{"start":{"line":470,"column":12},"end":{"line":470,"column":20}},"loc":{"start":{"line":470,"column":43},"end":{"line":472,"column":5}}},"75":{"name":"(anonymous_91)","decl":{"start":{"line":473,"column":12},"end":{"line":473,"column":19}},"loc":{"start":{"line":473,"column":42},"end":{"line":475,"column":5}}},"76":{"name":"(anonymous_92)","decl":{"start":{"line":476,"column":12},"end":{"line":476,"column":22}},"loc":{"start":{"line":476,"column":34},"end":{"line":478,"column":5}}},"77":{"name":"(anonymous_93)","decl":{"start":{"line":479,"column":12},"end":{"line":479,"column":21}},"loc":{"start":{"line":479,"column":33},"end":{"line":481,"column":5}}},"78":{"name":"(anonymous_94)","decl":{"start":{"line":482,"column":12},"end":{"line":482,"column":18}},"loc":{"start":{"line":482,"column":41},"end":{"line":484,"column":5}}},"79":{"name":"(anonymous_95)","decl":{"start":{"line":485,"column":12},"end":{"line":485,"column":17}},"loc":{"start":{"line":485,"column":29},"end":{"line":487,"column":5}}},"80":{"name":"(anonymous_96)","decl":{"start":{"line":488,"column":12},"end":{"line":488,"column":20}},"loc":{"start":{"line":488,"column":32},"end":{"line":490,"column":5}}},"81":{"name":"(anonymous_97)","decl":{"start":{"line":491,"column":12},"end":{"line":491,"column":19}},"loc":{"start":{"line":491,"column":31},"end":{"line":493,"column":5}}},"82":{"name":"(anonymous_98)","decl":{"start":{"line":494,"column":12},"end":{"line":494,"column":21}},"loc":{"start":{"line":494,"column":33},"end":{"line":496,"column":5}}},"83":{"name":"(anonymous_99)","decl":{"start":{"line":497,"column":12},"end":{"line":497,"column":21}},"loc":{"start":{"line":497,"column":46},"end":{"line":499,"column":5}}},"84":{"name":"(anonymous_100)","decl":{"start":{"line":500,"column":12},"end":{"line":500,"column":20}},"loc":{"start":{"line":500,"column":32},"end":{"line":502,"column":5}}},"85":{"name":"(anonymous_101)","decl":{"start":{"line":504,"column":18},"end":{"line":504,"column":22}},"loc":{"start":{"line":504,"column":34},"end":{"line":506,"column":null}}},"86":{"name":"(anonymous_103)","decl":{"start":{"line":505,"column":27},"end":{"line":505,"column":28}},"loc":{"start":{"line":505,"column":40},"end":{"line":505,"column":72}}},"87":{"name":"(anonymous_104)","decl":{"start":{"line":507,"column":18},"end":{"line":507,"column":23}},"loc":{"start":{"line":507,"column":32},"end":{"line":509,"column":null}}},"88":{"name":"(anonymous_106)","decl":{"start":{"line":513,"column":18},"end":{"line":513,"column":25}},"loc":{"start":{"line":513,"column":44},"end":{"line":515,"column":null}}},"89":{"name":"(anonymous_108)","decl":{"start":{"line":516,"column":18},"end":{"line":516,"column":26}},"loc":{"start":{"line":516,"column":45},"end":{"line":518,"column":null}}},"90":{"name":"(anonymous_110)","decl":{"start":{"line":519,"column":18},"end":{"line":519,"column":28}},"loc":{"start":{"line":519,"column":47},"end":{"line":521,"column":null}}},"91":{"name":"(anonymous_112)","decl":{"start":{"line":522,"column":18},"end":{"line":522,"column":27}},"loc":{"start":{"line":522,"column":46},"end":{"line":524,"column":null}}},"92":{"name":"(anonymous_114)","decl":{"start":{"line":525,"column":18},"end":{"line":525,"column":25}},"loc":{"start":{"line":525,"column":44},"end":{"line":527,"column":null}}},"93":{"name":"(anonymous_116)","decl":{"start":{"line":528,"column":18},"end":{"line":528,"column":24}},"loc":{"start":{"line":528,"column":58},"end":{"line":533,"column":null}}},"94":{"name":"(anonymous_118)","decl":{"start":{"line":293,"column":18},"end":{"line":293,"column":19}},"loc":{"start":{"line":293,"column":163},"end":{"line":301,"column":null}}}},"branchMap":{"0":{"loc":{"start":{"line":29,"column":4},"end":{"line":33,"column":5}},"type":"if","locations":[{"start":{"line":29,"column":4},"end":{"line":33,"column":5}}]},"1":{"loc":{"start":{"line":52,"column":18},"end":{"line":52,"column":48}},"type":"cond-expr","locations":[{"start":{"line":52,"column":35},"end":{"line":52,"column":39}},{"start":{"line":52,"column":39},"end":{"line":52,"column":48}}]},"2":{"loc":{"start":{"line":52,"column":18},"end":{"line":52,"column":39}},"type":"binary-expr","locations":[{"start":{"line":52,"column":18},"end":{"line":52,"column":39}},{"start":{"line":52,"column":35},"end":{"line":52,"column":39}}]},"3":{"loc":{"start":{"line":52,"column":18},"end":{"line":52,"column":35}},"type":"cond-expr","locations":[{"start":{"line":52,"column":29},"end":{"line":52,"column":31}},{"start":{"line":52,"column":29},"end":{"line":52,"column":35}}]},"4":{"loc":{"start":{"line":52,"column":18},"end":{"line":52,"column":31}},"type":"binary-expr","locations":[{"start":{"line":52,"column":18},"end":{"line":52,"column":31}},{"start":{"line":52,"column":29},"end":{"line":52,"column":31}}]},"5":{"loc":{"start":{"line":52,"column":18},"end":{"line":52,"column":25}},"type":"cond-expr","locations":[{"start":{"line":52,"column":24},"end":{"line":52,"column":25}},{"start":{"line":52,"column":18},"end":{"line":52,"column":25}}]},"6":{"loc":{"start":{"line":52,"column":18},"end":{"line":52,"column":25}},"type":"binary-expr","locations":[{"start":{"line":52,"column":18},"end":{"line":52,"column":29}},{"start":{"line":52,"column":18},"end":{"line":52,"column":25}}]},"7":{"loc":{"start":{"line":53,"column":22},"end":{"line":53,"column":60}},"type":"cond-expr","locations":[{"start":{"line":53,"column":47},"end":{"line":53,"column":51}},{"start":{"line":53,"column":51},"end":{"line":53,"column":60}}]},"8":{"loc":{"start":{"line":53,"column":22},"end":{"line":53,"column":51}},"type":"binary-expr","locations":[{"start":{"line":53,"column":22},"end":{"line":53,"column":51}},{"start":{"line":53,"column":47},"end":{"line":53,"column":51}}]},"9":{"loc":{"start":{"line":53,"column":22},"end":{"line":53,"column":47}},"type":"cond-expr","locations":[{"start":{"line":53,"column":33},"end":{"line":53,"column":35}},{"start":{"line":53,"column":33},"end":{"line":53,"column":47}}]},"10":{"loc":{"start":{"line":53,"column":22},"end":{"line":53,"column":35}},"type":"binary-expr","locations":[{"start":{"line":53,"column":22},"end":{"line":53,"column":35}},{"start":{"line":53,"column":33},"end":{"line":53,"column":35}}]},"11":{"loc":{"start":{"line":53,"column":22},"end":{"line":53,"column":29}},"type":"cond-expr","locations":[{"start":{"line":53,"column":28},"end":{"line":53,"column":29}},{"start":{"line":53,"column":22},"end":{"line":53,"column":29}}]},"12":{"loc":{"start":{"line":53,"column":22},"end":{"line":53,"column":29}},"type":"binary-expr","locations":[{"start":{"line":53,"column":22},"end":{"line":53,"column":33}},{"start":{"line":53,"column":22},"end":{"line":53,"column":29}}]},"13":{"loc":{"start":{"line":57,"column":14},"end":{"line":57,"column":38}},"type":"cond-expr","locations":[{"start":{"line":57,"column":25},"end":{"line":57,"column":29}},{"start":{"line":57,"column":29},"end":{"line":57,"column":38}}]},"14":{"loc":{"start":{"line":57,"column":14},"end":{"line":57,"column":29}},"type":"binary-expr","locations":[{"start":{"line":57,"column":14},"end":{"line":57,"column":29}},{"start":{"line":57,"column":25},"end":{"line":57,"column":29}}]},"15":{"loc":{"start":{"line":57,"column":14},"end":{"line":57,"column":25}},"type":"cond-expr","locations":[{"start":{"line":57,"column":21},"end":{"line":57,"column":25}},{"start":{"line":57,"column":14},"end":{"line":57,"column":25}}]},"16":{"loc":{"start":{"line":57,"column":14},"end":{"line":57,"column":25}},"type":"binary-expr","locations":[{"start":{"line":57,"column":14},"end":{"line":57,"column":25}},{"start":{"line":57,"column":14},"end":{"line":57,"column":25}}]},"17":{"loc":{"start":{"line":58,"column":4},"end":{"line":58,"column":null}},"type":"if","locations":[{"start":{"line":58,"column":4},"end":{"line":58,"column":null}}]},"18":{"loc":{"start":{"line":59,"column":39},"end":{"line":59,"column":91}},"type":"binary-expr","locations":[{"start":{"line":59,"column":39},"end":{"line":59,"column":52}},{"start":{"line":59,"column":57},"end":{"line":59,"column":89}}]},"19":{"loc":{"start":{"line":59,"column":57},"end":{"line":59,"column":89}},"type":"cond-expr","locations":[{"start":{"line":59,"column":67},"end":{"line":59,"column":82}},{"start":{"line":59,"column":85},"end":{"line":59,"column":89}}]},"20":{"loc":{"start":{"line":65,"column":27},"end":{"line":65,"column":75}},"type":"binary-expr","locations":[{"start":{"line":65,"column":27},"end":{"line":65,"column":47}},{"start":{"line":65,"column":51},"end":{"line":65,"column":75}}]},"21":{"loc":{"start":{"line":68,"column":27},"end":{"line":68,"column":73}},"type":"binary-expr","locations":[{"start":{"line":68,"column":27},"end":{"line":68,"column":47}},{"start":{"line":68,"column":51},"end":{"line":68,"column":73}}]},"22":{"loc":{"start":{"line":81,"column":14},"end":{"line":81,"column":38}},"type":"cond-expr","locations":[{"start":{"line":81,"column":25},"end":{"line":81,"column":29}},{"start":{"line":81,"column":29},"end":{"line":81,"column":38}}]},"23":{"loc":{"start":{"line":81,"column":14},"end":{"line":81,"column":29}},"type":"binary-expr","locations":[{"start":{"line":81,"column":14},"end":{"line":81,"column":29}},{"start":{"line":81,"column":25},"end":{"line":81,"column":29}}]},"24":{"loc":{"start":{"line":81,"column":14},"end":{"line":81,"column":25}},"type":"cond-expr","locations":[{"start":{"line":81,"column":21},"end":{"line":81,"column":25}},{"start":{"line":81,"column":14},"end":{"line":81,"column":25}}]},"25":{"loc":{"start":{"line":81,"column":14},"end":{"line":81,"column":25}},"type":"binary-expr","locations":[{"start":{"line":81,"column":14},"end":{"line":81,"column":25}},{"start":{"line":81,"column":14},"end":{"line":81,"column":25}}]},"26":{"loc":{"start":{"line":82,"column":4},"end":{"line":82,"column":null}},"type":"if","locations":[{"start":{"line":82,"column":4},"end":{"line":82,"column":null}}]},"27":{"loc":{"start":{"line":83,"column":11},"end":{"line":83,"column":107}},"type":"cond-expr","locations":[{"start":{"line":83,"column":94},"end":{"line":83,"column":98}},{"start":{"line":83,"column":98},"end":{"line":83,"column":107}}]},"28":{"loc":{"start":{"line":83,"column":11},"end":{"line":83,"column":98}},"type":"binary-expr","locations":[{"start":{"line":83,"column":11},"end":{"line":83,"column":98}},{"start":{"line":83,"column":94},"end":{"line":83,"column":98}}]},"29":{"loc":{"start":{"line":83,"column":11},"end":{"line":83,"column":94}},"type":"cond-expr","locations":[{"start":{"line":83,"column":87},"end":{"line":83,"column":89}},{"start":{"line":83,"column":87},"end":{"line":83,"column":94}}]},"30":{"loc":{"start":{"line":83,"column":11},"end":{"line":83,"column":89}},"type":"binary-expr","locations":[{"start":{"line":83,"column":11},"end":{"line":83,"column":89}},{"start":{"line":83,"column":87},"end":{"line":83,"column":89}}]},"31":{"loc":{"start":{"line":83,"column":34},"end":{"line":83,"column":86}},"type":"binary-expr","locations":[{"start":{"line":83,"column":34},"end":{"line":83,"column":47}},{"start":{"line":83,"column":52},"end":{"line":83,"column":84}}]},"32":{"loc":{"start":{"line":83,"column":52},"end":{"line":83,"column":84}},"type":"cond-expr","locations":[{"start":{"line":83,"column":62},"end":{"line":83,"column":77}},{"start":{"line":83,"column":80},"end":{"line":83,"column":84}}]},"33":{"loc":{"start":{"line":89,"column":4},"end":{"line":93,"column":5}},"type":"if","locations":[{"start":{"line":89,"column":4},"end":{"line":93,"column":5}}]},"34":{"loc":{"start":{"line":90,"column":18},"end":{"line":90,"column":35}},"type":"cond-expr","locations":[{"start":{"line":90,"column":28},"end":{"line":90,"column":30}},{"start":{"line":90,"column":28},"end":{"line":90,"column":35}}]},"35":{"loc":{"start":{"line":90,"column":18},"end":{"line":90,"column":30}},"type":"binary-expr","locations":[{"start":{"line":90,"column":18},"end":{"line":90,"column":30}},{"start":{"line":90,"column":28},"end":{"line":90,"column":30}}]},"36":{"loc":{"start":{"line":90,"column":18},"end":{"line":90,"column":28}},"type":"cond-expr","locations":[{"start":{"line":90,"column":24},"end":{"line":90,"column":28}},{"start":{"line":90,"column":18},"end":{"line":90,"column":28}}]},"37":{"loc":{"start":{"line":90,"column":18},"end":{"line":90,"column":28}},"type":"binary-expr","locations":[{"start":{"line":90,"column":18},"end":{"line":90,"column":28}},{"start":{"line":90,"column":18},"end":{"line":90,"column":28}}]},"38":{"loc":{"start":{"line":91,"column":8},"end":{"line":91,"column":null}},"type":"if","locations":[{"start":{"line":91,"column":8},"end":{"line":91,"column":null}}]},"39":{"loc":{"start":{"line":94,"column":27},"end":{"line":94,"column":75}},"type":"binary-expr","locations":[{"start":{"line":94,"column":27},"end":{"line":94,"column":47}},{"start":{"line":94,"column":51},"end":{"line":94,"column":75}}]},"40":{"loc":{"start":{"line":97,"column":27},"end":{"line":97,"column":73}},"type":"binary-expr","locations":[{"start":{"line":97,"column":27},"end":{"line":97,"column":47}},{"start":{"line":97,"column":51},"end":{"line":97,"column":73}}]},"41":{"loc":{"start":{"line":107,"column":4},"end":{"line":107,"column":null}},"type":"if","locations":[{"start":{"line":107,"column":4},"end":{"line":107,"column":null}}]},"42":{"loc":{"start":{"line":107,"column":7},"end":{"line":107,"column":14}},"type":"cond-expr","locations":[{"start":{"line":107,"column":8},"end":{"line":107,"column":10}},{"start":{"line":107,"column":7},"end":{"line":107,"column":14}}]},"43":{"loc":{"start":{"line":107,"column":7},"end":{"line":107,"column":10}},"type":"binary-expr","locations":[{"start":{"line":107,"column":7},"end":{"line":107,"column":10}},{"start":{"line":107,"column":7},"end":{"line":107,"column":10}}]},"44":{"loc":{"start":{"line":112,"column":4},"end":{"line":112,"column":null}},"type":"if","locations":[{"start":{"line":112,"column":4},"end":{"line":112,"column":null}}]},"45":{"loc":{"start":{"line":112,"column":7},"end":{"line":112,"column":14}},"type":"cond-expr","locations":[{"start":{"line":112,"column":8},"end":{"line":112,"column":10}},{"start":{"line":112,"column":7},"end":{"line":112,"column":14}}]},"46":{"loc":{"start":{"line":112,"column":7},"end":{"line":112,"column":10}},"type":"binary-expr","locations":[{"start":{"line":112,"column":7},"end":{"line":112,"column":10}},{"start":{"line":112,"column":7},"end":{"line":112,"column":10}}]},"47":{"loc":{"start":{"line":115,"column":52},"end":{"line":115,"column":74}},"type":"default-arg","locations":[{"start":{"line":115,"column":70},"end":{"line":115,"column":74}}]},"48":{"loc":{"start":{"line":116,"column":14},"end":{"line":116,"column":38}},"type":"cond-expr","locations":[{"start":{"line":116,"column":25},"end":{"line":116,"column":29}},{"start":{"line":116,"column":29},"end":{"line":116,"column":38}}]},"49":{"loc":{"start":{"line":116,"column":14},"end":{"line":116,"column":29}},"type":"binary-expr","locations":[{"start":{"line":116,"column":14},"end":{"line":116,"column":29}},{"start":{"line":116,"column":25},"end":{"line":116,"column":29}}]},"50":{"loc":{"start":{"line":116,"column":14},"end":{"line":116,"column":25}},"type":"cond-expr","locations":[{"start":{"line":116,"column":21},"end":{"line":116,"column":25}},{"start":{"line":116,"column":14},"end":{"line":116,"column":25}}]},"51":{"loc":{"start":{"line":116,"column":14},"end":{"line":116,"column":25}},"type":"binary-expr","locations":[{"start":{"line":116,"column":14},"end":{"line":116,"column":25}},{"start":{"line":116,"column":14},"end":{"line":116,"column":25}}]},"52":{"loc":{"start":{"line":117,"column":4},"end":{"line":117,"column":null}},"type":"if","locations":[{"start":{"line":117,"column":4},"end":{"line":117,"column":null}}]},"53":{"loc":{"start":{"line":118,"column":4},"end":{"line":118,"column":null}},"type":"if","locations":[{"start":{"line":118,"column":4},"end":{"line":118,"column":null}}]},"54":{"loc":{"start":{"line":119,"column":34},"end":{"line":119,"column":86}},"type":"binary-expr","locations":[{"start":{"line":119,"column":34},"end":{"line":119,"column":47}},{"start":{"line":119,"column":52},"end":{"line":119,"column":84}}]},"55":{"loc":{"start":{"line":119,"column":52},"end":{"line":119,"column":84}},"type":"cond-expr","locations":[{"start":{"line":119,"column":62},"end":{"line":119,"column":77}},{"start":{"line":119,"column":80},"end":{"line":119,"column":84}}]},"56":{"loc":{"start":{"line":123,"column":4},"end":{"line":123,"column":34}},"type":"if","locations":[{"start":{"line":123,"column":4},"end":{"line":123,"column":34}}]},"57":{"loc":{"start":{"line":124,"column":4},"end":{"line":144,"column":5}},"type":"switch","locations":[{"start":{"line":125,"column":8},"end":{"line":127,"column":17}},{"start":{"line":128,"column":8},"end":{"line":130,"column":17}},{"start":{"line":131,"column":8},"end":{"line":131,"column":31}},{"start":{"line":132,"column":8},"end":{"line":134,"column":17}},{"start":{"line":135,"column":8},"end":{"line":137,"column":17}},{"start":{"line":138,"column":8},"end":{"line":140,"column":17}},{"start":{"line":141,"column":8},"end":{"line":143,"column":17}}]},"58":{"loc":{"start":{"line":148,"column":4},"end":{"line":152,"column":5}},"type":"if","locations":[{"start":{"line":148,"column":4},"end":{"line":152,"column":5}},{"start":{"line":150,"column":9},"end":{"line":152,"column":5}}]},"59":{"loc":{"start":{"line":153,"column":4},"end":{"line":153,"column":48}},"type":"cond-expr","locations":[{"start":{"line":153,"column":8},"end":{"line":153,"column":10}},{"start":{"line":153,"column":4},"end":{"line":153,"column":48}}]},"60":{"loc":{"start":{"line":153,"column":4},"end":{"line":153,"column":10}},"type":"binary-expr","locations":[{"start":{"line":153,"column":4},"end":{"line":153,"column":10}},{"start":{"line":153,"column":4},"end":{"line":153,"column":10}}]},"61":{"loc":{"start":{"line":156,"column":4},"end":{"line":159,"column":5}},"type":"if","locations":[{"start":{"line":156,"column":4},"end":{"line":159,"column":5}}]},"62":{"loc":{"start":{"line":161,"column":4},"end":{"line":165,"column":5}},"type":"if","locations":[{"start":{"line":161,"column":4},"end":{"line":165,"column":5}},{"start":{"line":163,"column":9},"end":{"line":165,"column":5}}]},"63":{"loc":{"start":{"line":166,"column":4},"end":{"line":166,"column":47}},"type":"cond-expr","locations":[{"start":{"line":166,"column":8},"end":{"line":166,"column":10}},{"start":{"line":166,"column":4},"end":{"line":166,"column":47}}]},"64":{"loc":{"start":{"line":166,"column":4},"end":{"line":166,"column":10}},"type":"binary-expr","locations":[{"start":{"line":166,"column":4},"end":{"line":166,"column":10}},{"start":{"line":166,"column":4},"end":{"line":166,"column":10}}]},"65":{"loc":{"start":{"line":170,"column":4},"end":{"line":174,"column":5}},"type":"if","locations":[{"start":{"line":170,"column":4},"end":{"line":174,"column":5}},{"start":{"line":172,"column":9},"end":{"line":174,"column":5}}]},"66":{"loc":{"start":{"line":175,"column":4},"end":{"line":175,"column":47}},"type":"cond-expr","locations":[{"start":{"line":175,"column":8},"end":{"line":175,"column":10}},{"start":{"line":175,"column":4},"end":{"line":175,"column":47}}]},"67":{"loc":{"start":{"line":175,"column":4},"end":{"line":175,"column":10}},"type":"binary-expr","locations":[{"start":{"line":175,"column":4},"end":{"line":175,"column":10}},{"start":{"line":175,"column":4},"end":{"line":175,"column":10}}]},"68":{"loc":{"start":{"line":179,"column":4},"end":{"line":183,"column":5}},"type":"if","locations":[{"start":{"line":179,"column":4},"end":{"line":183,"column":5}},{"start":{"line":181,"column":9},"end":{"line":183,"column":5}}]},"69":{"loc":{"start":{"line":184,"column":4},"end":{"line":184,"column":47}},"type":"cond-expr","locations":[{"start":{"line":184,"column":8},"end":{"line":184,"column":10}},{"start":{"line":184,"column":4},"end":{"line":184,"column":47}}]},"70":{"loc":{"start":{"line":184,"column":4},"end":{"line":184,"column":10}},"type":"binary-expr","locations":[{"start":{"line":184,"column":4},"end":{"line":184,"column":10}},{"start":{"line":184,"column":4},"end":{"line":184,"column":10}}]},"71":{"loc":{"start":{"line":188,"column":4},"end":{"line":192,"column":5}},"type":"if","locations":[{"start":{"line":188,"column":4},"end":{"line":192,"column":5}},{"start":{"line":190,"column":9},"end":{"line":192,"column":5}}]},"72":{"loc":{"start":{"line":193,"column":4},"end":{"line":193,"column":47}},"type":"cond-expr","locations":[{"start":{"line":193,"column":8},"end":{"line":193,"column":10}},{"start":{"line":193,"column":4},"end":{"line":193,"column":47}}]},"73":{"loc":{"start":{"line":193,"column":4},"end":{"line":193,"column":10}},"type":"binary-expr","locations":[{"start":{"line":193,"column":4},"end":{"line":193,"column":10}},{"start":{"line":193,"column":4},"end":{"line":193,"column":10}}]},"74":{"loc":{"start":{"line":197,"column":4},"end":{"line":197,"column":34}},"type":"if","locations":[{"start":{"line":197,"column":4},"end":{"line":197,"column":34}}]},"75":{"loc":{"start":{"line":200,"column":4},"end":{"line":200,"column":47}},"type":"cond-expr","locations":[{"start":{"line":200,"column":8},"end":{"line":200,"column":10}},{"start":{"line":200,"column":4},"end":{"line":200,"column":47}}]},"76":{"loc":{"start":{"line":200,"column":4},"end":{"line":200,"column":10}},"type":"binary-expr","locations":[{"start":{"line":200,"column":4},"end":{"line":200,"column":10}},{"start":{"line":200,"column":4},"end":{"line":200,"column":10}}]},"77":{"loc":{"start":{"line":317,"column":18},"end":{"line":317,"column":41}},"type":"cond-expr","locations":[{"start":{"line":317,"column":28},"end":{"line":317,"column":32}},{"start":{"line":317,"column":32},"end":{"line":317,"column":41}}]},"78":{"loc":{"start":{"line":317,"column":18},"end":{"line":317,"column":32}},"type":"binary-expr","locations":[{"start":{"line":317,"column":18},"end":{"line":317,"column":32}},{"start":{"line":317,"column":28},"end":{"line":317,"column":32}}]},"79":{"loc":{"start":{"line":317,"column":18},"end":{"line":317,"column":28}},"type":"cond-expr","locations":[{"start":{"line":317,"column":24},"end":{"line":317,"column":28}},{"start":{"line":317,"column":18},"end":{"line":317,"column":28}}]},"80":{"loc":{"start":{"line":317,"column":18},"end":{"line":317,"column":28}},"type":"binary-expr","locations":[{"start":{"line":317,"column":18},"end":{"line":317,"column":28}},{"start":{"line":317,"column":18},"end":{"line":317,"column":28}}]},"81":{"loc":{"start":{"line":318,"column":8},"end":{"line":323,"column":9}},"type":"if","locations":[{"start":{"line":318,"column":8},"end":{"line":323,"column":9}}]},"82":{"loc":{"start":{"line":321,"column":16},"end":{"line":321,"column":null}},"type":"if","locations":[{"start":{"line":321,"column":16},"end":{"line":321,"column":null}}]},"83":{"loc":{"start":{"line":331,"column":16},"end":{"line":334,"column":17}},"type":"if","locations":[{"start":{"line":331,"column":16},"end":{"line":334,"column":17}}]},"84":{"loc":{"start":{"line":331,"column":19},"end":{"line":331,"column":43}},"type":"binary-expr","locations":[{"start":{"line":331,"column":19},"end":{"line":331,"column":31}},{"start":{"line":331,"column":35},"end":{"line":331,"column":43}}]},"85":{"loc":{"start":{"line":358,"column":16},"end":{"line":361,"column":17}},"type":"if","locations":[{"start":{"line":358,"column":16},"end":{"line":361,"column":17}}]},"86":{"loc":{"start":{"line":358,"column":19},"end":{"line":358,"column":43}},"type":"binary-expr","locations":[{"start":{"line":358,"column":19},"end":{"line":358,"column":31}},{"start":{"line":358,"column":35},"end":{"line":358,"column":43}}]},"87":{"loc":{"start":{"line":367,"column":29},"end":{"line":367,"column":68}},"type":"default-arg","locations":[{"start":{"line":367,"column":51},"end":{"line":367,"column":68}}]},"88":{"loc":{"start":{"line":369,"column":8},"end":{"line":369,"column":null}},"type":"if","locations":[{"start":{"line":369,"column":8},"end":{"line":369,"column":null}}]},"89":{"loc":{"start":{"line":370,"column":8},"end":{"line":370,"column":null}},"type":"if","locations":[{"start":{"line":370,"column":8},"end":{"line":370,"column":null}}]},"90":{"loc":{"start":{"line":371,"column":8},"end":{"line":371,"column":null}},"type":"if","locations":[{"start":{"line":371,"column":8},"end":{"line":371,"column":null}}]},"91":{"loc":{"start":{"line":372,"column":8},"end":{"line":381,"column":9}},"type":"if","locations":[{"start":{"line":372,"column":8},"end":{"line":381,"column":9}}]},"92":{"loc":{"start":{"line":373,"column":12},"end":{"line":380,"column":13}},"type":"if","locations":[{"start":{"line":373,"column":12},"end":{"line":380,"column":13}},{"start":{"line":378,"column":17},"end":{"line":380,"column":13}}]},"93":{"loc":{"start":{"line":382,"column":8},"end":{"line":382,"column":null}},"type":"if","locations":[{"start":{"line":382,"column":8},"end":{"line":382,"column":null}}]},"94":{"loc":{"start":{"line":387,"column":28},"end":{"line":387,"column":52}},"type":"cond-expr","locations":[{"start":{"line":387,"column":34},"end":{"line":387,"column":37}},{"start":{"line":387,"column":40},"end":{"line":387,"column":52}}]},"95":{"loc":{"start":{"line":428,"column":8},"end":{"line":432,"column":9}},"type":"if","locations":[{"start":{"line":428,"column":8},"end":{"line":432,"column":9}},{"start":{"line":430,"column":13},"end":{"line":432,"column":9}}]},"96":{"loc":{"start":{"line":442,"column":8},"end":{"line":442,"column":50}},"type":"cond-expr","locations":[{"start":{"line":442,"column":16},"end":{"line":442,"column":18}},{"start":{"line":442,"column":8},"end":{"line":442,"column":50}}]},"97":{"loc":{"start":{"line":442,"column":8},"end":{"line":442,"column":18}},"type":"binary-expr","locations":[{"start":{"line":442,"column":8},"end":{"line":442,"column":18}},{"start":{"line":442,"column":8},"end":{"line":442,"column":18}}]},"98":{"loc":{"start":{"line":447,"column":15},"end":{"line":451,"column":10}},"type":"cond-expr","locations":[{"start":{"line":447,"column":23},"end":{"line":447,"column":25}},{"start":{"line":447,"column":15},"end":{"line":451,"column":10}}]},"99":{"loc":{"start":{"line":447,"column":15},"end":{"line":447,"column":25}},"type":"binary-expr","locations":[{"start":{"line":447,"column":15},"end":{"line":447,"column":25}},{"start":{"line":447,"column":15},"end":{"line":447,"column":25}}]},"100":{"loc":{"start":{"line":456,"column":19},"end":{"line":456,"column":73}},"type":"cond-expr","locations":[{"start":{"line":456,"column":49},"end":{"line":456,"column":56}},{"start":{"line":456,"column":59},"end":{"line":456,"column":73}}]},"101":{"loc":{"start":{"line":457,"column":8},"end":{"line":457,"column":45}},"type":"cond-expr","locations":[{"start":{"line":457,"column":16},"end":{"line":457,"column":18}},{"start":{"line":457,"column":8},"end":{"line":457,"column":45}}]},"102":{"loc":{"start":{"line":457,"column":8},"end":{"line":457,"column":18}},"type":"binary-expr","locations":[{"start":{"line":457,"column":8},"end":{"line":457,"column":18}},{"start":{"line":457,"column":8},"end":{"line":457,"column":18}}]},"103":{"loc":{"start":{"line":463,"column":19},"end":{"line":463,"column":73}},"type":"cond-expr","locations":[{"start":{"line":463,"column":49},"end":{"line":463,"column":56}},{"start":{"line":463,"column":59},"end":{"line":463,"column":73}}]},"104":{"loc":{"start":{"line":464,"column":15},"end":{"line":468,"column":10}},"type":"cond-expr","locations":[{"start":{"line":464,"column":23},"end":{"line":464,"column":25}},{"start":{"line":464,"column":15},"end":{"line":468,"column":10}}]},"105":{"loc":{"start":{"line":464,"column":15},"end":{"line":464,"column":25}},"type":"binary-expr","locations":[{"start":{"line":464,"column":15},"end":{"line":464,"column":25}},{"start":{"line":464,"column":15},"end":{"line":464,"column":25}}]},"106":{"loc":{"start":{"line":471,"column":8},"end":{"line":471,"column":46}},"type":"cond-expr","locations":[{"start":{"line":471,"column":16},"end":{"line":471,"column":18}},{"start":{"line":471,"column":8},"end":{"line":471,"column":46}}]},"107":{"loc":{"start":{"line":471,"column":8},"end":{"line":471,"column":18}},"type":"binary-expr","locations":[{"start":{"line":471,"column":8},"end":{"line":471,"column":18}},{"start":{"line":471,"column":8},"end":{"line":471,"column":18}}]},"108":{"loc":{"start":{"line":474,"column":8},"end":{"line":474,"column":45}},"type":"cond-expr","locations":[{"start":{"line":474,"column":16},"end":{"line":474,"column":18}},{"start":{"line":474,"column":8},"end":{"line":474,"column":45}}]},"109":{"loc":{"start":{"line":474,"column":8},"end":{"line":474,"column":18}},"type":"binary-expr","locations":[{"start":{"line":474,"column":8},"end":{"line":474,"column":18}},{"start":{"line":474,"column":8},"end":{"line":474,"column":18}}]},"110":{"loc":{"start":{"line":477,"column":8},"end":{"line":477,"column":42}},"type":"cond-expr","locations":[{"start":{"line":477,"column":16},"end":{"line":477,"column":18}},{"start":{"line":477,"column":8},"end":{"line":477,"column":42}}]},"111":{"loc":{"start":{"line":477,"column":8},"end":{"line":477,"column":18}},"type":"binary-expr","locations":[{"start":{"line":477,"column":8},"end":{"line":477,"column":18}},{"start":{"line":477,"column":8},"end":{"line":477,"column":18}}]},"112":{"loc":{"start":{"line":480,"column":8},"end":{"line":480,"column":41}},"type":"cond-expr","locations":[{"start":{"line":480,"column":16},"end":{"line":480,"column":18}},{"start":{"line":480,"column":8},"end":{"line":480,"column":41}}]},"113":{"loc":{"start":{"line":480,"column":8},"end":{"line":480,"column":18}},"type":"binary-expr","locations":[{"start":{"line":480,"column":8},"end":{"line":480,"column":18}},{"start":{"line":480,"column":8},"end":{"line":480,"column":18}}]},"114":{"loc":{"start":{"line":483,"column":15},"end":{"line":483,"column":51}},"type":"cond-expr","locations":[{"start":{"line":483,"column":23},"end":{"line":483,"column":25}},{"start":{"line":483,"column":15},"end":{"line":483,"column":51}}]},"115":{"loc":{"start":{"line":483,"column":15},"end":{"line":483,"column":25}},"type":"binary-expr","locations":[{"start":{"line":483,"column":15},"end":{"line":483,"column":25}},{"start":{"line":483,"column":15},"end":{"line":483,"column":25}}]},"116":{"loc":{"start":{"line":486,"column":15},"end":{"line":486,"column":55}},"type":"cond-expr","locations":[{"start":{"line":486,"column":46},"end":{"line":486,"column":50}},{"start":{"line":486,"column":50},"end":{"line":486,"column":55}}]},"117":{"loc":{"start":{"line":486,"column":15},"end":{"line":486,"column":50}},"type":"binary-expr","locations":[{"start":{"line":486,"column":15},"end":{"line":486,"column":50}},{"start":{"line":486,"column":46},"end":{"line":486,"column":50}}]},"118":{"loc":{"start":{"line":486,"column":15},"end":{"line":486,"column":46}},"type":"cond-expr","locations":[{"start":{"line":486,"column":23},"end":{"line":486,"column":25}},{"start":{"line":486,"column":15},"end":{"line":486,"column":46}}]},"119":{"loc":{"start":{"line":486,"column":15},"end":{"line":486,"column":25}},"type":"binary-expr","locations":[{"start":{"line":486,"column":15},"end":{"line":486,"column":25}},{"start":{"line":486,"column":15},"end":{"line":486,"column":25}}]},"120":{"loc":{"start":{"line":489,"column":15},"end":{"line":489,"column":47}},"type":"cond-expr","locations":[{"start":{"line":489,"column":23},"end":{"line":489,"column":25}},{"start":{"line":489,"column":15},"end":{"line":489,"column":47}}]},"121":{"loc":{"start":{"line":489,"column":15},"end":{"line":489,"column":25}},"type":"binary-expr","locations":[{"start":{"line":489,"column":15},"end":{"line":489,"column":25}},{"start":{"line":489,"column":15},"end":{"line":489,"column":25}}]},"122":{"loc":{"start":{"line":492,"column":15},"end":{"line":492,"column":46}},"type":"cond-expr","locations":[{"start":{"line":492,"column":23},"end":{"line":492,"column":25}},{"start":{"line":492,"column":15},"end":{"line":492,"column":46}}]},"123":{"loc":{"start":{"line":492,"column":15},"end":{"line":492,"column":25}},"type":"binary-expr","locations":[{"start":{"line":492,"column":15},"end":{"line":492,"column":25}},{"start":{"line":492,"column":15},"end":{"line":492,"column":25}}]},"124":{"loc":{"start":{"line":495,"column":8},"end":{"line":495,"column":41}},"type":"cond-expr","locations":[{"start":{"line":495,"column":16},"end":{"line":495,"column":18}},{"start":{"line":495,"column":8},"end":{"line":495,"column":41}}]},"125":{"loc":{"start":{"line":495,"column":8},"end":{"line":495,"column":18}},"type":"binary-expr","locations":[{"start":{"line":495,"column":8},"end":{"line":495,"column":18}},{"start":{"line":495,"column":8},"end":{"line":495,"column":18}}]},"126":{"loc":{"start":{"line":498,"column":8},"end":{"line":498,"column":54}},"type":"cond-expr","locations":[{"start":{"line":498,"column":16},"end":{"line":498,"column":18}},{"start":{"line":498,"column":8},"end":{"line":498,"column":54}}]},"127":{"loc":{"start":{"line":498,"column":8},"end":{"line":498,"column":18}},"type":"binary-expr","locations":[{"start":{"line":498,"column":8},"end":{"line":498,"column":18}},{"start":{"line":498,"column":8},"end":{"line":498,"column":18}}]},"128":{"loc":{"start":{"line":501,"column":15},"end":{"line":501,"column":47}},"type":"cond-expr","locations":[{"start":{"line":501,"column":23},"end":{"line":501,"column":25}},{"start":{"line":501,"column":15},"end":{"line":501,"column":47}}]},"129":{"loc":{"start":{"line":501,"column":15},"end":{"line":501,"column":25}},"type":"binary-expr","locations":[{"start":{"line":501,"column":15},"end":{"line":501,"column":25}},{"start":{"line":501,"column":15},"end":{"line":501,"column":25}}]}},"s":{"0":2,"1":2,"2":2,"3":2,"4":2,"5":15,"6":15,"7":15,"8":15,"9":15,"10":15,"11":15,"12":180,"13":15,"14":15,"15":2,"16":2,"17":2,"18":2,"19":2,"20":2,"21":2,"22":0,"23":2,"24":0,"25":7,"26":7,"27":0,"28":7,"29":25,"30":2,"31":1,"32":3,"33":2,"34":2,"35":1,"36":0,"37":0,"38":0,"39":0,"40":0,"41":0,"42":8,"43":8,"44":0,"45":8,"46":27,"47":2,"48":1,"49":4,"50":0,"51":0,"52":0,"53":0,"54":4,"55":3,"56":2,"57":1,"58":0,"59":0,"60":0,"61":0,"62":0,"63":0,"64":0,"65":0,"66":0,"67":0,"68":0,"69":0,"70":0,"71":0,"72":0,"73":0,"74":0,"75":0,"76":0,"77":0,"78":0,"79":0,"80":0,"81":0,"82":0,"83":0,"84":0,"85":0,"86":0,"87":0,"88":0,"89":0,"90":0,"91":0,"92":0,"93":0,"94":0,"95":0,"96":0,"97":0,"98":0,"99":0,"100":0,"101":0,"102":0,"103":0,"104":0,"105":0,"106":0,"107":0,"108":0,"109":0,"110":0,"111":0,"112":0,"113":0,"114":0,"115":0,"116":0,"117":0,"118":0,"119":0,"120":0,"121":0,"122":0,"123":0,"124":0,"125":0,"126":0,"127":0,"128":0,"129":0,"130":0,"131":0,"132":0,"133":0,"134":3,"135":15,"136":15,"137":15,"138":15,"139":15,"140":15,"141":15,"142":0,"143":0,"144":0,"145":0,"146":0,"147":15,"148":15,"149":15,"150":15,"151":15,"152":15,"153":60,"154":15,"155":15,"156":60,"157":3,"158":0,"159":0,"160":0,"161":0,"162":0,"163":0,"164":0,"165":0,"166":0,"167":0,"168":0,"169":0,"170":0,"171":0,"172":0,"173":3,"174":3,"175":3,"176":3,"177":3,"178":3,"179":0,"180":0,"181":3,"182":15,"183":15,"184":15,"185":15,"186":15,"187":15,"188":15,"189":15,"190":15,"191":0,"192":0,"193":0,"194":15,"195":15,"196":15,"197":15,"198":15,"199":0,"200":0,"201":0,"202":0,"203":0,"204":0,"205":0,"206":0,"207":0,"208":0,"209":0,"210":0,"211":0,"212":0,"213":0,"214":0,"215":0,"216":0,"217":0,"218":0,"219":0,"220":0,"221":0,"222":0,"223":0,"224":0,"225":0,"226":0,"227":0,"228":0,"229":0,"230":0,"231":0,"232":0,"233":0,"234":0,"235":0,"236":0,"237":0,"238":0,"239":0,"240":0,"241":0,"242":2,"243":2,"244":3,"245":3,"246":3,"247":3,"248":3,"249":3,"250":3},"f":{"0":15,"1":180,"2":0,"3":0,"4":7,"5":25,"6":2,"7":1,"8":3,"9":2,"10":2,"11":1,"12":0,"13":0,"14":0,"15":0,"16":0,"17":0,"18":8,"19":27,"20":2,"21":1,"22":4,"23":3,"24":2,"25":1,"26":0,"27":0,"28":0,"29":0,"30":0,"31":0,"32":0,"33":0,"34":0,"35":0,"36":0,"37":0,"38":0,"39":0,"40":0,"41":0,"42":0,"43":0,"44":0,"45":0,"46":0,"47":0,"48":0,"49":3,"50":15,"51":0,"52":0,"53":15,"54":60,"55":0,"56":0,"57":0,"58":0,"59":0,"60":15,"61":0,"62":0,"63":0,"64":0,"65":0,"66":0,"67":0,"68":0,"69":0,"70":0,"71":0,"72":0,"73":0,"74":0,"75":0,"76":0,"77":0,"78":0,"79":0,"80":0,"81":0,"82":0,"83":0,"84":0,"85":0,"86":0,"87":0,"88":0,"89":0,"90":0,"91":0,"92":0,"93":0,"94":3},"b":{"0":[15],"1":[0,0],"2":[0,0],"3":[0,0],"4":[0,0],"5":[0,0],"6":[0,0],"7":[0,0],"8":[0,0],"9":[0,0],"10":[0,0],"11":[0,0],"12":[0,0],"13":[7,0],"14":[7,7],"15":[0,7],"16":[7,7],"17":[0],"18":[25,4],"19":[4,0],"20":[2,0],"21":[1,0],"22":[8,0],"23":[8,8],"24":[0,8],"25":[8,8],"26":[0],"27":[5,3],"28":[8,8],"29":[3,5],"30":[8,8],"31":[27,5],"32":[5,0],"33":[0],"34":[0,0],"35":[0,0],"36":[0,0],"37":[0,0],"38":[0],"39":[3,0],"40":[1,0],"41":[0],"42":[0,0],"43":[0,0],"44":[0],"45":[0,0],"46":[0,0],"47":[0],"48":[0,0],"49":[0,0],"50":[0,0],"51":[0,0],"52":[0],"53":[0],"54":[0,0],"55":[0,0],"56":[0],"57":[0,0,0,0,0,0,0],"58":[0,0],"59":[0,0],"60":[0,0],"61":[0],"62":[0,0],"63":[0,0],"64":[0,0],"65":[0,0],"66":[0,0],"67":[0,0],"68":[0,0],"69":[0,0],"70":[0,0],"71":[0,0],"72":[0,0],"73":[0,0],"74":[0],"75":[0,0],"76":[0,0],"77":[0,15],"78":[15,15],"79":[0,15],"80":[15,15],"81":[0],"82":[0],"83":[15],"84":[60,60],"85":[0],"86":[0,0],"87":[0],"88":[15],"89":[15],"90":[15],"91":[15],"92":[0,15],"93":[15],"94":[0,15],"95":[0,0],"96":[0,0],"97":[0,0],"98":[0,0],"99":[0,0],"100":[0,0],"101":[0,0],"102":[0,0],"103":[0,0],"104":[0,0],"105":[0,0],"106":[0,0],"107":[0,0],"108":[0,0],"109":[0,0],"110":[0,0],"111":[0,0],"112":[0,0],"113":[0,0],"114":[0,0],"115":[0,0],"116":[0,0],"117":[0,0],"118":[0,0],"119":[0,0],"120":[0,0],"121":[0,0],"122":[0,0],"123":[0,0],"124":[0,0],"125":[0,0],"126":[0,0],"127":[0,0],"128":[0,0],"129":[0,0]}}
,"/media/zhuelly/Project/Developer/Funique/Verteilen/Verteilen/src/share/client/job_execute.ts": {"path":"/media/zhuelly/Project/Developer/Funique/Verteilen/Verteilen/src/share/client/job_execute.ts","statementMap":{"0":{"start":{"line":7,"column":0},"end":{"line":7,"column":170}},"1":{"start":{"line":8,"column":0},"end":{"line":8,"column":39}},"2":{"start":{"line":9,"column":0},"end":{"line":9,"column":48}},"3":{"start":{"line":10,"column":0},"end":{"line":10,"column":53}},"4":{"start":{"line":11,"column":0},"end":{"line":11,"column":32}},"5":{"start":{"line":65,"column":4},"end":{"line":70,"column":null}},"6":{"start":{"line":67,"column":8},"end":{"line":67,"column":null}},"7":{"start":{"line":68,"column":22},"end":{"line":68,"column":114}},"8":{"start":{"line":69,"column":8},"end":{"line":69,"column":null}},"9":{"start":{"line":72,"column":4},"end":{"line":74,"column":null}},"10":{"start":{"line":73,"column":8},"end":{"line":73,"column":null}},"11":{"start":{"line":81,"column":12},"end":{"line":177,"column":null}},"12":{"start":{"line":82,"column":8},"end":{"line":176,"column":null}},"13":{"start":{"line":82,"column":61},"end":{"line":176,"column":10}},"14":{"start":{"line":83,"column":12},"end":{"line":175,"column":13}},"15":{"start":{"line":86,"column":45},"end":{"line":86,"column":107}},"16":{"start":{"line":87,"column":24},"end":{"line":87,"column":null}},"17":{"start":{"line":88,"column":24},"end":{"line":88,"column":null}},"18":{"start":{"line":89,"column":24},"end":{"line":89,"column":29}},"19":{"start":{"line":93,"column":45},"end":{"line":93,"column":107}},"20":{"start":{"line":94,"column":24},"end":{"line":94,"column":null}},"21":{"start":{"line":95,"column":24},"end":{"line":95,"column":null}},"22":{"start":{"line":96,"column":24},"end":{"line":96,"column":29}},"23":{"start":{"line":100,"column":45},"end":{"line":100,"column":78}},"24":{"start":{"line":101,"column":24},"end":{"line":101,"column":null}},"25":{"start":{"line":102,"column":24},"end":{"line":102,"column":null}},"26":{"start":{"line":103,"column":24},"end":{"line":103,"column":29}},"27":{"start":{"line":107,"column":45},"end":{"line":107,"column":78}},"28":{"start":{"line":108,"column":24},"end":{"line":108,"column":null}},"29":{"start":{"line":109,"column":24},"end":{"line":109,"column":null}},"30":{"start":{"line":110,"column":24},"end":{"line":110,"column":29}},"31":{"start":{"line":114,"column":45},"end":{"line":114,"column":78}},"32":{"start":{"line":115,"column":24},"end":{"line":115,"column":null}},"33":{"start":{"line":116,"column":24},"end":{"line":116,"column":null}},"34":{"start":{"line":117,"column":24},"end":{"line":117,"column":29}},"35":{"start":{"line":121,"column":45},"end":{"line":121,"column":107}},"36":{"start":{"line":122,"column":24},"end":{"line":122,"column":null}},"37":{"start":{"line":123,"column":24},"end":{"line":123,"column":null}},"38":{"start":{"line":124,"column":24},"end":{"line":124,"column":29}},"39":{"start":{"line":128,"column":45},"end":{"line":128,"column":107}},"40":{"start":{"line":129,"column":24},"end":{"line":129,"column":null}},"41":{"start":{"line":130,"column":24},"end":{"line":130,"column":null}},"42":{"start":{"line":131,"column":24},"end":{"line":131,"column":29}},"43":{"start":{"line":135,"column":24},"end":{"line":139,"column":null}},"44":{"start":{"line":136,"column":28},"end":{"line":136,"column":null}},"45":{"start":{"line":138,"column":28},"end":{"line":138,"column":null}},"46":{"start":{"line":140,"column":24},"end":{"line":140,"column":29}},"47":{"start":{"line":144,"column":24},"end":{"line":148,"column":null}},"48":{"start":{"line":145,"column":28},"end":{"line":145,"column":null}},"49":{"start":{"line":147,"column":28},"end":{"line":147,"column":null}},"50":{"start":{"line":149,"column":24},"end":{"line":149,"column":29}},"51":{"start":{"line":153,"column":39},"end":{"line":153,"column":103}},"52":{"start":{"line":153,"column":69},"end":{"line":153,"column":102}},"53":{"start":{"line":154,"column":24},"end":{"line":157,"column":25}},"54":{"start":{"line":155,"column":28},"end":{"line":155,"column":null}},"55":{"start":{"line":156,"column":28},"end":{"line":156,"column":34}},"56":{"start":{"line":159,"column":43},"end":{"line":159,"column":126}},"57":{"start":{"line":159,"column":69},"end":{"line":159,"column":125}},"58":{"start":{"line":160,"column":24},"end":{"line":166,"column":25}},"59":{"start":{"line":161,"column":28},"end":{"line":164,"column":null}},"60":{"start":{"line":165,"column":28},"end":{"line":165,"column":34}},"61":{"start":{"line":168,"column":24},"end":{"line":172,"column":null}},"62":{"start":{"line":169,"column":28},"end":{"line":169,"column":null}},"63":{"start":{"line":171,"column":28},"end":{"line":171,"column":null}},"64":{"start":{"line":173,"column":24},"end":{"line":173,"column":29}},"65":{"start":{"line":184,"column":12},"end":{"line":215,"column":null}},"66":{"start":{"line":185,"column":8},"end":{"line":214,"column":null}},"67":{"start":{"line":185,"column":61},"end":{"line":214,"column":10}},"68":{"start":{"line":186,"column":12},"end":{"line":213,"column":13}},"69":{"start":{"line":189,"column":45},"end":{"line":189,"column":78}},"70":{"start":{"line":190,"column":24},"end":{"line":197,"column":25}},"71":{"start":{"line":191,"column":28},"end":{"line":191,"column":null}},"72":{"start":{"line":193,"column":28},"end":{"line":196,"column":null}},"73":{"start":{"line":198,"column":24},"end":{"line":198,"column":29}},"74":{"start":{"line":202,"column":34},"end":{"line":202,"column":119}},"75":{"start":{"line":203,"column":24},"end":{"line":210,"column":25}},"76":{"start":{"line":204,"column":28},"end":{"line":204,"column":null}},"77":{"start":{"line":206,"column":28},"end":{"line":209,"column":null}},"78":{"start":{"line":211,"column":24},"end":{"line":211,"column":29}},"79":{"start":{"line":42,"column":8},"end":{"line":42,"column":null}},"80":{"start":{"line":43,"column":8},"end":{"line":43,"column":null}},"81":{"start":{"line":44,"column":8},"end":{"line":44,"column":null}},"82":{"start":{"line":45,"column":8},"end":{"line":45,"column":null}},"83":{"start":{"line":46,"column":8},"end":{"line":46,"column":null}},"84":{"start":{"line":47,"column":8},"end":{"line":47,"column":null}},"85":{"start":{"line":48,"column":8},"end":{"line":48,"column":null}},"86":{"start":{"line":49,"column":8},"end":{"line":49,"column":null}},"87":{"start":{"line":49,"column":37},"end":{"line":49,"column":45}},"88":{"start":{"line":49,"column":53},"end":{"line":49,"column":80}},"89":{"start":{"line":50,"column":8},"end":{"line":50,"column":null}},"90":{"start":{"line":50,"column":79},"end":{"line":50,"column":87}},"91":{"start":{"line":51,"column":8},"end":{"line":51,"column":null}},"92":{"start":{"line":52,"column":8},"end":{"line":52,"column":null}},"93":{"start":{"line":54,"column":8},"end":{"line":58,"column":null}},"94":{"start":{"line":55,"column":18},"end":{"line":55,"column":32}},"95":{"start":{"line":56,"column":18},"end":{"line":56,"column":32}},"96":{"start":{"line":57,"column":18},"end":{"line":57,"column":26}},"97":{"start":{"line":17,"column":0},"end":{"line":17,"column":13}}},"fnMap":{"0":{"name":"(anonymous_7)","decl":{"start":{"line":41,"column":4},"end":{"line":41,"column":16}},"loc":{"start":{"line":41,"column":123},"end":{"line":59,"column":5}}},"1":{"name":"(anonymous_8)","decl":{"start":{"line":65,"column":14},"end":{"line":65,"column":17}},"loc":{"start":{"line":65,"column":19},"end":{"line":70,"column":5}}},"2":{"name":"(anonymous_9)","decl":{"start":{"line":72,"column":15},"end":{"line":72,"column":18}},"loc":{"start":{"line":72,"column":20},"end":{"line":74,"column":5}}},"3":{"name":"(anonymous_10)","decl":{"start":{"line":81,"column":30},"end":{"line":81,"column":33}},"loc":{"start":{"line":81,"column":35},"end":{"line":177,"column":5}}},"4":{"name":"(anonymous_11)","decl":{"start":{"line":82,"column":35},"end":{"line":82,"column":42}},"loc":{"start":{"line":82,"column":61},"end":{"line":176,"column":10}}},"5":{"name":"(anonymous_12)","decl":{"start":{"line":82,"column":61},"end":{"line":82,"column":null}},"loc":{"start":{"line":82,"column":61},"end":{"line":176,"column":9}}},"6":{"name":"(anonymous_13)","decl":{"start":{"line":135,"column":115},"end":{"line":135,"column":118}},"loc":{"start":{"line":135,"column":120},"end":{"line":137,"column":25}}},"7":{"name":"(anonymous_14)","decl":{"start":{"line":137,"column":33},"end":{"line":137,"column":34}},"loc":{"start":{"line":137,"column":37},"end":{"line":139,"column":25}}},"8":{"name":"(anonymous_15)","decl":{"start":{"line":144,"column":120},"end":{"line":144,"column":121}},"loc":{"start":{"line":144,"column":124},"end":{"line":146,"column":25}}},"9":{"name":"(anonymous_16)","decl":{"start":{"line":146,"column":33},"end":{"line":146,"column":36}},"loc":{"start":{"line":146,"column":39},"end":{"line":148,"column":25}}},"10":{"name":"(anonymous_17)","decl":{"start":{"line":153,"column":64},"end":{"line":153,"column":65}},"loc":{"start":{"line":153,"column":69},"end":{"line":153,"column":102}}},"11":{"name":"(anonymous_18)","decl":{"start":{"line":159,"column":64},"end":{"line":159,"column":65}},"loc":{"start":{"line":159,"column":69},"end":{"line":159,"column":125}}},"12":{"name":"(anonymous_19)","decl":{"start":{"line":168,"column":95},"end":{"line":168,"co
[...]
,"/media/zhuelly/Project/Developer/Funique/Verteilen/Verteilen/src/share/script/execute/util_parser.ts": {"path":"/media/zhuelly/Project/Developer/Funique/Verteilen/Verteilen/src/share/script/execute/util_parser.ts","statementMap":{"0":{"start":{"line":6,"column":0},"end":{"line":6,"column":49}},"1":{"start":{"line":7,"column":0},"end":{"line":7,"column":117}},"2":{"start":{"line":17,"column":8},"end":{"line":17,"column":null}},"3":{"start":{"line":15,"column":4},"end":{"line":15,"column":null}},"4":{"start":{"line":24,"column":4},"end":{"line":27,"column":null}},"5":{"start":{"line":25,"column":34},"end":{"line":25,"column":72}},"6":{"start":{"line":26,"column":8},"end":{"line":26,"column":null}},"7":{"start":{"line":115,"column":4},"end":{"line":143,"column":null}},"8":{"start":{"line":116,"column":21},"end":{"line":116,"column":23}},"9":{"start":{"line":117,"column":20},"end":{"line":117,"column":22}},"10":{"start":{"line":118,"column":28},"end":{"line":118,"column":33}},"11":{"start":{"line":119,"column":28},"end":{"line":119,"column":30}},"12":{"start":{"line":120,"column":21},"end":{"line":120,"column":26}},"13":{"start":{"line":121,"column":8},"end":{"line":141,"column":9}},"14":{"start":{"line":122,"column":12},"end":{"line":125,"column":null}},"15":{"start":{"line":122,"column":54},"end":{"line":122,"column":null}},"16":{"start":{"line":123,"column":17},"end":{"line":125,"column":null}},"17":{"start":{"line":123,"column":33},"end":{"line":123,"column":null}},"18":{"start":{"line":124,"column":17},"end":{"line":125,"column":null}},"19":{"start":{"line":124,"column":33},"end":{"line":124,"column":null}},"20":{"start":{"line":125,"column":17},"end":{"line":125,"column":null}},"21":{"start":{"line":125,"column":33},"end":{"line":125,"column":null}},"22":{"start":{"line":126,"column":12},"end":{"line":137,"column":13}},"23":{"start":{"line":127,"column":16},"end":{"line":127,"column":null}},"24":{"start":{"line":128,"column":16},"end":{"line":136,"column":17}},"25":{"start":{"line":129,"column":20},"end":{"line":133,"column":21}},"26":{"start":{"line":130,"column":24},"end":{"line":130,"column":null}},"27":{"start":{"line":132,"column":24},"end":{"line":132,"column":null}},"28":{"start":{"line":134,"column":20},"end":{"line":134,"column":null}},"29":{"start":{"line":135,"column":20},"end":{"line":135,"column":null}},"30":{"start":{"line":138,"column":12},"end":{"line":138,"column":null}},"31":{"start":{"line":138,"column":55},"end":{"line":138,"column":null}},"32":{"start":{"line":139,"column":12},"end":{"line":139,"column":null}},"33":{"start":{"line":139,"column":61},"end":{"line":139,"column":null}},"34":{"start":{"line":140,"column":12},"end":{"line":140,"column":null}},"35":{"start":{"line":140,"column":62},"end":{"line":140,"column":null}},"36":{"start":{"line":142,"column":8},"end":{"line":142,"column":null}},"37":{"start":{"line":151,"column":4},"end":{"line":168,"column":null}},"38":{"start":{"line":152,"column":8},"end":{"line":152,"column":null}},"39":{"start":{"line":153,"column":23},"end":{"line":165,"column":10}},"40":{"start":{"line":154,"column":12},"end":{"line":157,"column":13}},"41":{"start":{"line":155,"column":30},"end":{"line":155,"column":70}},"42":{"start":{"line":155,"column":56},"end":{"line":155,"column":69}},"43":{"start":{"line":156,"column":16},"end":{"line":156,"column":null}},"44":{"start":{"line":156,"column":32},"end":{"line":156,"column":null}},"45":{"start":{"line":158,"column":26},"end":{"line":158,"column":66}},"46":{"start":{"line":158,"column":52},"end":{"line":158,"column":65}},"47":{"start":{"line":159,"column":12},"end":{"line":164,"column":null}},"48":{"start":{"line":160,"column":26},"end":{"line":160,"column":57}},"49":{"start":{"line":161,"column":16},"end":{"line":161,"column":null}},"50":{"start":{"line":161,"column":36},"end":{"line":161,"column":null}},"51":{"start":{"line":162,"column":16},"end":{"line":162,"column":null}},"52":{"start":{"line":164,"column":17},"end":{"line":164,"column":null}},"53":{"start":{"line":166,"column":18},"end":{"line":166,"column":58}},"54":{"start":{"line":167,"column":8},"end":{"line":167,"column":null}},"55":{"start":{"line":170,"column":12},"end":{"line":174,"column":null}},"56":{"start":{"line":171,"column":22},"end":{"line":171,"column":63}},"57":{"start":{"line":171,"column":48},"end":{"line":171,"column":62}},"58":{"start":{"line":172,"column":8},"end":{"line":172,"column":null}},"59":{"start":{"line":172,"column":24},"end":{"line":172,"column":null}},"60":{"start":{"line":173,"column":8},"end":{"line":173,"column":null}},"61":{"start":{"line":21,"column":8},"end":{"line":21,"column":null}},"62":{"start":{"line":13,"column":0},"end":{"line":13,"column":13}},"63":{"start":{"line":35,"column":11},"end":{"line":35,"column":25}},"64":{"start":{"line":36,"column":8},"end":{"line":38,"column":null}},"65":{"start":{"line":47,"column":19},"end":{"line":47,"column":33}},"66":{"start":{"line":48,"column":40},"end":{"line":48,"column":42}},"67":{"start":{"line":49,"column":8},"end":{"line":62,"column":9}},"68":{"start":{"line":50,"column":12},"end":{"line":50,"column":65}},"69":{"start":{"line":51,"column":12},"end":{"line":61,"column":13}},"70":{"start":{"line":52,"column":16},"end":{"line":56,"column":17}},"71":{"start":{"line":53,"column":20},"end":{"line":55,"column":21}},"72":{"start":{"line":54,"column":24},"end":{"line":54,"column":111}},"73":{"start":{"line":57,"column":30},"end":{"line":57,"column":56}},"74":{"start":{"line":58,"column":16},"end":{"line":60,"column":20}},"75":{"start":{"line":59,"column":20},"end":{"line":59,"column":106}},"76":{"start":{"line":63,"column":8},"end":{"line":63,"column":null}},"77":{"start":{"line":69,"column":11},"end":{"line":69,"column":26}},"78":{"start":{"line":70,"column":34},"end":{"line":70,"column":36}},"79":{"start":{"line":71,"column":8},"end":{"line":71,"column":null}},"80":{"start":{"line":71,"column":32},"end":{"line":71,"column":180}},"81":{"start":{"line":71,"column":193},"end":{"line":71,"column":243}},"82":{"start":{"line":72,"column":21},"end":{"line":72,"column":61}},"83":{"start":{"line":72,"column":35},"end":{"line":72,"column":60}},"84":{"start":{"line":73,"column":22},"end":{"line":73,"column":60}},"85":{"start":{"line":73,"column":36},"end":{"line":73,"column":59}},"86":{"start":{"line":74,"column":24},"end":{"line":74,"column":64}},"87":{"start":{"line":74,"column":38},"end":{"line":74,"column":63}},"88":{"start":{"line":75,"column":8},"end":{"line":79,"column":9}},"89":{"start":{"line":76,"column":22},"end":{"line":76,"column":31}},"90":{"start":{"line":77,"column":25},"end":{"line":77,"column":54}},"91":{"start":{"line":78,"column":12},"end":{"line":78,"column":null}},"92":{"start":{"line":78,"column":38},"end":{"line":78,"column":83}},"93":{"start":{"line":80,"column":8},"end":{"line":84,"column":9}},"94":{"start":{"line":81,"column":33},"end":{"line":81,"column":43}},"95":{"start":{"line":82,"column":12},"end":{"line":82,"column":null}},"96":{"start":{"line":82,"column":44},"end":{"line":82,"column":102}},"97":{"start":{"line":83,"column":12},"end":{"line":83,"column":null}},"98":{"start":{"line":85,"column":8},"end":{"line":89,"column":9}},"99":{"start":{"line":86,"column":33},"end":{"line":86,"column":44}},"100":{"start":{"line":87,"column":27},"end":{"line":87,"column":42}},"101":{"start":{"line":88,"column":12},"end":{"line":88,"column":null}},"102":{"start":{"line":90,"column":8},"end":{"line":90,"column":null}},"103":{"start":{"line":101,"column":11},"end":{"line":101,"column":24}},"104":{"start":{"line":102,"column":16},"end":{"line":102,"column":19}},"105":{"start":{"line":103,"column":8},"end":{"line":103,"column":null}},"106":{"start":{"line":103,"column":30},"end":{"line":103,"column":null}},"107":{"start":{"line":104,"column":8},"end":{"line":104,"column":null}}},"fnMap":{"0":{"name":"(anonymous_0)","decl":{"start":{"line":16,"column":4},"end":{"line":16,"column":15}},"loc":{"start":{"line":16,"column":20},"end":{"line":18,"column":5}}},"1":{"name":"(anonymous_1)","decl":{"start":{"line":20,"column":4},"end":{"line":20,"column":16}},"loc":{"start":{"line":20,"column":38},"end":{"line":22,"column":5}}},"2":{"name":"(anonymous_2)","decl":{"start":{"line":24,"column":12},"end":{"line":24,"column":15}},"loc":{"start":{"line":24,"column":17},"end":{"line":27,"column":5}}},"3":{"name":"(anonymous_3)","decl":{"start":{"line":115,"column":18},"end":{"line":115,"column":19}},"loc":{"start":{"line":115,"column":41},"end":{"line":143,"column":5}}},"4":{"name":"(anonymous_4)","decl":{"start":{"line":151,"column":12},"end":{"line":151,"column":13}},"loc":{"start":{"line":151,"column":34},"end":{"line":168,"column":5}}},"5":{"name":"(anonymous_5)","decl":{"start":{"line":153,"column":37},"end":{"line":153,"column":38}},"loc":{"start":{"line":153,"column":54},"end":{"line":165,"column":9}}},"6":{"name":"(anonymous_6)","decl":{"start":{"line":155,"column":51},"end":{"line":155,"column":52}},"loc":{"start":{"line":155,"column":56},"end":{"line":155,"column":69}}},"7":{"name":"(anonymous_7)","decl":{"start":{"line":158,"column":47},"end":{"line":158,"column":48}},"loc":{"start":{"line":158,"column":52},"end":{"line":158,"column":65}}},"8":{"name":"(anonymous_8)","decl":{"start":{"line":170,"column":27},"end":{"line":170,"column":28}},"loc":{"start":{"line":170,"column":44},"end":{"line":174,"column":5}}},"9":{"name":"(anonymous_9)","decl":{"start":{"line":171,"column":43},"end":{"line":171,"column":44}},"loc":{"start":{"line":171,"column":48},"end":{"line":171,"column":62}}},"10":{"name":"(anonymous_10)","decl":{"start":{"line":35,"column":25},"end":{"line":35,"column":26}},"loc":{"start":{"line":35,"column":57},"end":{"line":39,"column":null}}},"11":{"name":"(anonymous_11)","decl":{"start":{"line":47,"column":33},"end":{"line":47,"column":34}},"loc":{"start":{"line":47,"column":80},"end":{"line":64,"column":null}}},"12":{"name":"(anonymous_12)","decl":{"start":{"line":58,"column":47},"end":{"line":58,"column":56}},"loc":{"start":{"line":58,"column":62},"end":{"line":60,"column":17}}},"13":{"name":"(anonymous_13)","decl":{"start":{"line":69,"column":26},"end":{"line":69,"column":27}},"loc":{"start":{"line":69,"column":74},"end":{"line":91,"column":null}}},"14":{"name":"(anonymous_14)","decl":{"start":{"line":71,"column":27},"end":{"line":71,"column":28}},"loc":{"start":{"line":71,"column":32},"end":{"line":71,"column":180}}},"15":{"name":"(anonymous_15)","decl":{"start":{"line":71,"column":186},"end":{"line":71,"column":187}},"loc":{"start":{"line":71,"column":190},"end":{"line":71,"column":244}}},"16":{"name":"(anonymous_16)","decl":{"start":{"line":72,"column":30},"end":{"line":72,"column":31}},"loc":{"start":{"line":72,"column":35},"end":{"line":72,"column":60}}},"17":{"name":"(anonymous_17)","decl":{"start":{"line":73,"column":31},"end":{"line":73,"column":32}},"loc":{"start":{"line":73,"column":36},"end":{"line":73,"column":59}}},"18":{"name":"(anonymous_18)","decl":{"start":{"line":74,"column":33},"end":{"line":74,"column":34}},"loc":{"start":{"line":74,"column":38},"end":{"line":74,"column":63}}},"19":{"name":"(anonymous_19)","decl":{"start":{"line":78,"column":31},"end":{"line":78,"column":32}},"loc":{"start":{"line":78,"column":35},"end":{"line":78,"column":84}}},"20":{"name":"(anonymous_20)","decl":{"start":{"line":82,"column":28},"end":{"line":82,"column":29}},"loc":{"start":{"line":82,"column":41},"end":{"line":82,"column":103}}},"21":{"name":"(anonymous_21)","decl":{"start":{"line":101,"column":24},"end":{"line":101,"column":25}},"loc":{"start":{"line":101,"column":69},"end":{"line":105,"column":null}}}},"branchMap":{"0":{"loc":{"start":{"line":122,"column":12},"end":{"line":125,"column":null}},"type":"if","locations":[{"start":{"line":122,"column":12},"end":{"line":125,"column":null}},{"start":{"line":123,"column":17},"end":{"line":125,"column":null}}]},"1":{"loc":{"start":{"line":122,"column":15},"end":{"line":122,"column":52}},"type":"binary-expr","locations":[{"start":{"line":122,"column":15},"end":{"line":122,"column":36}},{"start":{"line":122,"column":40},"end":{"line":122,"column":52}}]},"2":{"loc":{"start":{"line":123,"column":17},"end":{"line":125,"column":null}},"type":"if","locations":[{"start":{"line":123,"column":17},"end":{"line":125,"column":null}},{"start":{"line":124,"column":17},"end":{"line":125,"column":null}}]},"3":{"loc":{"start":{"line":124,"column":17},"end":{"line":125,"column":null}},"type":"if","locations":[{"start":{"line":124,"column":17},"end":{"line":125,"column":null}},{"start":{"line":125,"column":17},"end":{"line":125,"column":null}}]},"4":{"loc":{"start":{"line":125,"column":17},"end":{"line":125,"column":null}},"type":"if","locations":[{"start":{"line":125,"column":17},"end":{"line":125,"column":null}}]},"5":{"loc":{"start":{"line":126,"column":12},"end":{"line":137,"column":13}},"type":"if","locations":[{"start":{"line":126,"column":12},"end":{"line":137,"column":13}}]},"6":{"loc":{"start":{"line":126,"column":15},"end":{"line":126,"column":49}},"type":"binary-expr","locations":[{"start":{"line":126,"column":15},"end":{"line":126,"column":33}},{"start":{"line":126,"column":37},"end":{"line":126,"column":49}}]},"7":{"loc":{"start":{"line":128,"column":16},"end":{"line":136,"column":17}},"type":"if","locations":[{"start":{"line":128,"column":16},"end":{"line":136,"column":17}}]},"8":{"loc":{"start":{"line":129,"column":20},"end":{"line":133,"column":21}},"type":"if","locations":[{"start":{"line":129,"column":20},"end":{"line":133,"column":21}},{"start":{"line":131,"column":25},"end":{"line":133,"column":21}}]},"9":{"loc":{"start":{"line":138,"column":12},"end":{"line":138,"column":null}},"type":"if","locations":[{"start":{"line":138,"column":12},"end":{"line":138,"column":null}}]},"10":{"loc":{"start":{"line":138,"column":15},"end":{"line":138,"column":53}},"type":"binary-expr","locations":[{"start":{"line":138,"column":15},"end":{"line":138,"column":23}},{"start":{"line":138,"column":27},"end":{"line":138,"column":32}},{"start":{"line":138,"column":36},"end":{"line":138,"column":53}}]},"11":{"loc":{"start":{"line":139,"column":12},"end":{"line":139,"column":null}},"type":"if","locations":[{"start":{"line":139,"column":12},"end":{"line":139,"column":null}}]},"12":{"loc":{"start":{"line":139,"column":15},"end":{"line":139,"column":59}},"type":"binary-expr","locations":[{"start":{"line":139,"column":15},"end":{"line":139,"column":20}},{"start":{"line":139,"column":24},"end":{"line":139,"column":42}},{"start":{"line":139,"column":47},"end":{"line":139,"column":58}}]},"13":{"loc":{"start":{"line":140,"column":12},"end":{"line":140,"column":null}},"type":"if","locations":[{"start":{"line":140,"column":12},"end":{"line":140,"column":null}}]},"14":{"loc":{"start":{"line":140,"column":15},"end":{"line":140,"column":60}},"type":"binary-expr","locations":[{"start":{"line":140,"column":15},"end":{"line":140,"column":21}},{"start":{"line":140,"column":25},"end":{"line":140,"column":43}},{"start":{"line":140,"column":48},"end":{"line":140,"column":59}}]},"15":{"loc":{"start":{"line":140,"column":73},"end":{"line":140,"column":109}},"type":"cond-expr","locations":[{"start":{"line":140,"column":87},"end":{"line":140,"column":104}},{"start":{"line":140,"column":108},"end":{"line":140,"column":109}}]},"16":{"loc":{"start":{"line":154,"column":12},"end":{"line":157,"column":13}},"type":"if","locations":[{"start":{"line":154,"column":12},"end":{"line":157,"column":13}}]},"17":{"loc":{"start":{"line":156,"column":16},"end":{"line":156,"column":null}},"type":"if","locations":[{"start":{"line":156,"column":16},"end":{"line":156,"column":null}}]},"18":{"loc":{"start":{"line":159,"column":12},"end":{"line":164,"column":null}},"type":"if","locations":[{"start":{"line":159,"column":12},"end":{"line":164,"column":null}},{"start":{"line":164,"column":17},"end":{"line":164,"column":null}}]},"19":{"loc":{"start":{"line":161,"column":16},"end":{"line":161,"column":null}},"type":"if","locations":[{"start":{"line":161,"column":16},"end":{"line":161,"column":null}}]},"20":{"loc":{"start":{"line":172,"column":8},"end":{"line":172,"column":null}},"type":"if","locations":[{"start":{"line":172,"column":8},"end":{"line":172,"column":null}}]},"21":{"loc":{"start":{"line":50,"column":23},"end":{"line":50,"column":52}},"type":"cond-expr","locations":[{"start":{"line":50,"column":30},"end":{"line":50,"column":46}},{"start":{"line":50,"column":49},"end":{"line":50,"column":52}}]},"22":{"loc":{"start":{"line":51,"column":12},"end":{"line":61,"column":13}},"type":"if","locations":[{"start":{"line":51,"column":12},"end":{"line":61,"column":13}}]},"23":{"loc":{"start":{"line":52,"column":16},"end":{"line":56,"column":17}},"type":"if","locations":[{"start":{"line":52,"column":16},"end":{"line":56,"column":17}}]},"24":{"loc":{"start":{"line":53,"column":20},"end":{"line":55,"column":21}},"type":"if","locations":[{"start":{"line":53,"column":20},"end":{"line":55,"column":21}}]},"25":{"loc":{"start":{"line":54,"column":35},"end":{"line":54,"column":88}},"type":"cond-expr","locations":[{"start":{"line":54,"column":42},"end":{"line":54,"column":70}},{"start":{"line":54,"column":73},"end":{"line":54,"column":88}}]},"26":{"loc":{"start":{"line":59,"column":28},"end":{"line":59,"column":93}},"type":"cond-expr","locations":[{"start":{"line":59,"column":35},"end":{"line":59,"column":69}},{"start":{"line":59,"column":72},"end":{"line":59,"column":93}}]},"27":{"loc":{"start":{"line":71,"column":32},"end":{"line":71,"column":180}},"type":"binary-expr","locations":[{"start":{"line":71,"column":32},"end":{"line":71,"column":58}},{"start":{"line":71,"column":62},"end":{"line":71,"column":87}},{"start":{"line":71,"column":91},"end":{"line":71,"column":118}},{"start":{"line":71,"column":122},"end":{"line":71,"column":147}},{"start":{"line":71,"column":151},"end":{"line":71,"column":180}}]}},"s":{"0":2,"1":2,"2":0,"3":8,"4":8,"5":0,"6":0,"7":8,"8":51,"9":51,"10":51,"11":51,"12":51,"13":51,"14":589,"15":1,"16":588,"17":1,"18":587,"19":1,"20":586,"21":1,"22":589,"23":104,"24":104,"25":52,"26":22,"27":30,"28":52,"29":52,"30":589,"31":22,"32":589,"33":407,"34":589,"35":76,"36":51,"37":8,"38":22,"39":22,"40":34,"41":5,"42":103,"43":5,"44":5,"45":34,"46":178,"47":34,"48":33,"49":33,"50":1,"51":32,"52":1,"53":22,"54":22,"55":8,"56":30,"57":426,"58":30,"59":1,"60":29,"61":8,"62":2,"63":2,"64":9,"65":2,"66":33,"67":33,"68":76,"69":76,"70":25,"71":8,"72":8,"73":25,"74":25,"75":113,"76":33,"77":2,"78":9,"79":9,"80":80,"81":70,"82":9,"83":80,"84":9,"85":80,"86":9,"87":80,"88":9,"89":8,"90":8,"91":8,"92":84,"93":9,"94":1,"95":1,"96":2,"97":1,"98":9,"99":1,"100":1,"101":1,"102":9,"103":2,"104":7,"105":7,"106":8,"107":7},"f":{"0":0,"1":8,"2":0,"3":51,"4":22,"5":34,"6":103,"7":178,"8":30,"9":426,"10":9,"11":33,"12":113,"13":9,"14":80,"15":70,"16":80,"17":80,"18":80,"19":84,"20":2,"21":7},"b":{"0":[1,588],"1":[589,1],"2":[1,587],"3":[1,586],"4":[1],"5":[104],"6":[589,105],"7":[52],"8":[22,30],"9":[22],"10":[589,22,22],"11":[407],"12":[589,459,407],"13":[76],"14":[589,130,77],"15":[1,75],"16":[5],"17":[5],"18":[33,1],"19":[1],"20":[1],"21":[11,65],"22":[25],"23":[8],"24":[8],"25":[8,0],"26":[65,48],"27":[80,72,64,64,17]}}
}
