{"G:\\Developer\\Funique\\ComputeTool\\src\\share\\interface.ts": {"path":"G:\\Developer\\Funique\\ComputeTool\\src\\share\\interface.ts","statementMap":{"0":{"start":{"line":4,"column":13},"end":{"line":4,"column":null}},"1":{"start":{"line":8,"column":13},"end":{"line":8,"column":null}},"2":{"start":{"line":13,"column":13},"end":{"line":13,"column":null}},"3":{"start":{"line":17,"column":13},"end":{"line":17,"column":null}},"4":{"start":{"line":21,"column":13},"end":{"line":21,"column":null}},"5":{"start":{"line":22,"column":13},"end":{"line":22,"column":null}},"6":{"start":{"line":27,"column":13},"end":{"line":27,"column":null}},"7":{"start":{"line":30,"column":0},"end":{"line":30,"column":32}},"8":{"start":{"line":31,"column":0},"end":{"line":31,"column":31}},"9":{"start":{"line":32,"column":0},"end":{"line":32,"column":32}},"10":{"start":{"line":33,"column":0},"end":{"line":33,"column":35}},"11":{"start":{"line":34,"column":0},"end":{"line":34,"column":34}},"12":{"start":{"line":35,"column":0},"end":{"line":35,"column":34}},"13":{"start":{"line":36,"column":0},"end":{"line":36,"column":33}},"14":{"start":{"line":37,"column":0},"end":{"line":37,"column":30}}},"fnMap":{},"branchMap":{},"s":{"0":2,"1":2,"2":2,"3":2,"4":2,"5":2,"6":2,"7":2,"8":2,"9":2,"10":2,"11":2,"12":2,"13":2,"14":2},"f":{},"b":{}}
,"G:\\Developer\\Funique\\ComputeTool\\src\\share\\client\\analysis.ts": {"path":"G:\\Developer\\Funique\\ComputeTool\\src\\share\\client\\analysis.ts","statementMap":{"0":{"start":{"line":1,"column":0},"end":{"line":1,"column":52}},"1":{"start":{"line":2,"column":0},"end":{"line":2,"column":29}},"2":{"start":{"line":6,"column":0},"end":{"line":6,"column":42}},"3":{"start":{"line":7,"column":0},"end":{"line":7,"column":38}},"4":{"start":{"line":18,"column":12},"end":{"line":18,"column":null}},"5":{"start":{"line":19,"column":12},"end":{"line":19,"column":null}},"6":{"start":{"line":21,"column":12},"end":{"line":21,"column":null}},"7":{"start":{"line":36,"column":4},"end":{"line":65,"column":null}},"8":{"start":{"line":37,"column":24},"end":{"line":49,"column":null}},"9":{"start":{"line":51,"column":8},"end":{"line":54,"column":9}},"10":{"start":{"line":52,"column":12},"end":{"line":52,"column":null}},"11":{"start":{"line":53,"column":12},"end":{"line":53,"column":19}},"12":{"start":{"line":55,"column":8},"end":{"line":57,"column":9}},"13":{"start":{"line":56,"column":12},"end":{"line":56,"column":null}},"14":{"start":{"line":58,"column":8},"end":{"line":58,"column":39}},"15":{"start":{"line":58,"column":33},"end":{"line":58,"column":39}},"16":{"start":{"line":59,"column":8},"end":{"line":64,"column":9}},"17":{"start":{"line":60,"column":32},"end":{"line":60,"column":47}},"18":{"start":{"line":61,"column":12},"end":{"line":61,"column":null}},"19":{"start":{"line":63,"column":12},"end":{"line":63,"column":null}},"20":{"start":{"line":72,"column":4},"end":{"line":75,"column":null}},"21":{"start":{"line":73,"column":25},"end":{"line":73,"column":53}},"22":{"start":{"line":74,"column":8},"end":{"line":74,"column":null}},"23":{"start":{"line":77,"column":4},"end":{"line":81,"column":null}},"24":{"start":{"line":78,"column":8},"end":{"line":78,"column":null}},"25":{"start":{"line":79,"column":8},"end":{"line":79,"column":null}},"26":{"start":{"line":80,"column":8},"end":{"line":80,"column":null}},"27":{"start":{"line":80,"column":45},"end":{"line":80,"column":null}},"28":{"start":{"line":83,"column":4},"end":{"line":89,"column":null}},"29":{"start":{"line":84,"column":22},"end":{"line":84,"column":69}},"30":{"start":{"line":84,"column":58},"end":{"line":84,"column":68}},"31":{"start":{"line":85,"column":8},"end":{"line":88,"column":9}},"32":{"start":{"line":86,"column":12},"end":{"line":86,"column":null}},"33":{"start":{"line":87,"column":12},"end":{"line":87,"column":null}},"34":{"start":{"line":91,"column":4},"end":{"line":96,"column":null}},"35":{"start":{"line":92,"column":8},"end":{"line":92,"column":null}},"36":{"start":{"line":93,"column":8},"end":{"line":95,"column":9}},"37":{"start":{"line":94,"column":12},"end":{"line":94,"column":null}},"38":{"start":{"line":94,"column":46},"end":{"line":94,"column":89}},"39":{"start":{"line":98,"column":4},"end":{"line":101,"column":null}},"40":{"start":{"line":99,"column":8},"end":{"line":99,"column":null}},"41":{"start":{"line":100,"column":8},"end":{"line":100,"column":null}},"42":{"start":{"line":104,"column":12},"end":{"line":170,"column":null}},"43":{"start":{"line":105,"column":26},"end":{"line":105,"column":132}},"44":{"start":{"line":106,"column":8},"end":{"line":106,"column":29}},"45":{"start":{"line":106,"column":23},"end":{"line":106,"column":29}},"46":{"start":{"line":107,"column":8},"end":{"line":118,"column":null}},"47":{"start":{"line":119,"column":16},"end":{"line":119,"column":18}},"48":{"start":{"line":121,"column":35},"end":{"line":141,"column":9}},"49":{"start":{"line":122,"column":31},"end":{"line":122,"column":46}},"50":{"start":{"line":123,"column":12},"end":{"line":140,"column":13}},"51":{"start":{"line":124,"column":16},"end":{"line":124,"column":null}},"52":{"start":{"line":126,"column":17},"end":{"line":140,"column":13}},"53":{"start":{"line":127,"column":16},"end":{"line":127,"column":null}},"54":{"start":{"line":129,"column":17},"end":{"line":140,"column":13}},"55":{"start":{"line":130,"column":33},"end":{"line":133,"column":null}},"56":{"start":{"line":134,"column":16},"end":{"line":134,"column":null}},"57":{"start":{"line":135,"column":16},"end":{"line":135,"column":null}},"58":{"start":{"line":135,"column":50},"end":{"line":135,"column":75}},"59":{"start":{"line":137,"column":17},"end":{"line":140,"column":13}},"60":{"start":{"line":138,"column":16},"end":{"line":139,"column":null}},"61":{"start":{"line":138,"column":47},"end":{"line":138,"column":null}},"62":{"start":{"line":139,"column":21},"end":{"line":139,"column":null}},"63":{"start":{"line":142,"column":31},"end":{"line":150,"column":9}},"64":{"start":{"line":143,"column":12},"end":{"line":149,"column":13}},"65":{"start":{"line":143,"column":24},"end":{"line":143,"column":25}},"66":{"start":{"line":144,"column":16},"end":{"line":148,"column":17}},"67":{"start":{"line":144,"column":35},"end":{"line":144,"column":null}},"68":{"start":{"line":146,"column":20},"end":{"line":146,"column":null}},"69":{"start":{"line":147,"column":20},"end":{"line":147,"column":null}},"70":{"start":{"line":152,"column":8},"end":{"line":154,"column":null}},"71":{"start":{"line":153,"column":12},"end":{"line":153,"column":null}},"72":{"start":{"line":156,"column":8},"end":{"line":158,"column":null}},"73":{"start":{"line":157,"column":12},"end":{"line":157,"column":null}},"74":{"start":{"line":159,"column":8},"end":{"line":161,"column":null}},"75":{"start":{"line":160,"column":12},"end":{"line":160,"column":null}},"76":{"start":{"line":162,"column":8},"end":{"line":162,"column":57}},"77":{"start":{"line":163,"column":8},"end":{"line":165,"column":null}},"78":{"start":{"line":164,"column":12},"end":{"line":164,"column":null}},"79":{"start":{"line":166,"column":8},"end":{"line":166,"column":57}},"80":{"start":{"line":167,"column":8},"end":{"line":169,"column":null}},"81":{"start":{"line":168,"column":12},"end":{"line":168,"column":null}},"82":{"start":{"line":24,"column":8},"end":{"line":24,"column":null}},"83":{"start":{"line":25,"column":8},"end":{"line":25,"column":null}},"84":{"start":{"line":26,"column":8},"end":{"line":26,"column":null}},"85":{"start":{"line":27,"column":8},"end":{"line":27,"column":null}},"86":{"start":{"line":28,"column":8},"end":{"line":28,"column":null}},"87":{"start":{"line":12,"column":0},"end":{"line":12,"column":13}}},"fnMap":{"0":{"name":"(anonymous_9)","decl":{"start":{"line":23,"column":4},"end":{"line":23,"column":16}},"loc":{"start":{"line":23,"column":78},"end":{"line":29,"column":5}}},"1":{"name":"(anonymous_10)","decl":{"start":{"line":36,"column":15},"end":{"line":36,"column":16}},"loc":{"start":{"line":36,"column":58},"end":{"line":65,"column":5}}},"2":{"name":"(anonymous_11)","decl":{"start":{"line":72,"column":11},"end":{"line":72,"column":12}},"loc":{"start":{"line":72,"column":46},"end":{"line":75,"column":5}}},"3":{"name":"(anonymous_12)","decl":{"start":{"line":77,"column":21},"end":{"line":77,"column":22}},"loc":{"start":{"line":77,"column":56},"end":{"line":81,"column":5}}},"4":{"name":"(anonymous_13)","decl":{"start":{"line":83,"column":19},"end":{"line":83,"column":20}},"loc":{"start":{"line":83,"column":54},"end":{"line":89,"column":5}}},"5":{"name":"(anonymous_14)","decl":{"start":{"line":84,"column":53},"end":{"line":84,"column":54}},"loc":{"start":{"line":84,"column":58},"end":{"line":84,"column":68}}},"6":{"name":"(anonymous_15)","decl":{"start":{"line":91,"column":13},"end":{"line":91,"column":14}},"loc":{"start":{"line":91,"column":31},"end":{"line":96,"column":5}}},"7":{"name":"(anonymous_16)","decl":{"start":{"line":94,"column":41},"end":{"line":94,"column":42}},"loc":{"start":{"line":94,"column":46},"end":{"line":94,"column":89}}},"8":{"name":"(anonymous_17)","decl":{"start":{"line":98,"column":17},"end":{"line":98,"column":18}},"loc":{"start":{"line":98,"column":39},"end":{"line":101,"column":5}}},"9":{"name":"(anonymous_18)","decl":{"start":{"line":104,"column":31},"end":{"line":104,"column":34}},"loc":{"start":{"line":104,"column":36},"end":{"line":170,"column":5}}},"10":{"name":"(anonymous_19)","decl":{"start":{"line":121,"column":35},"end":{"line":121,"column":36}},"loc":{"start":{"line":121,"column":50},"end":{"line":141,"column":9}}},"11":{"name":"(anonymous_20)","decl":{"start":{"line":135,"column":45},"end":{"line":135,"column":46}},"loc":{"start":{"line":135,"column":50},"end":{"line":135,"column":75}}},"12":{"name":"(anonymous_21)","decl":{"start":{"line":142,"column":31},"end":{"line":142,"column":32}},"loc":{"start":{"line":142,"column":46},"end":{"line":150,"column":9}}},"13":{"name":"(anonymous_22)","decl":{"start":{"line":152,"column":41},"end":{"line":152,"column":42}},"loc":{"start":{"line":152,"column":49},"end":{"line":154,"column":9}}},"14":{"name":"(anonymous_23)","decl":{"start":{"line":156,"column":40},"end":{"line":156,"column":41}},"loc":{"start":{"line":156,"column":57},"end":{"line":158,"column":9}}},"15":{"name":"(anonymous_24)","decl":{"start":{"line":159,"column":43},"end":{"line":159,"column":44}},"loc":{"start":{"line":159,"column":67},"end":{"line":161,"column":9}}},"16":{"name":"(anonymous_25)","decl":{"start":{"line":163,"column":48},"end":{"line":163,"column":49}},"loc":{"start":{"line":163,"column":58},"end":{"line":165,"column":9}}},"17":{"name":"(anonymous_26)","decl":{"start":{"line":167,"column":48},"end":{"line":167,"column":49}},"loc":{"start":{"line":167,"column":58},"end":{"line":169,"column":9}}}},"branchMap":{"0":{"loc":{"start":{"line":51,"column":8},"end":{"line":54,"column":9}},"type":"if","locations":[{"start":{"line":51,"column":8},"end":{"line":54,"column":9}}]},"1":{"loc":{"start":{"line":55,"column":8},"end":{"line":57,"column":9}},"type":"if","locations":[{"start":{"line":55,"column":8},"end":{"line":57,"column":9}}]},"2":{"loc":{"start":{"line":55,"column":12},"end":{"line":55,"column":58}},"type":"binary-expr","locations":[{"start":{"line":55,"column":12},"end":{"line":55,"column":34}},{"start":{"line":55,"column":38},"end":{"line":55,"column":58}}]},"3":{"loc":{"start":{"line":58,"column":8},"end":{"line":58,"column":39}},"type":"if","locations":[{"start":{"line":58,"column":8},"end":{"line":58,"column":39}}]},"4":{"loc":{"start":{"line":59,"column":8},"end":{"line":64,"column":9}},"type":"if","locations":[{"start":{"line":59,"column":8},"end":{"line":64,"column":9}},{"start":{"line":62,"column":13},"end":{"line":64,"column":9}}]},"5":{"loc":{"start":{"line":80,"column":8},"end":{"line":80,"column":null}},"type":"if","locations":[{"start":{"line":80,"column":8},"end":{"line":80,"column":null}}]},"6":{"loc":{"start":{"line":85,"column":8},"end":{"line":88,"column":9}},"type":"if","locations":[{"start":{"line":85,"column":8},"end":{"line":88,"column":9}}]},"7":{"loc":{"start":{"line":93,"column":8},"end":{"line":95,"column":9}},"type":"if","locations":[{"start":{"line":93,"column":8},"end":{"line":95,"column":9}}]},"8":{"loc":{"start":{"line":105,"column":26},"end":{"line":105,"column":132}},"type":"binary-expr","locations":[{"start":{"line":105,"column":26},"end":{"line":105,"column":59}},{"start":{"line":105,"column":64},"end":{"line":105,"column":96}},{"start":{"line":105,"column":100},"end":{"line":105,"column":131}}]},"9":{"loc":{"start":{"line":106,"column":8},"end":{"line":106,"column":29}},"type":"if","locations":[{"start":{"line":106,"column":8},"end":{"line":106,"column":29}}]},"10":{"loc":{"start":{"line":123,"column":12},"end":{"line":140,"column":13}},"type":"if","locations":[{"start":{"line":123,"column":12},"end":{"line":140,"column":13}},{"start":{"line":126,"column":17},"end":{"line":140,"column":13}}]},"11":{"loc":{"start":{"line":126,"column":17},"end":{"line":140,"column":13}},"type":"if","locations":[{"start":{"line":126,"column":17},"end":{"line":140,"column":13}},{"start":{"line":129,"column":17},"end":{"line":140,"column":13}}]},"12":{"loc":{"start":{"line":129,"column":17},"end":{"line":140,"column":13}},"type":"if","locations":[{"start":{"line":129,"column":17},"end":{"line":140,"column":13}},{"start":{"line":137,"column":17},"end":{"line":140,"column":13}}]},"13":{"loc":{"start":{"line":137,"column":17},"end":{"line":140,"column":13}},"type":"if","locations":[{"start":{"line":137,"column":17},"end":{"line":140,"column":13}}]},"14":{"loc":{"start":{"line":138,"column":16},"end":{"line":139,"column":null}},"type":"if","locations":[{"start":{"line":138,"column":16},"end":{"line":139,"column":null}},{"start":{"line":139,"column":21},"end":{"line":139,"column":null}}]},"15":{"loc":{"start":{"line":144,"column":16},"end":{"line":148,"column":17}},"type":"if","locations":[{"start":{"line":144,"column":16},"end":{"line":148,"column":17}},{"start":{"line":145,"column":21},"end":{"line":148,"column":17}}]},"16":{"loc":{"start":{"line":162,"column":8},"end":{"line":162,"column":56}},"type":"cond-expr","locations":[{"start":{"line":162,"column":35},"end":{"line":162,"column":37}},{"start":{"line":162,"column":35},"end":{"line":162,"column":56}}]},"17":{"loc":{"start":{"line":162,"column":8},"end":{"line":162,"column":37}},"type":"binary-expr","locations":[{"start":{"line":162,"column":8},"end":{"line":162,"column":37}},{"start":{"line":162,"column":35},"end":{"line":162,"column":37}}]},"18":{"loc":{"start":{"line":163,"column":8},"end":{"line":165,"column":10}},"type":"cond-expr","locations":[{"start":{"line":163,"column":35},"end":{"line":163,"column":37}},{"start":{"line":163,"column":35},"end":{"line":165,"column":10}}]},"19":{"loc":{"start":{"line":163,"column":8},"end":{"line":163,"column":37}},"type":"binary-expr","locations":[{"start":{"line":163,"column":8},"end":{"line":163,"column":37}},{"start":{"line":163,"column":35},"end":{"line":163,"column":37}}]},"20":{"loc":{"start":{"line":166,"column":8},"end":{"line":166,"column":56}},"type":"cond-expr","locations":[{"start":{"line":166,"column":35},"end":{"line":166,"column":37}},{"start":{"line":166,"column":35},"end":{"line":166,"column":56}}]},"21":{"loc":{"start":{"line":166,"column":8},"end":{"line":166,"column":37}},"type":"binary-expr","locations":[{"start":{"line":166,"column":8},"end":{"line":166,"column":37}},{"start":{"line":166,"column":35},"end":{"line":166,"column":37}}]},"22":{"loc":{"start":{"line":167,"column":8},"end":{"line":169,"column":10}},"type":"cond-expr","locations":[{"start":{"line":167,"column":35},"end":{"line":167,"column":37}},{"start":{"line":167,"column":35},"end":{"line":169,"column":10}}]},"23":{"loc":{"start":{"line":167,"column":8},"end":{"line":167,"column":37}},"type":"binary-expr","locations":[{"start":{"line":167,"column":8},"end":{"line":167,"column":37}},{"start":{"line":167,"column":35},"end":{"line":167,"column":37}}]}},"s":{"0":1,"1":1,"2":1,"3":1,"4":1,"5":1,"6":1,"7":1,"8":0,"9":0,"10":0,"11":0,"12":0,"13":0,"14":0,"15":0,"16":0,"17":0,"18":0,"19":0,"20":1,"21":0,"22":0,"23":1,"24":0,"25":0,"26":0,"27":0,"28":1,"29":0,"30":0,"31":0,"32":0,"33":0,"34":1,"35":0,"36":0,"37":0,"38":0,"39":1,"40":0,"41":0,"42":1,"43":0,"44":0,"45":0,"46":0,"47":0,"48":0,"49":0,"50":0,"51":0,"52":0,"53":0,"54":0,"55":0,"56":0,"57":0,"58":0,"59":0,"60":0,"61":0,"62":0,"63":0,"64":0,"65":0,"66":0,"67":0,"68":0,"69":0,"70":0,"71":0,"72":0,"73":0,"74":0,"75":0,"76":0,"77":0,"78":0,"79":0,"80":0,"81":0,"82":1,"83":1,"84":1,"85":1,"86":1,"87":1},"f":{"0":1,"1":0,"2":0,"3":0,"4":0,"5":0,"6":0,"7":0,"8":0,"9":0,"10":0,"11":0,"12":0,"13":0,"14":0,"15":0,"16":0,"17":0},"b":{"0":[0],"1":[0],"2":[0,0],"3":[0],"4":[0,0],"5":[0],"6":[0],"7":[0],"8":[0,0,0],"9":[0],"10":[0,0],"11":[0,0],"12":[0,0],"13":[0],"14":[0,0],"15":[0,0],"16":[0,0],"17":[0,0],"18":[0,0],"19":[0,0],"20":[0,0],"21":[0,0],"22":[0,0],"23":[0,0]}}
,"G:\\Developer\\Funique\\ComputeTool\\src\\share\\client\\client.ts": {"path":"G:\\Developer\\Funique\\ComputeTool\\src\\share\\client\\client.ts","statementMap":{"0":{"start":{"line":1,"column":0},"end":{"line":1,"column":38}},"1":{"start":{"line":2,"column":0},"end":{"line":2,"column":48}},"2":{"start":{"line":3,"column":0},"end":{"line":3,"column":87}},"3":{"start":{"line":4,"column":0},"end":{"line":4,"column":44}},"4":{"start":{"line":19,"column":8},"end":{"line":19,"column":null}},"5":{"start":{"line":23,"column":8},"end":{"line":23,"column":null}},"6":{"start":{"line":10,"column":12},"end":{"line":10,"column":null}},"7":{"start":{"line":11,"column":12},"end":{"line":11,"column":null}},"8":{"start":{"line":40,"column":4},"end":{"line":83,"column":null}},"9":{"start":{"line":40,"column":22},"end":{"line":83,"column":null}},"10":{"start":{"line":41,"column":26},"end":{"line":41,"column":30}},"11":{"start":{"line":42,"column":23},"end":{"line":42,"column":28}},"12":{"start":{"line":44,"column":8},"end":{"line":51,"column":9}},"13":{"start":{"line":45,"column":12},"end":{"line":49,"column":null}},"14":{"start":{"line":46,"column":16},"end":{"line":46,"column":null}},"15":{"start":{"line":48,"column":16},"end":{"line":48,"column":null}},"16":{"start":{"line":50,"column":12},"end":{"line":50,"column":null}},"17":{"start":{"line":50,"column":26},"end":{"line":50,"column":null}},"18":{"start":{"line":52,"column":8},"end":{"line":52,"column":null}},"19":{"start":{"line":53,"column":8},"end":{"line":53,"column":null}},"20":{"start":{"line":54,"column":8},"end":{"line":56,"column":null}},"21":{"start":{"line":55,"column":12},"end":{"line":55,"column":null}},"22":{"start":{"line":57,"column":8},"end":{"line":59,"column":null}},"23":{"start":{"line":58,"column":12},"end":{"line":58,"column":null}},"24":{"start":{"line":60,"column":8},"end":{"line":62,"column":null}},"25":{"start":{"line":61,"column":12},"end":{"line":61,"column":null}},"26":{"start":{"line":63,"column":8},"end":{"line":82,"column":null}},"27":{"start":{"line":64,"column":12},"end":{"line":64,"column":null}},"28":{"start":{"line":65,"column":12},"end":{"line":65,"column":null}},"29":{"start":{"line":66,"column":12},"end":{"line":71,"column":null}},"30":{"start":{"line":67,"column":30},"end":{"line":67,"column":66}},"31":{"start":{"line":67,"column":58},"end":{"line":67,"column":65}},"32":{"start":{"line":68,"column":16},"end":{"line":68,"column":null}},"33":{"start":{"line":68,"column":32},"end":{"line":68,"column":null}},"34":{"start":{"line":69,"column":16},"end":{"line":69,"column":null}},"35":{"start":{"line":70,"column":16},"end":{"line":70,"column":null}},"36":{"start":{"line":72,"column":12},"end":{"line":74,"column":null}},"37":{"start":{"line":73,"column":16},"end":{"line":73,"column":null}},"38":{"start":{"line":75,"column":12},"end":{"line":77,"column":null}},"39":{"start":{"line":76,"column":16},"end":{"line":76,"column":null}},"40":{"start":{"line":78,"column":12},"end":{"line":81,"column":null}},"41":{"start":{"line":79,"column":45},"end":{"line":79,"column":72}},"42":{"start":{"line":80,"column":16},"end":{"line":80,"column":46}},"43":{"start":{"line":85,"column":4},"end":{"line":90,"column":null}},"44":{"start":{"line":86,"column":8},"end":{"line":86,"column":43}},"45":{"start":{"line":86,"column":37},"end":{"line":86,"column":43}},"46":{"start":{"line":87,"column":8},"end":{"line":89,"column":null}},"47":{"start":{"line":88,"column":12},"end":{"line":88,"column":null}},"48":{"start":{"line":96,"column":12},"end":{"line":98,"column":null}},"49":{"start":{"line":97,"column":8},"end":{"line":97,"column":null}},"50":{"start":{"line":27,"column":8},"end":{"line":27,"column":null}},"51":{"start":{"line":28,"column":8},"end":{"line":28,"column":null}},"52":{"start":{"line":29,"column":8},"end":{"line":29,"column":null}},"53":{"start":{"line":30,"column":8},"end":{"line":30,"column":72}},"54":{"start":{"line":34,"column":8},"end":{"line":34,"column":null}},"55":{"start":{"line":9,"column":0},"end":{"line":9,"column":13}}},"fnMap":{"0":{"name":"(anonymous_7)","decl":{"start":{"line":18,"column":4},"end":{"line":18,"column":15}},"loc":{"start":{"line":18,"column":20},"end":{"line":20,"column":5}}},"1":{"name":"(anonymous_8)","decl":{"start":{"line":22,"column":4},"end":{"line":22,"column":15}},"loc":{"start":{"line":22,"column":22},"end":{"line":24,"column":5}}},"2":{"name":"(anonymous_9)","decl":{"start":{"line":26,"column":4},"end":{"line":26,"column":16}},"loc":{"start":{"line":26,"column":62},"end":{"line":31,"column":5}}},"3":{"name":"(anonymous_10)","decl":{"start":{"line":40,"column":11},"end":{"line":40,"column":20}},"loc":{"start":{"line":40,"column":22},"end":{"line":83,"column":null}}},"4":{"name":"(anonymous_11)","decl":{"start":{"line":40,"column":22},"end":{"line":40,"column":null}},"loc":{"start":{"line":40,"column":22},"end":{"line":83,"column":5}}},"5":{"name":"(anonymous_12)","decl":{"start":{"line":45,"column":42},"end":{"line":45,"column":43}},"loc":{"start":{"line":45,"column":46},"end":{"line":47,"column":13}}},"6":{"name":"(anonymous_13)","decl":{"start":{"line":47,"column":21},"end":{"line":47,"column":24}},"loc":{"start":{"line":47,"column":27},"end":{"line":49,"column":13}}},"7":{"name":"(anonymous_14)","decl":{"start":{"line":54,"column":36},"end":{"line":54,"column":39}},"loc":{"start":{"line":54,"column":41},"end":{"line":56,"column":9}}},"8":{"name":"(anonymous_15)","decl":{"start":{"line":57,"column":32},"end":{"line":57,"column":33}},"loc":{"start":{"line":57,"column":40},"end":{"line":59,"column":9}}},"9":{"name":"(anonymous_16)","decl":{"start":{"line":60,"column":32},"end":{"line":60,"column":35}},"loc":{"start":{"line":60,"column":37},"end":{"line":62,"column":9}}},"10":{"name":"(anonymous_17)","decl":{"start":{"line":63,"column":37},"end":{"line":63,"column":38}},"loc":{"start":{"line":63,"column":53},"end":{"line":82,"column":9}}},"11":{"name":"(anonymous_18)","decl":{"start":{"line":66,"column":27},"end":{"line":66,"column":28}},"loc":{"start":{"line":66,"column":44},"end":{"line":71,"column":13}}},"12":{"name":"(anonymous_19)","decl":{"start":{"line":67,"column":53},"end":{"line":67,"column":54}},"loc":{"start":{"line":67,"column":58},"end":{"line":67,"column":65}}},"13":{"name":"(anonymous_20)","decl":{"start":{"line":72,"column":27},"end":{"line":72,"column":28}},"loc":{"start":{"line":72,"column":35},"end":{"line":74,"column":13}}},"14":{"name":"(anonymous_21)","decl":{"start":{"line":75,"column":26},"end":{"line":75,"column":29}},"loc":{"start":{"line":75,"column":31},"end":{"line":77,"column":13}}},"15":{"name":"(anonymous_22)","decl":{"start":{"line":78,"column":29},"end":{"line":78,"column":30}},"loc":{"start":{"line":78,"column":48},"end":{"line":81,"column":13}}},"16":{"name":"(anonymous_23)","decl":{"start":{"line":85,"column":14},"end":{"line":85,"column":17}},"loc":{"start":{"line":85,"column":19},"end":{"line":90,"column":5}}},"17":{"name":"(anonymous_24)","decl":{"start":{"line":87,"column":26},"end":{"line":87,"column":27}},"loc":{"start":{"line":87,"column":34},"end":{"line":89,"column":9}}},"18":{"name":"(anonymous_25)","decl":{"start":{"line":96,"column":21},"end":{"line":96,"column":24}},"loc":{"start":{"line":96,"column":26},"end":{"line":98,"column":5}}},"19":{"name":"(anonymous_26)","decl":{"start":{"line":33,"column":4},"end":{"line":33,"column":11}},"loc":{"start":{"line":33,"column":11},"end":{"line":35,"column":5}}}},"branchMap":{"0":{"loc":{"start":{"line":50,"column":12},"end":{"line":50,"column":null}},"type":"if","locations":[{"start":{"line":50,"column":12},"end":{"line":50,"column":null}}]},"1":{"loc":{"start":{"line":68,"column":16},"end":{"line":68,"column":null}},"type":"if","locations":[{"start":{"line":68,"column":16},"end":{"line":68,"column":null}}]},"2":{"loc":{"start":{"line":76,"column":76},"end":{"line":76,"column":83}},"type":"cond-expr","locations":[{"start":{"line":76,"column":78},"end":{"line":76,"column":80}},{"start":{"line":76,"column":76},"end":{"line":76,"column":83}}]},"3":{"loc":{"start":{"line":76,"column":76},"end":{"line":76,"column":80}},"type":"binary-expr","locations":[{"start":{"line":76,"column":76},"end":{"line":76,"column":80}},{"start":{"line":76,"column":76},"end":{"line":76,"column":80}}]},"4":{"loc":{"start":{"line":86,"column":8},"end":{"line":86,"column":43}},"type":"if","locations":[{"start":{"line":86,"column":8},"end":{"line":86,"column":43}}]}},"s":{"0":1,"1":1,"2":1,"3":1,"4":0,"5":1,"6":1,"7":1,"8":1,"9":1,"10":1,"11":1,"12":1,"13":1,"14":0,"15":0,"16":0,"17":0,"18":0,"19":0,"20":0,"21":0,"22":0,"23":0,"24":0,"25":0,"26":0,"27":0,"28":0,"29":0,"30":0,"31":0,"32":0,"33":0,"34":0,"35":0,"36":0,"37":0,"38":0,"39":0,"40":0,"41":0,"42":0,"43":1,"44":1,"45":1,"46":0,"47":0,"48":1,"49":0,"50":1,"51":1,"52":1,"53":1,"54":1,"55":1},"f":{"0":0,"1":1,"2":1,"3":1,"4":1,"5":0,"6":0,"7":0,"8":0,"9":0,"10":0,"11":0,"12":0,"13":0,"14":0,"15":0,"16":1,"17":0,"18":0,"19":1},"b":{"0":[0],"1":[0],"2":[0,0],"3":[0,0],"4":[1]}}
,"G:\\Developer\\Funique\\ComputeTool\\src\\share\\client\\execute.ts": {"path":"G:\\Developer\\Funique\\ComputeTool\\src\\share\\client\\execute.ts","statementMap":{"0":{"start":{"line":1,"column":0},"end":{"line":1,"column":52}},"1":{"start":{"line":2,"column":0},"end":{"line":2,"column":29}},"2":{"start":{"line":3,"column":0},"end":{"line":3,"column":31}},"3":{"start":{"line":4,"column":0},"end":{"line":4,"column":157}},"4":{"start":{"line":5,"column":0},"end":{"line":5,"column":39}},"5":{"start":{"line":7,"column":0},"end":{"line":7,"column":46}},"6":{"start":{"line":22,"column":8},"end":{"line":22,"column":null}},"7":{"start":{"line":13,"column":12},"end":{"line":13,"column":null}},"8":{"start":{"line":14,"column":12},"end":{"line":14,"column":null}},"9":{"start":{"line":15,"column":12},"end":{"line":15,"column":null}},"10":{"start":{"line":16,"column":12},"end":{"line":16,"column":null}},"11":{"start":{"line":33,"column":4},"end":{"line":36,"column":null}},"12":{"start":{"line":34,"column":8},"end":{"line":34,"column":null}},"13":{"start":{"line":35,"column":8},"end":{"line":35,"column":null}},"14":{"start":{"line":35,"column":34},"end":{"line":35,"column":43}},"15":{"start":{"line":42,"column":4},"end":{"line":46,"column":null}},"16":{"start":{"line":43,"column":8},"end":{"line":43,"column":null}},"17":{"start":{"line":44,"column":8},"end":{"line":44,"column":null}},"18":{"start":{"line":45,"column":8},"end":{"line":45,"column":null}},"19":{"start":{"line":137,"column":4},"end":{"line":139,"column":null}},"20":{"start":{"line":138,"column":8},"end":{"line":138,"column":null}},"21":{"start":{"line":145,"column":4},"end":{"line":147,"column":null}},"22":{"start":{"line":146,"column":8},"end":{"line":146,"column":null}},"23":{"start":{"line":154,"column":4},"end":{"line":159,"column":null}},"24":{"start":{"line":155,"column":8},"end":{"line":155,"column":46}},"25":{"start":{"line":155,"column":40},"end":{"line":155,"column":46}},"26":{"start":{"line":156,"column":22},"end":{"line":156,"column":110}},"27":{"start":{"line":156,"column":63},"end":{"line":156,"column":109}},"28":{"start":{"line":157,"column":8},"end":{"line":157,"column":null}},"29":{"start":{"line":157,"column":24},"end":{"line":157,"column":null}},"30":{"start":{"line":158,"column":8},"end":{"line":158,"column":null}},"31":{"start":{"line":165,"column":4},"end":{"line":170,"column":null}},"32":{"start":{"line":166,"column":8},"end":{"line":166,"column":46}},"33":{"start":{"line":166,"column":40},"end":{"line":166,"column":46}},"34":{"start":{"line":167,"column":22},"end":{"line":167,"column":111}},"35":{"start":{"line":167,"column":63},"end":{"line":167,"column":110}},"36":{"start":{"line":168,"column":8},"end":{"line":168,"column":null}},"37":{"start":{"line":168,"column":24},"end":{"line":168,"column":null}},"38":{"start":{"line":169,"column":8},"end":{"line":169,"column":null}},"39":{"start":{"line":176,"column":4},"end":{"line":181,"column":null}},"40":{"start":{"line":177,"column":8},"end":{"line":177,"column":46}},"41":{"start":{"line":177,"column":40},"end":{"line":177,"column":46}},"42":{"start":{"line":178,"column":22},"end":{"line":178,"column":112}},"43":{"start":{"line":178,"column":63},"end":{"line":178,"column":111}},"44":{"start":{"line":179,"column":8},"end":{"line":179,"column":null}},"45":{"start":{"line":179,"column":24},"end":{"line":179,"column":null}},"46":{"start":{"line":180,"column":8},"end":{"line":180,"column":null}},"47":{"start":{"line":26,"column":8},"end":{"line":26,"column":null}},"48":{"start":{"line":27,"column":8},"end":{"line":27,"column":null}},"49":{"start":{"line":49,"column":22},"end":{"line":62,"column":10}},"50":{"start":{"line":63,"column":8},"end":{"line":63,"column":null}},"51":{"start":{"line":64,"column":21},"end":{"line":64,"column":48}},"52":{"start":{"line":65,"column":16},"end":{"line":65,"column":18}},"53":{"start":{"line":67,"column":35},"end":{"line":88,"column":9}},"54":{"start":{"line":68,"column":31},"end":{"line":68,"column":46}},"55":{"start":{"line":69,"column":12},"end":{"line":87,"column":13}},"56":{"start":{"line":70,"column":16},"end":{"line":70,"column":null}},"57":{"start":{"line":72,"column":17},"end":{"line":87,"column":13}},"58":{"start":{"line":73,"column":16},"end":{"line":73,"column":null}},"59":{"start":{"line":75,"column":17},"end":{"line":87,"column":13}},"60":{"start":{"line":76,"column":16},"end":{"line":77,"column":null}},"61":{"start":{"line":76,"column":47},"end":{"line":76,"column":null}},"62":{"start":{"line":77,"column":21},"end":{"line":77,"column":null}},"63":{"start":{"line":79,"column":17},"end":{"line":87,"column":13}},"64":{"start":{"line":80,"column":16},"end":{"line":80,"column":null}},"65":{"start":{"line":82,"column":17},"end":{"line":87,"column":13}},"66":{"start":{"line":83,"column":16},"end":{"line":83,"column":null}},"67":{"start":{"line":85,"column":17},"end":{"line":87,"column":13}},"68":{"start":{"line":86,"column":16},"end":{"line":86,"column":null}},"69":{"start":{"line":89,"column":31},"end":{"line":97,"column":9}},"70":{"start":{"line":90,"column":12},"end":{"line":96,"column":13}},"71":{"start":{"line":90,"column":24},"end":{"line":90,"column":25}},"72":{"start":{"line":91,"column":16},"end":{"line":95,"column":17}},"73":{"start":{"line":91,"column":35},"end":{"line":91,"column":null}},"74":{"start":{"line":93,"column":20},"end":{"line":93,"column":null}},"75":{"start":{"line":94,"column":20},"end":{"line":94,"column":null}},"76":{"start":{"line":99,"column":8},"end":{"line":101,"column":null}},"77":{"start":{"line":100,"column":12},"end":{"line":100,"column":null}},"78":{"start":{"line":103,"column":8},"end":{"line":107,"column":null}},"79":{"start":{"line":104,"column":12},"end":{"line":104,"column":null}},"80":{"start":{"line":105,"column":26},"end":{"line":105,"column":65}},"81":{"start":{"line":105,"column":54},"end":{"line":105,"column":64}},"82":{"start":{"line":106,"column":12},"end":{"line":106,"column":null}},"83":{"start":{"line":106,"column":28},"end":{"line":106,"column":null}},"84":{"start":{"line":108,"column":8},"end":{"line":110,"column":null}},"85":{"start":{"line":109,"column":12},"end":{"line":109,"column":null}},"86":{"start":{"line":111,"column":8},"end":{"line":111,"column":41}},"87":{"start":{"line":112,"column":8},"end":{"line":114,"column":null}},"88":{"start":{"line":113,"column":12},"end":{"line":113,"column":null}},"89":{"start":{"line":115,"column":8},"end":{"line":115,"column":41}},"90":{"start":{"line":116,"column":8},"end":{"line":118,"column":null}},"91":{"start":{"line":117,"column":12},"end":{"line":117,"column":null}},"92":{"start":{"line":122,"column":8},"end":{"line":124,"column":null}},"93":{"start":{"line":125,"column":30},"end":{"line":125,"column":114}},"94":{"start":{"line":126,"column":25},"end":{"line":126,"column":61}},"95":{"start":{"line":127,"column":8},"end":{"line":129,"column":9}},"96":{"start":{"line":128,"column":12},"end":{"line":128,"column":null}},"97":{"start":{"line":130,"column":8},"end":{"line":130,"column":null}},"98":{"start":{"line":12,"column":0},"end":{"line":12,"column":13}}},"fnMap":{"0":{"name":"(anonymous_9)","decl":{"start":{"line":21,"column":4},"end":{"line":21,"column":15}},"loc":{"start":{"line":21,"column":20},"end":{"line":23,"column":5}}},"1":{"name":"(anonymous_10)","decl":{"start":{"line":25,"column":4},"end":{"line":25,"column":16}},"loc":{"start":{"line":25,"column":78},"end":{"line":28,"column":5}}},"2":{"name":"(anonymous_11)","decl":{"start":{"line":33,"column":15},"end":{"line":33,"column":18}},"loc":{"start":{"line":33,"column":20},"end":{"line":36,"column":5}}},"3":{"name":"(anonymous_12)","decl":{"start":{"line":35,"column":29},"end":{"line":35,"column":30}},"loc":{"start":{"line":35,"column":34},"end":{"line":35,"column":43}}},"4":{"name":"(anonymous_13)","decl":{"start":{"line":42,"column":18},"end":{"line":42,"column":19}},"loc":{"start":{"line":42,"column":48},"end":{"line":46,"column":5}}},"5":{"name":"(anonymous_14)","decl":{"start":{"line":137,"column":20},"end":{"line":137,"column":21}},"loc":{"start":{"line":137,"column":39},"end":{"line":139,"column":5}}},"6":{"name":"(anonymous_15)","decl":{"start":{"line":145,"column":15},"end":{"line":145,"column":16}},"loc":{"start":{"line":145,"column":34},"end":{"line":147,"column":5}}},"7":{"name":"(anonymous_16)","decl":{"start":{"line":154,"column":17},"end":{"line":154,"column":18}},"loc":{"start":{"line":154,"column":33},"end":{"line":159,"column":5}}},"8":{"name":"(anonymous_17)","decl":{"start":{"line":156,"column":58},"end":{"line":156,"column":59}},"loc":{"start":{"line":156,"column":63},"end":{"line":156,"column":109}}},"9":{"name":"(anonymous_18)","decl":{"start":{"line":165,"column":17},"end":{"line":165,"column":18}},"loc":{"start":{"line":165,"column":33},"end":{"line":170,"column":5}}},"10":{"name":"(anonymous_19)","decl":{"start":{"line":167,"column":58},"end":{"line":167,"column":59}},"loc":{"start":{"line":167,"column":63},"end":{"line":167,"column":110}}},"11":{"name":"(anonymous_20)","decl":{"start":{"line":176,"column":18},"end":{"line":176,"column":19}},"loc":{"start":{"line":176,"column":34},"end":{"line":181,"column":5}}},"12":{"name":"(anonymous_21)","decl":{"start":{"line":178,"column":58},"end":{"line":178,"column":59}},"loc":{"start":{"line":178,"column":63},"end":{"line":178,"column":111}}},"13":{"name":"(anonymous_22)","decl":{"start":{"line":48,"column":12},"end":{"line":48,"column":30}},"loc":{"start":{"line":48,"column":56},"end":{"line":119,"column":5}}},"14":{"name":"(anonymous_23)","decl":{"start":{"line":67,"column":35},"end":{"line":67,"column":36}},"loc":{"start":{"line":67,"column":50},"end":{"line":88,"column":9}}},"15":{"name":"(anonymous_24)","decl":{"start":{"line":89,"column":31},"end":{"line":89,"column":32}},"loc":{"start":{"line":89,"column":46},"end":{"line":97,"column":9}}},"16":{"name":"(anonymous_25)","decl":{"start":{"line":99,"column":26},"end":{"line":99,"column":27}},"loc":{"start":{"line":99,"column":34},"end":{"line":101,"column":9}}},"17":{"name":"(anonymous_26)","decl":{"start":{"line":103,"column":25},"end":{"line":103,"column":26}},"loc":{"start":{"line":103,"column":42},"end":{"line":107,"column":9}}},"18":{"name":"(anonymous_27)","decl":{"start":{"line":105,"column":49},"end":{"line":105,"column":50}},"loc":{"start":{"line":105,"column":54},"end":{"line":105,"column":64}}},"19":{"name":"(anonymous_28)","decl":{"start":{"line":108,"column":28},"end":{"line":108,"column":29}},"loc":{"start":{"line":108,"column":52},"end":{"line":110,"column":9}}},"20":{"name":"(anonymous_29)","decl":{"start":{"line":112,"column":32},"end":{"line":112,"column":33}},"loc":{"start":{"line":112,"column":42},"end":{"line":114,"column":9}}},"21":{"name":"(anonymous_30)","decl":{"start":{"line":116,"column":32},"end":{"line":116,"column":33}},"loc":{"start":{"line":116,"column":42},"end":{"line":118,"column":9}}},"22":{"name":"(anonymous_31)","decl":{"start":{"line":121,"column":12},"end":{"line":121,"column":22}},"loc":{"start":{"line":121,"column":76},"end":{"line":131,"column":5}}}},"branchMap":{"0":{"loc":{"start":{"line":43,"column":52},"end":{"line":43,"column":168}},"type":"cond-expr","locations":[{"start":{"line":43,"column":92},"end":{"line":43,"column":128}},{"start":{"line":43,"column":131},"end":{"line":43,"column":168}}]},"1":{"loc":{"start":{"line":155,"column":8},"end":{"line":155,"column":46}},"type":"if","locations":[{"start":{"line":155,"column":8},"end":{"line":155,"column":46}}]},"2":{"loc":{"start":{"line":156,"column":63},"end":{"line":156,"column":109}},"type":"binary-expr","locations":[{"start":{"line":156,"column":63},"end":{"line":156,"column":81}},{"start":{"line":156,"column":84},"end":{"line":156,"column":109}}]},"3":{"loc":{"start":{"line":157,"column":8},"end":{"line":157,"column":null}},"type":"if","locations":[{"start":{"line":157,"column":8},"end":{"line":157,"column":null}}]},"4":{"loc":{"start":{"line":166,"column":8},"end":{"line":166,"column":46}},"type":"if","locations":[{"start":{"line":166,"column":8},"end":{"line":166,"column":46}}]},"5":{"loc":{"start":{"line":167,"column":63},"end":{"line":167,"column":110}},"type":"binary-expr","locations":[{"start":{"line":167,"column":63},"end":{"line":167,"column":81}},{"start":{"line":167,"column":85},"end":{"line":167,"column":110}}]},"6":{"loc":{"start":{"line":168,"column":8},"end":{"line":168,"column":null}},"type":"if","locations":[{"start":{"line":168,"column":8},"end":{"line":168,"column":null}}]},"7":{"loc":{"start":{"line":177,"column":8},"end":{"line":177,"column":46}},"type":"if","locations":[{"start":{"line":177,"column":8},"end":{"line":177,"column":46}}]},"8":{"loc":{"start":{"line":178,"column":63},"end":{"line":178,"column":111}},"type":"binary-expr","locations":[{"start":{"line":178,"column":63},"end":{"line":178,"column":81}},{"start":{"line":178,"column":85},"end":{"line":178,"column":111}}]},"9":{"loc":{"start":{"line":179,"column":8},"end":{"line":179,"column":null}},"type":"if","locations":[{"start":{"line":179,"column":8},"end":{"line":179,"column":null}}]},"10":{"loc":{"start":{"line":69,"column":12},"end":{"line":87,"column":13}},"type":"if","locations":[{"start":{"line":69,"column":12},"end":{"line":87,"column":13}},{"start":{"line":72,"column":17},"end":{"line":87,"column":13}}]},"11":{"loc":{"start":{"line":72,"column":17},"end":{"line":87,"column":13}},"type":"if","locations":[{"start":{"line":72,"column":17},"end":{"line":87,"column":13}},{"start":{"line":75,"column":17},"end":{"line":87,"column":13}}]},"12":{"loc":{"start":{"line":75,"column":17},"end":{"line":87,"column":13}},"type":"if","locations":[{"start":{"line":75,"column":17},"end":{"line":87,"column":13}},{"start":{"line":79,"column":17},"end":{"line":87,"column":13}}]},"13":{"loc":{"start":{"line":76,"column":16},"end":{"line":77,"column":null}},"type":"if","locations":[{"start":{"line":76,"column":16},"end":{"line":77,"column":null}},{"start":{"line":77,"column":21},"end":{"line":77,"column":null}}]},"14":{"loc":{"start":{"line":79,"column":17},"end":{"line":87,"column":13}},"type":"if","locations":[{"start":{"line":79,"column":17},"end":{"line":87,"column":13}},{"start":{"line":82,"column":17},"end":{"line":87,"column":13}}]},"15":{"loc":{"start":{"line":82,"column":17},"end":{"line":87,"column":13}},"type":"if","locations":[{"start":{"line":82,"column":17},"end":{"line":87,"column":13}},{"start":{"line":85,"column":17},"end":{"line":87,"column":13}}]},"16":{"loc":{"start":{"line":85,"column":17},"end":{"line":87,"column":13}},"type":"if","locations":[{"start":{"line":85,"column":17},"end":{"line":87,"column":13}}]},"17":{"loc":{"start":{"line":91,"column":16},"end":{"line":95,"column":17}},"type":"if","locations":[{"start":{"line":91,"column":16},"end":{"line":95,"column":17}},{"start":{"line":92,"column":21},"end":{"line":95,"column":17}}]},"18":{"loc":{"start":{"line":104,"column":28},"end":{"line":104,"column":37}},"type":"binary-expr","locations":[{"start":{"line":104,"column":28},"end":{"line":104,"column":32}},{"start":{"line":104,"column":36},"end":{"line":104,"column":37}}]},"19":{"loc":{"start":{"line":104,"column":39},"end":{"line":104,"column":51}},"type":"binary-expr","locations":[{"start":{"line":104,"column":39},"end":{"line":104,"column":45}},{"start":{"line":104,"column":49},"end":{"line":104,"column":51}}]},"20":{"loc":{"start":{"line":106,"column":12},"end":{"line":106,"column":null}},"type":"if","locations":[{"start":{"line":106,"column":12},"end":{"line":106,"column":null}}]},"21":{"loc":{"start":{"line":122,"column":27},"end":{"line":124,"column":48}},"type":"cond-expr","locations":[{"start":{"line":123,"column":12},"end":{"line":123,"column":55}},{"start":{"line":124,"column":12},"end":{"line":124,"column":48}}]},"22":{"loc":{"start":{"line":127,"column":8},"end":{"line":129,"column":9}},"type":"if","locations":[{"start":{"line":127,"column":8},"end":{"line":129,"column":9}}]}},"s":{"0":1,"1":1,"2":1,"3":1,"4":1,"5":1,"6":0,"7":1,"8":1,"9":1,"10":1,"11":1,"12":0,"13":0,"14":0,"15":1,"16":0,"17":0,"18":0,"19":1,"20":0,"21":1,"22":0,"23":1,"24":0,"25":0,"26":0,"27":0,"28":0,"29":0,"30":0,"31":1,"32":0,"33":0,"34":0,"35":0,"36":0,"37":0,"38":0,"39":1,"40":0,"41":0,"42":0,"43":0,"44":0,"45":0,"46":0,"47":1,"48":1,"49":0,"50":0,"51":0,"52":0,"53":0,"54":0,"55":0,"56":0,"57":0,"58":0,"59":0,"60":0,"61":0,"62":0,"63":0,"64":0,"65":0,"66":0,"67":0,"68":0,"69":0,"70":0,"71":0,"72":0,"73":0,"74":0,"75":0,"76":0,"77":0,"78":0,"79":0,"80":0,"81":0,"82":0,"83":0,"84":0,"85":0,"86":0,"87":0,"88":0,"89":0,"90":0,"91":0,"92":0,"93":0,"94":0,"95":0,"96":0,"97":0,"98":1},"f":{"0":0,"1":1,"2":0,"3":0,"4":0,"5":0,"6":0,"7":0,"8":0,"9":0,"10":0,"11":0,"12":0,"13":0,"14":0,"15":0,"16":0,"17":0,"18":0,"19":0,"20":0,"21":0,"22":0},"b":{"0":[0,0],"1":[0],"2":[0,0],"3":[0],"4":[0],"5":[0,0],"6":[0],"7":[0],"8":[0,0],"9":[0],"10":[0,0],"11":[0,0],"12":[0,0],"13":[0,0],"14":[0,0],"15":[0,0],"16":[0],"17":[0,0],"18":[0,0],"19":[0,0],"20":[0],"21":[0,0],"22":[0]}}
,"G:\\Developer\\Funique\\ComputeTool\\src\\share\\client\\os.ts": {"path":"G:\\Developer\\Funique\\ComputeTool\\src\\share\\client\\os.ts","statementMap":{"0":{"start":{"line":1,"column":0},"end":{"line":1,"column":38}},"1":{"start":{"line":2,"column":0},"end":{"line":2,"column":20}},"2":{"start":{"line":26,"column":4},"end":{"line":26,"column":null}},"3":{"start":{"line":41,"column":4},"end":{"line":44,"column":null}},"4":{"start":{"line":42,"column":8},"end":{"line":42,"column":null}},"5":{"start":{"line":43,"column":8},"end":{"line":43,"column":null}},"6":{"start":{"line":46,"column":4},"end":{"line":49,"column":null}},"7":{"start":{"line":47,"column":8},"end":{"line":47,"column":null}},"8":{"start":{"line":48,"column":8},"end":{"line":48,"column":null}},"9":{"start":{"line":51,"column":4},"end":{"line":54,"column":null}},"10":{"start":{"line":52,"column":8},"end":{"line":52,"column":null}},"11":{"start":{"line":53,"column":8},"end":{"line":53,"column":29}},"12":{"start":{"line":56,"column":4},"end":{"line":59,"column":null}},"13":{"start":{"line":57,"column":8},"end":{"line":57,"column":null}},"14":{"start":{"line":58,"column":8},"end":{"line":58,"column":null}},"15":{"start":{"line":61,"column":4},"end":{"line":64,"column":null}},"16":{"start":{"line":62,"column":8},"end":{"line":62,"column":null}},"17":{"start":{"line":63,"column":8},"end":{"line":63,"column":null}},"18":{"start":{"line":66,"column":4},"end":{"line":70,"column":null}},"19":{"start":{"line":67,"column":18},"end":{"line":67,"column":42}},"20":{"start":{"line":68,"column":8},"end":{"line":68,"column":null}},"21":{"start":{"line":69,"column":8},"end":{"line":69,"column":null}},"22":{"start":{"line":72,"column":4},"end":{"line":77,"column":null}},"23":{"start":{"line":73,"column":18},"end":{"line":73,"column":37}},"24":{"start":{"line":74,"column":8},"end":{"line":74,"column":null}},"25":{"start":{"line":74,"column":15},"end":{"line":74,"column":null}},"26":{"start":{"line":75,"column":21},"end":{"line":75,"column":43}},"27":{"start":{"line":76,"column":8},"end":{"line":76,"column":null}},"28":{"start":{"line":79,"column":4},"end":{"line":84,"column":null}},"29":{"start":{"line":80,"column":18},"end":{"line":80,"column":37}},"30":{"start":{"line":81,"column":8},"end":{"line":81,"column":null}},"31":{"start":{"line":81,"column":15},"end":{"line":81,"column":null}},"32":{"start":{"line":82,"column":21},"end":{"line":82,"column":43}},"33":{"start":{"line":83,"column":8},"end":{"line":83,"column":null}},"34":{"start":{"line":86,"column":4},"end":{"line":89,"column":null}},"35":{"start":{"line":87,"column":18},"end":{"line":87,"column":109}},"36":{"start":{"line":87,"column":81},"end":{"line":87,"column":91}},"37":{"start":{"line":87,"column":102},"end":{"line":87,"column":108}},"38":{"start":{"line":88,"column":8},"end":{"line":88,"column":null}},"39":{"start":{"line":91,"column":4},"end":{"line":94,"column":null}},"40":{"start":{"line":92,"column":18},"end":{"line":92,"column":114}},"41":{"start":{"line":92,"column":81},"end":{"line":92,"column":96}},"42":{"start":{"line":92,"column":107},"end":{"line":92,"column":113}},"43":{"start":{"line":93,"column":8},"end":{"line":93,"column":null}},"44":{"start":{"line":96,"column":4},"end":{"line":99,"column":null}},"45":{"start":{"line":97,"column":8},"end":{"line":97,"column":null}},"46":{"start":{"line":98,"column":8},"end":{"line":98,"column":null}},"47":{"start":{"line":101,"column":4},"end":{"line":104,"column":null}},"48":{"start":{"line":102,"column":8},"end":{"line":102,"column":null}},"49":{"start":{"line":103,"column":8},"end":{"line":103,"column":null}},"50":{"start":{"line":106,"column":4},"end":{"line":108,"column":null}},"51":{"start":{"line":107,"column":8},"end":{"line":107,"column":null}},"52":{"start":{"line":113,"column":4},"end":{"line":118,"column":null}},"53":{"start":{"line":114,"column":8},"end":{"line":114,"column":null}},"54":{"start":{"line":115,"column":8},"end":{"line":117,"column":17}},"55":{"start":{"line":116,"column":12},"end":{"line":116,"column":null}},"56":{"start":{"line":127,"column":4},"end":{"line":174,"column":null}},"57":{"start":{"line":127,"column":80},"end":{"line":174,"column":null}},"58":{"start":{"line":128,"column":8},"end":{"line":128,"column":null}},"59":{"start":{"line":129,"column":8},"end":{"line":129,"column":null}},"60":{"start":{"line":130,"column":8},"end":{"line":130,"column":null}},"61":{"start":{"line":131,"column":8},"end":{"line":173,"column":null}},"62":{"start":{"line":132,"column":26},"end":{"line":138,"column":14}},"63":{"start":{"line":140,"column":26},"end":{"line":145,"column":19}},"64":{"start":{"line":141,"column":16},"end":{"line":144,"column":17}},"65":{"start":{"line":142,"column":20},"end":{"line":142,"column":null}},"66":{"start":{"line":143,"column":20},"end":{"line":143,"column":null}},"67":{"start":{"line":146,"column":12},"end":{"line":148,"column":null}},"68":{"start":{"line":147,"column":16},"end":{"line":147,"column":null}},"69":{"start":{"line":149,"column":12},"end":{"line":152,"column":null}},"70":{"start":{"line":150,"column":16},"end":{"line":150,"column":null}},"71":{"start":{"line":151,"column":16},"end":{"line":151,"column":null}},"72":{"start":{"line":153,"column":12},"end":{"line":155,"column":null}},"73":{"start":{"line":154,"column":16},"end":{"line":154,"column":null}},"74":{"start":{"line":156,"column":12},"end":{"line":158,"column":null}},"75":{"start":{"line":157,"column":16},"end":{"line":157,"column":null}},"76":{"start":{"line":159,"column":12},"end":{"line":163,"column":null}},"77":{"start":{"line":160,"column":16},"end":{"line":160,"column":null}},"78":{"start":{"line":161,"column":16},"end":{"line":161,"column":null}},"79":{"start":{"line":162,"column":16},"end":{"line":162,"column":null}},"80":{"start":{"line":164,"column":12},"end":{"line":164,"column":45}},"81":{"start":{"line":165,"column":12},"end":{"line":167,"column":null}},"82":{"start":{"line":166,"column":16},"end":{"line":166,"column":null}},"83":{"start":{"line":168,"column":12},"end":{"line":168,"column":45}},"84":{"start":{"line":169,"column":12},"end":{"line":171,"column":null}},"85":{"start":{"line":170,"column":16},"end":{"line":170,"column":null}},"86":{"start":{"line":35,"column":8},"end":{"line":35,"column":null}},"87":{"start":{"line":36,"column":8},"end":{"line":36,"column":null}},"88":{"start":{"line":37,"column":8},"end":{"line":37,"column":null}},"89":{"start":{"line":38,"column":8},"end":{"line":38,"column":null}},"90":{"start":{"line":17,"column":0},"end":{"line":17,"column":13}}},"fnMap":{"0":{"name":"(anonymous_8)","decl":{"start":{"line":34,"column":4},"end":{"line":34,"column":16}},"loc":{"start":{"line":34,"column":98},"end":{"line":39,"column":5}}},"1":{"name":"(anonymous_9)","decl":{"start":{"line":41,"column":16},"end":{"line":41,"column":17}},"loc":{"start":{"line":41,"column":33},"end":{"line":44,"column":5}}},"2":{"name":"(anonymous_10)","decl":{"start":{"line":46,"column":15},"end":{"line":46,"column":16}},"loc":{"start":{"line":46,"column":32},"end":{"line":49,"column":5}}},"3":{"name":"(anonymous_11)","decl":{"start":{"line":51,"column":18},"end":{"line":51,"column":19}},"loc":{"start":{"line":51,"column":35},"end":{"line":54,"column":5}}},"4":{"name":"(anonymous_12)","decl":{"start":{"line":56,"column":17},"end":{"line":56,"column":18}},"loc":{"start":{"line":56,"column":34},"end":{"line":59,"column":5}}},"5":{"name":"(anonymous_13)","decl":{"start":{"line":61,"column":13},"end":{"line":61,"column":14}},"loc":{"start":{"line":61,"column":30},"end":{"line":64,"column":5}}},"6":{"name":"(anonymous_14)","decl":{"start":{"line":66,"column":15},"end":{"line":66,"column":16}},"loc":{"start":{"line":66,"column":40},"end":{"line":70,"column":5}}},"7":{"name":"(anonymous_15)","decl":{"start":{"line":72,"column":19},"end":{"line":72,"column":20}},"loc":{"start":{"line":72,"column":44},"end":{"line":77,"column":5}}},"8":{"name":"(anonymous_16)","decl":{"start":{"line":79,"column":20},"end":{"line":79,"column":21}},"loc":{"start":{"line":79,"column":45},"end":{"line":84,"column":5}}},"9":{"name":"(anonymous_17)","decl":{"start":{"line":86,"column":16},"end":{"line":86,"column":17}},"loc":{"start":{"line":86,"column":47},"end":{"line":89,"column":5}}},"10":{"name":"(anonymous_18)","decl":{"start":{"line":87,"column":76},"end":{"line":87,"column":77}},"loc":{"start":{"line":87,"column":81},"end":{"line":87,"column":91}}},"11":{"name":"(anonymous_19)","decl":{"start":{"line":87,"column":97},"end":{"line":87,"column":98}},"loc":{"start":{"line":87,"column":102},"end":{"line":87,"column":108}}},"12":{"name":"(anonymous_20)","decl":{"start":{"line":91,"column":15},"end":{"line":91,"column":16}},"loc":{"start":{"line":91,"column":46},"end":{"line":94,"column":5}}},"13":{"name":"(anonymous_21)","decl":{"start":{"line":92,"column":76},"end":{"line":92,"column":77}},"loc":{"start":{"line":92,"column":81},"end":{"line":92,"column":96}}},"14":{"name":"(anonymous_22)","decl":{"start":{"line":92,"column":102},"end":{"line":92,"column":103}},"loc":{"start":{"line":92,"column":107},"end":{"line":92,"column":113}}},"15":{"name":"(anonymous_23)","decl":{"start":{"line":96,"column":17},"end":{"line":96,"column":18}},"loc":{"start":{"line":96,"column":34},"end":{"line":99,"column":5}}},"16":{"name":"(anonymous_24)","decl":{"start":{"line":101,"column":17},"end":{"line":101,"column":18}},"loc":{"start":{"line":101,"column":34},"end":{"line":104,"column":5}}},"17":{"name":"(anonymous_25)","decl":{"start":{"line":106,"column":16},"end":{"line":106,"column":17}},"loc":{"start":{"line":106,"column":33},"end":{"line":108,"column":5}}},"18":{"name":"(anonymous_26)","decl":{"start":{"line":113,"column":14},"end":{"line":113,"column":17}},"loc":{"start":{"line":113,"column":19},"end":{"line":118,"column":5}}},"19":{"name":"(anonymous_27)","decl":{"start":{"line":115,"column":19},"end":{"line":115,"column":22}},"loc":{"start":{"line":115,"column":24},"end":{"line":117,"column":9}}},"20":{"name":"(anonymous_28)","decl":{"start":{"line":127,"column":14},"end":{"line":127,"column":21}},"loc":{"start":{"line":127,"column":80},"end":{"line":174,"column":null}}},"21":{"name":"(anonymous_29)","decl":{"start":{"line":127,"column":80},"end":{"line":127,"column":null}},"loc":{"start":{"line":127,"column":80},"end":{"line":174,"column":5}}},"22":{"name":"(anonymous_30)","decl":{"start":{"line":131,"column":35},"end":{"line":131,"column":36}},"loc":{"start":{"line":131,"column":55},"end":{"line":173,"column":9}}},"23":{"name":"(anonymous_31)","decl":{"start":{"line":140,"column":38},"end":{"line":140,"column":41}},"loc":{"start":{"line":140,"column":43},"end":{"line":145,"column":13}}},"24":{"name":"(anonymous_32)","decl":{"start":{"line":146,"column":30},"end":{"line":146,"column":33}},"loc":{"start":{"line":146,"column":35},"end":{"line":148,"column":13}}},"25":{"name":"(anonymous_33)","decl":{"start":{"line":149,"column":30},"end":{"line":149,"column":31}},"loc":{"start":{"line":149,"column":38},"end":{"line":152,"column":13}}},"26":{"name":"(anonymous_34)","decl":{"start":{"line":153,"column":29},"end":{"line":153,"column":30}},"loc":{"start":{"line":153,"column":46},"end":{"line":155,"column":13}}},"27":{"name":"(anonymous_35)","decl":{"start":{"line":156,"column":32},"end":{"line":156,"column":33}},"loc":{"start":{"line":156,"column":56},"end":{"line":158,"column":13}}},"28":{"name":"(anonymous_36)","decl":{"start":{"line":159,"column":30},"end":{"line":159,"column":31}},"loc":{"start":{"line":159,"column":47},"end":{"line":163,"column":13}}},"29":{"name":"(anonymous_37)","decl":{"start":{"line":165,"column":36},"end":{"line":165,"column":37}},"loc":{"start":{"line":165,"column":46},"end":{"line":167,"column":13}}},"30":{"name":"(anonymous_38)","decl":{"start":{"line":169,"column":36},"end":{"line":169,"column":37}},"loc":{"start":{"line":169,"column":46},"end":{"line":171,"column":13}}}},"branchMap":{"0":{"loc":{"start":{"line":74,"column":8},"end":{"line":74,"column":null}},"type":"if","locations":[{"start":{"line":74,"column":8},"end":{"line":74,"column":null}}]},"1":{"loc":{"start":{"line":81,"column":8},"end":{"line":81,"column":null}},"type":"if","locations":[{"start":{"line":81,"column":8},"end":{"line":81,"column":null}}]},"2":{"loc":{"start":{"line":141,"column":16},"end":{"line":144,"column":17}},"type":"if","locations":[{"start":{"line":141,"column":16},"end":{"line":144,"column":17}}]}},"s":{"0":1,"1":1,"2":1,"3":1,"4":0,"5":0,"6":1,"7":0,"8":0,"9":1,"10":0,"11":0,"12":1,"13":0,"14":0,"15":1,"16":0,"17":0,"18":1,"19":0,"20":0,"21":0,"22":1,"23":0,"24":0,"25":0,"26":0,"27":0,"28":1,"29":0,"30":0,"31":0,"32":0,"33":0,"34":1,"35":0,"36":0,"37":0,"38":0,"39":1,"40":0,"41":0,"42":0,"43":0,"44":1,"45":0,"46":0,"47":1,"48":0,"49":0,"50":1,"51":0,"52":1,"53":0,"54":0,"55":0,"56":1,"57":0,"58":0,"59":0,"60":0,"61":0,"62":0,"63":0,"64":0,"65":0,"66":0,"67":0,"68":0,"69":0,"70":0,"71":0,"72":0,"73":0,"74":0,"75":0,"76":0,"77":0,"78":0,"79":0,"80":0,"81":0,"82":0,"83":0,"84":0,"85":0,"86":1,"87":1,"88":1,"89":1,"90":1},"f":{"0":1,"1":0,"2":0,"3":0,"4":0,"5":0,"6":0,"7":0,"8":0,"9":0,"10":0,"11":0,"12":0,"13":0,"14":0,"15":0,"16":0,"17":0,"18":0,"19":0,"20":0,"21":0,"22":0,"23":0,"24":0,"25":0,"26":0,"27":0,"28":0,"29":0,"30":0},"b":{"0":[0],"1":[0],"2":[0]}}
,"G:\\Developer\\Funique\\ComputeTool\\src\\share\\client\\parameter.ts": {"path":"G:\\Developer\\Funique\\ComputeTool\\src\\share\\client\\parameter.ts","statementMap":{"0":{"start":{"line":19,"column":4},"end":{"line":29,"column":null}},"1":{"start":{"line":20,"column":8},"end":{"line":20,"column":43}},"2":{"start":{"line":20,"column":37},"end":{"line":20,"column":43}},"3":{"start":{"line":21,"column":25},"end":{"line":27,"column":null}},"4":{"start":{"line":28,"column":8},"end":{"line":28,"column":null}},"5":{"start":{"line":34,"column":4},"end":{"line":44,"column":null}},"6":{"start":{"line":35,"column":8},"end":{"line":35,"column":43}},"7":{"start":{"line":35,"column":37},"end":{"line":35,"column":43}},"8":{"start":{"line":36,"column":25},"end":{"line":42,"column":null}},"9":{"start":{"line":43,"column":8},"end":{"line":43,"column":null}},"10":{"start":{"line":49,"column":4},"end":{"line":59,"column":null}},"11":{"start":{"line":50,"column":8},"end":{"line":50,"column":43}},"12":{"start":{"line":50,"column":37},"end":{"line":50,"column":43}},"13":{"start":{"line":51,"column":25},"end":{"line":57,"column":null}},"14":{"start":{"line":58,"column":8},"end":{"line":58,"column":null}},"15":{"start":{"line":12,"column":8},"end":{"line":12,"column":null}},"16":{"start":{"line":8,"column":0},"end":{"line":8,"column":13}}},"fnMap":{"0":{"name":"(anonymous_0)","decl":{"start":{"line":11,"column":4},"end":{"line":11,"column":16}},"loc":{"start":{"line":11,"column":45},"end":{"line":13,"column":5}}},"1":{"name":"(anonymous_1)","decl":{"start":{"line":19,"column":21},"end":{"line":19,"column":22}},"loc":{"start":{"line":19,"column":37},"end":{"line":29,"column":5}}},"2":{"name":"(anonymous_2)","decl":{"start":{"line":34,"column":22},"end":{"line":34,"column":23}},"loc":{"start":{"line":34,"column":38},"end":{"line":44,"column":5}}},"3":{"name":"(anonymous_3)","decl":{"start":{"line":49,"column":21},"end":{"line":49,"column":22}},"loc":{"start":{"line":49,"column":37},"end":{"line":59,"column":5}}}},"branchMap":{"0":{"loc":{"start":{"line":20,"column":8},"end":{"line":20,"column":43}},"type":"if","locations":[{"start":{"line":20,"column":8},"end":{"line":20,"column":43}}]},"1":{"loc":{"start":{"line":35,"column":8},"end":{"line":35,"column":43}},"type":"if","locations":[{"start":{"line":35,"column":8},"end":{"line":35,"column":43}}]},"2":{"loc":{"start":{"line":50,"column":8},"end":{"line":50,"column":43}},"type":"if","locations":[{"start":{"line":50,"column":8},"end":{"line":50,"column":43}}]}},"s":{"0":0,"1":0,"2":0,"3":0,"4":0,"5":0,"6":0,"7":0,"8":0,"9":0,"10":0,"11":0,"12":0,"13":0,"14":0,"15":0,"16":1},"f":{"0":0,"1":0,"2":0,"3":0},"b":{"0":[0],"1":[0],"2":[0]}}
,"G:\\Developer\\Funique\\ComputeTool\\src\\share\\client\\shell.ts": {"path":"G:\\Developer\\Funique\\ComputeTool\\src\\share\\client\\shell.ts","statementMap":{"0":{"start":{"line":1,"column":0},"end":{"line":1,"column":52}},"1":{"start":{"line":5,"column":0},"end":{"line":5,"column":32}},"2":{"start":{"line":12,"column":12},"end":{"line":12,"column":null}},"3":{"start":{"line":24,"column":4},"end":{"line":72,"column":null}},"4":{"start":{"line":25,"column":8},"end":{"line":28,"column":9}},"5":{"start":{"line":25,"column":40},"end":{"line":25,"column":54}},"6":{"start":{"line":26,"column":12},"end":{"line":26,"column":null}},"7":{"start":{"line":27,"column":12},"end":{"line":27,"column":18}},"8":{"start":{"line":29,"column":22},"end":{"line":37,"column":10}},"9":{"start":{"line":38,"column":8},"end":{"line":38,"column":null}},"10":{"start":{"line":39,"column":16},"end":{"line":39,"column":18}},"11":{"start":{"line":40,"column":31},"end":{"line":56,"column":9}},"12":{"start":{"line":41,"column":12},"end":{"line":55,"column":13}},"13":{"start":{"line":41,"column":24},"end":{"line":41,"column":25}},"14":{"start":{"line":42,"column":16},"end":{"line":54,"column":17}},"15":{"start":{"line":43,"column":40},"end":{"line":45,"column":null}},"16":{"start":{"line":46,"column":37},"end":{"line":49,"column":null}},"17":{"start":{"line":50,"column":20},"end":{"line":50,"column":null}},"18":{"start":{"line":51,"column":20},"end":{"line":51,"column":null}},"19":{"start":{"line":53,"column":20},"end":{"line":53,"column":null}},"20":{"start":{"line":57,"column":8},"end":{"line":60,"column":null}},"21":{"start":{"line":58,"column":26},"end":{"line":58,"column":75}},"22":{"start":{"line":58,"column":60},"end":{"line":58,"column":74}},"23":{"start":{"line":59,"column":12},"end":{"line":59,"column":null}},"24":{"start":{"line":59,"column":28},"end":{"line":59,"column":null}},"25":{"start":{"line":61,"column":8},"end":{"line":63,"column":null}},"26":{"start":{"line":62,"column":12},"end":{"line":62,"column":null}},"27":{"start":{"line":64,"column":8},"end":{"line":64,"column":41}},"28":{"start":{"line":65,"column":8},"end":{"line":67,"column":null}},"29":{"start":{"line":66,"column":12},"end":{"line":66,"column":null}},"30":{"start":{"line":68,"column":8},"end":{"line":68,"column":41}},"31":{"start":{"line":69,"column":8},"end":{"line":71,"column":null}},"32":{"start":{"line":70,"column":12},"end":{"line":70,"column":null}},"33":{"start":{"line":78,"column":4},"end":{"line":85,"column":null}},"34":{"start":{"line":79,"column":18},"end":{"line":79,"column":62}},"35":{"start":{"line":79,"column":47},"end":{"line":79,"column":61}},"36":{"start":{"line":80,"column":8},"end":{"line":83,"column":9}},"37":{"start":{"line":81,"column":12},"end":{"line":81,"column":null}},"38":{"start":{"line":82,"column":12},"end":{"line":82,"column":18}},"39":{"start":{"line":84,"column":8},"end":{"line":84,"column":null}},"40":{"start":{"line":91,"column":4},"end":{"line":98,"column":null}},"41":{"start":{"line":92,"column":18},"end":{"line":92,"column":62}},"42":{"start":{"line":92,"column":47},"end":{"line":92,"column":61}},"43":{"start":{"line":93,"column":8},"end":{"line":96,"column":9}},"44":{"start":{"line":94,"column":12},"end":{"line":94,"column":null}},"45":{"start":{"line":95,"column":12},"end":{"line":95,"column":18}},"46":{"start":{"line":97,"column":8},"end":{"line":97,"column":null}},"47":{"start":{"line":100,"column":4},"end":{"line":118,"column":null}},"48":{"start":{"line":101,"column":8},"end":{"line":103,"column":9}},"49":{"start":{"line":102,"column":12},"end":{"line":102,"column":null}},"50":{"start":{"line":104,"column":8},"end":{"line":106,"column":9}},"51":{"start":{"line":105,"column":12},"end":{"line":105,"column":null}},"52":{"start":{"line":107,"column":30},"end":{"line":112,"column":null}},"53":{"start":{"line":113,"column":25},"end":{"line":116,"column":null}},"54":{"start":{"line":117,"column":8},"end":{"line":117,"column":null}},"55":{"start":{"line":120,"column":4},"end":{"line":124,"column":null}},"56":{"start":{"line":121,"column":18},"end":{"line":121,"column":62}},"57":{"start":{"line":121,"column":47},"end":{"line":121,"column":61}},"58":{"start":{"line":122,"column":8},"end":{"line":122,"column":33}},"59":{"start":{"line":122,"column":27},"end":{"line":122,"column":33}},"60":{"start":{"line":123,"column":8},"end":{"line":123,"column":null}},"61":{"start":{"line":15,"column":8},"end":{"line":15,"column":null}},"62":{"start":{"line":15,"column":37},"end":{"line":15,"column":44}},"63":{"start":{"line":15,"column":52},"end":{"line":15,"column":54}},"64":{"start":{"line":16,"column":8},"end":{"line":16,"column":null}},"65":{"start":{"line":17,"column":8},"end":{"line":17,"column":null}},"66":{"start":{"line":8,"column":0},"end":{"line":8,"column":13}}},"fnMap":{"0":{"name":"(anonymous_0)","decl":{"start":{"line":14,"column":4},"end":{"line":14,"column":16}},"loc":{"start":{"line":14,"column":74},"end":{"line":18,"column":5}}},"1":{"name":"(anonymous_1)","decl":{"start":{"line":24,"column":17},"end":{"line":24,"column":18}},"loc":{"start":{"line":24,"column":51},"end":{"line":72,"column":5}}},"2":{"name":"(anonymous_2)","decl":{"start":{"line":25,"column":35},"end":{"line":25,"column":36}},"loc":{"start":{"line":25,"column":40},"end":{"line":25,"column":54}}},"3":{"name":"(anonymous_3)","decl":{"start":{"line":40,"column":31},"end":{"line":40,"column":32}},"loc":{"start":{"line":40,"column":46},"end":{"line":56,"column":9}}},"4":{"name":"(anonymous_4)","decl":{"start":{"line":57,"column":25},"end":{"line":57,"column":26}},"loc":{"start":{"line":57,"column":42},"end":{"line":60,"column":9}}},"5":{"name":"(anonymous_5)","decl":{"start":{"line":58,"column":55},"end":{"line":58,"column":56}},"loc":{"start":{"line":58,"column":60},"end":{"line":58,"column":74}}},"6":{"name":"(anonymous_6)","decl":{"start":{"line":61,"column":28},"end":{"line":61,"column":29}},"loc":{"start":{"line":61,"column":52},"end":{"line":63,"column":9}}},"7":{"name":"(anonymous_7)","decl":{"start":{"line":65,"column":32},"end":{"line":65,"column":33}},"loc":{"start":{"line":65,"column":42},"end":{"line":67,"column":9}}},"8":{"name":"(anonymous_8)","decl":{"start":{"line":69,"column":32},"end":{"line":69,"column":33}},"loc":{"start":{"line":69,"column":42},"end":{"line":71,"column":9}}},"9":{"name":"(anonymous_9)","decl":{"start":{"line":78,"column":18},"end":{"line":78,"column":19}},"loc":{"start":{"line":78,"column":53},"end":{"line":85,"column":5}}},"10":{"name":"(anonymous_10)","decl":{"start":{"line":79,"column":42},"end":{"line":79,"column":43}},"loc":{"start":{"line":79,"column":47},"end":{"line":79,"column":61}}},"11":{"name":"(anonymous_11)","decl":{"start":{"line":91,"column":18},"end":{"line":91,"column":19}},"loc":{"start":{"line":91,"column":52},"end":{"line":98,"column":5}}},"12":{"name":"(anonymous_12)","decl":{"start":{"line":92,"column":42},"end":{"line":92,"column":43}},"loc":{"start":{"line":92,"column":47},"end":{"line":92,"column":61}}},"13":{"name":"(anonymous_13)","decl":{"start":{"line":100,"column":19},"end":{"line":100,"column":20}},"loc":{"start":{"line":100,"column":53},"end":{"line":118,"column":5}}},"14":{"name":"(anonymous_14)","decl":{"start":{"line":120,"column":17},"end":{"line":120,"column":18}},"loc":{"start":{"line":120,"column":38},"end":{"line":124,"column":5}}},"15":{"name":"(anonymous_15)","decl":{"start":{"line":121,"column":42},"end":{"line":121,"column":43}},"loc":{"start":{"line":121,"column":47},"end":{"line":121,"column":61}}},"16":{"name":"(anonymous_16)","decl":{"start":{"line":15,"column":31},"end":{"line":15,"column":34}},"loc":{"start":{"line":15,"column":37},"end":{"line":15,"column":44}}},"17":{"name":"(anonymous_17)","decl":{"start":{"line":15,"column":46},"end":{"line":15,"column":49}},"loc":{"start":{"line":15,"column":52},"end":{"line":15,"column":54}}}},"branchMap":{"0":{"loc":{"start":{"line":25,"column":8},"end":{"line":28,"column":9}},"type":"if","locations":[{"start":{"line":25,"column":8},"end":{"line":28,"column":9}}]},"1":{"loc":{"start":{"line":42,"column":16},"end":{"line":54,"column":17}},"type":"if","locations":[{"start":{"line":42,"column":16},"end":{"line":54,"column":17}},{"start":{"line":52,"column":21},"end":{"line":54,"column":17}}]},"2":{"loc":{"start":{"line":59,"column":12},"end":{"line":59,"column":null}},"type":"if","locations":[{"start":{"line":59,"column":12},"end":{"line":59,"column":null}}]},"3":{"loc":{"start":{"line":80,"column":8},"end":{"line":83,"column":9}},"type":"if","locations":[{"start":{"line":80,"column":8},"end":{"line":83,"column":9}}]},"4":{"loc":{"start":{"line":84,"column":8},"end":{"line":84,"column":39}},"type":"cond-expr","locations":[{"start":{"line":84,"column":18},"end":{"line":84,"column":20}},{"start":{"line":84,"column":18},"end":{"line":84,"column":39}}]},"5":{"loc":{"start":{"line":84,"column":8},"end":{"line":84,"column":20}},"type":"binary-expr","locations":[{"start":{"line":84,"column":8},"end":{"line":84,"column":20}},{"start":{"line":84,"column":18},"end":{"line":84,"column":20}}]},"6":{"loc":{"start":{"line":93,"column":8},"end":{"line":96,"column":9}},"type":"if","locations":[{"start":{"line":93,"column":8},"end":{"line":96,"column":9}}]},"7":{"loc":{"start":{"line":101,"column":8},"end":{"line":103,"column":9}},"type":"if","locations":[{"start":{"line":101,"column":8},"end":{"line":103,"column":9}}]},"8":{"loc":{"start":{"line":104,"column":8},"end":{"line":106,"column":9}},"type":"if","locations":[{"start":{"line":104,"column":8},"end":{"line":106,"column":9}}]},"9":{"loc":{"start":{"line":122,"column":8},"end":{"line":122,"column":33}},"type":"if","locations":[{"start":{"line":122,"column":8},"end":{"line":122,"column":33}}]}},"s":{"0":1,"1":1,"2":1,"3":1,"4":0,"5":0,"6":0,"7":0,"8":0,"9":0,"10":0,"11":0,"12":0,"13":0,"14":0,"15":0,"16":0,"17":0,"18":0,"19":0,"20":0,"21":0,"22":0,"23":0,"24":0,"25":0,"26":0,"27":0,"28":0,"29":0,"30":0,"31":0,"32":0,"33":1,"34":0,"35":0,"36":0,"37":0,"38":0,"39":0,"40":1,"41":0,"42":0,"43":0,"44":0,"45":0,"46":0,"47":1,"48":0,"49":0,"50":0,"51":0,"52":0,"53":0,"54":0,"55":1,"56":0,"57":0,"58":0,"59":0,"60":0,"61":1,"62":0,"63":0,"64":1,"65":1,"66":1},"f":{"0":1,"1":0,"2":0,"3":0,"4":0,"5":0,"6":0,"7":0,"8":0,"9":0,"10":0,"11":0,"12":0,"13":0,"14":0,"15":0,"16":0,"17":0},"b":{"0":[0],"1":[0,0],"2":[0],"3":[0],"4":[0,0],"5":[0,0],"6":[0],"7":[0],"8":[0],"9":[0]}}
,"G:\\Developer\\Funique\\ComputeTool\\src\\share\\interface\\enum.ts": {"path":"G:\\Developer\\Funique\\ComputeTool\\src\\share\\interface\\enum.ts","statementMap":{"0":{"start":{"line":1,"column":0},"end":{"line":1,"column":null}},"1":{"start":{"line":2,"column":4},"end":{"line":2,"column":null}},"2":{"start":{"line":3,"column":4},"end":{"line":3,"column":null}},"3":{"start":{"line":4,"column":4},"end":{"line":4,"column":null}},"4":{"start":{"line":5,"column":4},"end":{"line":5,"column":null}},"5":{"start":{"line":8,"column":0},"end":{"line":8,"column":null}},"6":{"start":{"line":9,"column":4},"end":{"line":9,"column":null}},"7":{"start":{"line":10,"column":4},"end":{"line":10,"column":null}},"8":{"start":{"line":13,"column":0},"end":{"line":13,"column":null}},"9":{"start":{"line":14,"column":4},"end":{"line":14,"column":null}},"10":{"start":{"line":15,"column":4},"end":{"line":15,"column":null}},"11":{"start":{"line":16,"column":4},"end":{"line":16,"column":null}},"12":{"start":{"line":17,"column":4},"end":{"line":17,"column":null}},"13":{"start":{"line":18,"column":4},"end":{"line":18,"column":null}},"14":{"start":{"line":19,"column":4},"end":{"line":19,"column":null}},"15":{"start":{"line":22,"column":0},"end":{"line":22,"column":null}},"16":{"start":{"line":23,"column":4},"end":{"line":23,"column":null}},"17":{"start":{"line":24,"column":4},"end":{"line":24,"column":null}},"18":{"start":{"line":25,"column":4},"end":{"line":25,"column":null}},"19":{"start":{"line":26,"column":4},"end":{"line":26,"column":null}},"20":{"start":{"line":27,"column":4},"end":{"line":27,"column":null}},"21":{"start":{"line":28,"column":4},"end":{"line":28,"column":null}},"22":{"start":{"line":29,"column":4},"end":{"line":29,"column":null}},"23":{"start":{"line":30,"column":4},"end":{"line":30,"column":null}},"24":{"start":{"line":31,"column":4},"end":{"line":31,"column":null}},"25":{"start":{"line":34,"column":0},"end":{"line":34,"column":null}},"26":{"start":{"line":35,"column":4},"end":{"line":35,"column":null}},"27":{"start":{"line":36,"column":4},"end":{"line":36,"column":null}},"28":{"start":{"line":39,"column":0},"end":{"line":39,"column":null}},"29":{"start":{"line":40,"column":4},"end":{"line":40,"column":null}},"30":{"start":{"line":41,"column":4},"end":{"line":41,"column":null}},"31":{"start":{"line":42,"column":4},"end":{"line":42,"column":null}},"32":{"start":{"line":43,"column":4},"end":{"line":43,"column":null}},"33":{"start":{"line":44,"column":4},"end":{"line":44,"column":null}},"34":{"start":{"line":45,"column":4},"end":{"line":45,"column":null}},"35":{"start":{"line":48,"column":0},"end":{"line":48,"column":null}},"36":{"start":{"line":49,"column":4},"end":{"line":49,"column":10}},"37":{"start":{"line":49,"column":10},"end":{"line":49,"column":19}},"38":{"start":{"line":49,"column":19},"end":{"line":49,"column":27}},"39":{"start":{"line":49,"column":27},"end":{"line":49,"column":34}},"40":{"start":{"line":49,"column":34},"end":{"line":49,"column":null}},"41":{"start":{"line":52,"column":0},"end":{"line":52,"column":null}},"42":{"start":{"line":53,"column":4},"end":{"line":53,"column":null}},"43":{"start":{"line":54,"column":4},"end":{"line":54,"column":null}},"44":{"start":{"line":55,"column":4},"end":{"line":55,"column":null}},"45":{"start":{"line":56,"column":4},"end":{"line":56,"column":null}},"46":{"start":{"line":57,"column":4},"end":{"line":57,"column":null}},"47":{"start":{"line":60,"column":13},"end":{"line":65,"column":null}},"48":{"start":{"line":67,"column":13},"end":{"line":73,"column":null}},"49":{"start":{"line":75,"column":13},"end":{"line":78,"column":null}},"50":{"start":{"line":80,"column":13},"end":{"line":85,"column":null}},"51":{"start":{"line":87,"column":13},"end":{"line":94,"column":null}},"52":{"start":{"line":96,"column":13},"end":{"line":106,"column":null}},"53":{"start":{"line":108,"column":13},"end":{"line":111,"column":null}},"54":{"start":{"line":113,"column":13},"end":{"line":120,"column":null}}},"fnMap":{"0":{"name":"(anonymous_0)","decl":{"start":{"line":1,"column":0},"end":{"line":1,"column":12}},"loc":{"start":{"line":1,"column":20},"end":{"line":6,"column":1}}},"1":{"name":"(anonymous_1)","decl":{"start":{"line":8,"column":0},"end":{"line":8,"column":12}},"loc":{"start":{"line":8,"column":23},"end":{"line":11,"column":1}}},"2":{"name":"(anonymous_2)","decl":{"start":{"line":13,"column":0},"end":{"line":13,"column":12}},"loc":{"start":{"line":13,"column":27},"end":{"line":20,"column":1}}},"3":{"name":"(anonymous_3)","decl":{"start":{"line":22,"column":0},"end":{"line":22,"column":12}},"loc":{"start":{"line":22,"column":19},"end":{"line":32,"column":1}}},"4":{"name":"(anonymous_4)","decl":{"start":{"line":34,"column":0},"end":{"line":34,"column":12}},"loc":{"start":{"line":34,"column":20},"end":{"line":37,"column":1}}},"5":{"name":"(anonymous_5)","decl":{"start":{"line":39,"column":0},"end":{"line":39,"column":12}},"loc":{"start":{"line":39,"column":27},"end":{"line":46,"column":1}}},"6":{"name":"(anonymous_6)","decl":{"start":{"line":48,"column":0},"end":{"line":48,"column":12}},"loc":{"start":{"line":48,"column":24},"end":{"line":50,"column":1}}},"7":{"name":"(anonymous_7)","decl":{"start":{"line":52,"column":0},"end":{"line":52,"column":12}},"loc":{"start":{"line":52,"column":18},"end":{"line":58,"column":1}}}},"branchMap":{"0":{"loc":{"start":{"line":1,"column":12},"end":{"line":1,"column":null}},"type":"binary-expr","locations":[{"start":{"line":1,"column":12},"end":{"line":1,"column":20}},{"start":{"line":1,"column":20},"end":{"line":1,"column":null}}]},"1":{"loc":{"start":{"line":8,"column":12},"end":{"line":8,"column":null}},"type":"binary-expr","locations":[{"start":{"line":8,"column":12},"end":{"line":8,"column":23}},{"start":{"line":8,"column":23},"end":{"line":8,"column":null}}]},"2":{"loc":{"start":{"line":13,"column":12},"end":{"line":13,"column":null}},"type":"binary-expr","locations":[{"start":{"line":13,"column":12},"end":{"line":13,"column":27}},{"start":{"line":13,"column":27},"end":{"line":13,"column":null}}]},"3":{"loc":{"start":{"line":22,"column":12},"end":{"line":22,"column":null}},"type":"binary-expr","locations":[{"start":{"line":22,"column":12},"end":{"line":22,"column":19}},{"start":{"line":22,"column":19},"end":{"line":22,"column":null}}]},"4":{"loc":{"start":{"line":34,"column":12},"end":{"line":34,"column":null}},"type":"binary-expr","locations":[{"start":{"line":34,"column":12},"end":{"line":34,"column":20}},{"start":{"line":34,"column":20},"end":{"line":34,"column":null}}]},"5":{"loc":{"start":{"line":39,"column":12},"end":{"line":39,"column":null}},"type":"binary-expr","locations":[{"start":{"line":39,"column":12},"end":{"line":39,"column":27}},{"start":{"line":39,"column":27},"end":{"line":39,"column":null}}]},"6":{"loc":{"start":{"line":48,"column":12},"end":{"line":48,"column":null}},"type":"binary-expr","locations":[{"start":{"line":48,"column":12},"end":{"line":48,"column":24}},{"start":{"line":48,"column":24},"end":{"line":48,"column":null}}]},"7":{"loc":{"start":{"line":52,"column":12},"end":{"line":52,"column":null}},"type":"binary-expr","locations":[{"start":{"line":52,"column":12},"end":{"line":52,"column":18}},{"start":{"line":52,"column":18},"end":{"line":52,"column":null}}]}},"s":{"0":2,"1":2,"2":2,"3":2,"4":2,"5":2,"6":2,"7":2,"8":2,"9":2,"10":2,"11":2,"12":2,"13":2,"14":2,"15":2,"16":2,"17":2,"18":2,"19":2,"20":2,"21":2,"22":2,"23":2,"24":2,"25":2,"26":2,"27":2,"28":2,"29":2,"30":2,"31":2,"32":2,"33":2,"34":2,"35":2,"36":2,"37":2,"38":2,"39":2,"40":2,"41":2,"42":2,"43":2,"44":2,"45":2,"46":2,"47":2,"48":2,"49":2,"50":2,"51":2,"52":2,"53":2,"54":2},"f":{"0":2,"1":2,"2":2,"3":2,"4":2,"5":2,"6":2,"7":2},"b":{"0":[2,2],"1":[2,2],"2":[2,2],"3":[2,2],"4":[2,2],"5":[2,2],"6":[2,2],"7":[2,2]}}
,"G:\\Developer\\Funique\\ComputeTool\\src\\share\\plugins\\i18n.ts": {"path":"G:\\Developer\\Funique\\ComputeTool\\src\\share\\plugins\\i18n.ts","statementMap":{"0":{"start":{"line":1,"column":0},"end":{"line":1,"column":37}},"1":{"start":{"line":2,"column":0},"end":{"line":2,"column":38}},"2":{"start":{"line":3,"column":0},"end":{"line":3,"column":44}},"3":{"start":{"line":5,"column":13},"end":{"line":13,"column":null}},"4":{"start":{"line":15,"column":13},"end":{"line":15,"column":null}}},"fnMap":{},"branchMap":{},"s":{"0":1,"1":1,"2":1,"3":1,"4":1},"f":{},"b":{}}
[...]
,"column":4},"end":{"line":14,"column":null}},"loc":{"start":{"line":18,"column":30},"end":{"line":24,"column":5}}},"1":{"name":"(anonymous_1)","decl":{"start":{"line":31,"column":19},"end":{"line":31,"column":20}},"loc":{"start":{"line":31,"column":35},"end":{"line":31,"column":58}}},"2":{"name":"(anonymous_2)","decl":{"start":{"line":37,"column":18},"end":{"line":37,"column":19}},"loc":{"start":{"line":37,"column":51},"end":{"line":37,"column":82}}},"3":{"name":"(anonymous_3)","decl":{"start":{"line":43,"column":20},"end":{"line":43,"column":40}},"loc":{"start":{"line":43,"column":43},"end":{"line":43,"column":60}}},"4":{"name":"(anonymous_4)","decl":{"start":{"line":44,"column":20},"end":{"line":44,"column":21}},"loc":{"start":{"line":44,"column":39},"end":{"line":48,"column":5}}},"5":{"name":"(anonymous_5)","decl":{"start":{"line":45,"column":19},"end":{"line":45,"column":20}},"loc":{"start":{"line":45,"column":23},"end":{"line":47,"column":9}}},"6":{"name":"(anonymous_6)","decl":{"start":{"line":50,"column":17},"end":{"line":50,"column":18}},"loc":{"start":{"line":50,"column":33},"end":{"line":61,"column":5}}},"7":{"name":"(anonymous_7)","decl":{"start":{"line":51,"column":36},"end":{"line":51,"column":37}},"loc":{"start":{"line":51,"column":41},"end":{"line":51,"column":99}}},"8":{"name":"(anonymous_8)","decl":{"start":{"line":63,"column":18},"end":{"line":63,"column":19}},"loc":{"start":{"line":63,"column":47},"end":{"line":74,"column":5}}},"9":{"name":"(anonymous_9)","decl":{"start":{"line":64,"column":36},"end":{"line":64,"column":37}},"loc":{"start":{"line":64,"column":41},"end":{"line":64,"column":99}}},"10":{"name":"(anonymous_10)","decl":{"start":{"line":76,"column":18},"end":{"line":76,"column":19}},"loc":{"start":{"line":76,"column":34},"end":{"line":87,"column":5}}},"11":{"name":"(anonymous_11)","decl":{"start":{"line":77,"column":36},"end":{"line":77,"column":37}},"loc":{"start":{"line":77,"column":41},"end":{"line":77,"column":99}}},"12":{"name":"(anonymous_12)","decl":{"start":{"line":89,"column":19},"end":{"line":89,"column":20}},"loc":{"start":{"line":89,"column":48},"end":{"line":100,"column":5}}},"13":{"name":"(anonymous_13)","decl":{"start":{"line":90,"column":36},"end":{"line":90,"column":37}},"loc":{"start":{"line":90,"column":41},"end":{"line":90,"column":99}}},"14":{"name":"(anonymous_14)","decl":{"start":{"line":108,"column":28},"end":{"line":108,"column":29}},"loc":{"start":{"line":108,"column":57},"end":{"line":137,"column":5}}},"15":{"name":"(anonymous_15)","decl":{"start":{"line":109,"column":34},"end":{"line":109,"column":35}},"loc":{"start":{"line":109,"column":39},"end":{"line":109,"column":74}}},"16":{"name":"(anonymous_16)","decl":{"start":{"line":112,"column":25},"end":{"line":112,"column":26}},"loc":{"start":{"line":112,"column":37},"end":{"line":114,"column":9}}},"17":{"name":"(anonymous_17)","decl":{"start":{"line":115,"column":25},"end":{"line":115,"column":26}},"loc":{"start":{"line":115,"column":32},"end":{"line":122,"column":9}}},"18":{"name":"(anonymous_18)","decl":{"start":{"line":123,"column":24},"end":{"line":123,"column":27}},"loc":{"start":{"line":123,"column":29},"end":{"line":130,"column":9}}},"19":{"name":"(anonymous_19)","decl":{"start":{"line":131,"column":27},"end":{"line":131,"column":28}},"loc":{"start":{"line":131,"column":34},"end":{"line":135,"column":9}}},"20":{"name":"(anonymous_20)","decl":{"start":{"line":133,"column":40},"end":{"line":133,"column":41}},"loc":{"start":{"line":133,"column":45},"end":{"line":133,"column":66}}},"21":{"name":"(anonymous_21)","decl":{"start":{"line":144,"column":23},"end":{"line":144,"column":24}},"loc":{"start":{"line":144,"column":77},"end":{"line":154,"column":5}}},"22":{"name":"(anonymous_22)","decl":{"start":{"line":161,"column":25},"end":{"line":161,"column":46}},"loc":{"start":{"line":161,"column":48},"end":{"line":185,"column":5}}},"23":{"name":"(anonymous_23)","decl":{"start":{"line":164,"column":29},"end":{"line":164,"column":30}},"loc":{"start":{"line":164,"column":33},"end":{"line":168,"column":9}}},"24":{"name":"(anonymous_24)","decl":{"start":{"line":169,"column":21},"end":{"line":169,"column":22}},"loc":{"start":{"line":169,"column":26},"end":{"line":169,"column":49}}},"25":{"name":"(anonymous_25)","decl":{"start":{"line":170,"column":21},"end":{"line":170,"column":22}},"loc":{"start":{"line":170,"column":25},"end":{"line":172,"column":9}}},"26":{"name":"(anonymous_26)","decl":{"start":{"line":174,"column":34},"end":{"line":174,"column":35}},"loc":{"start":{"line":174,"column":38},"end":{"line":182,"column":9}}},"27":{"name":"(anonymous_27)","decl":{"start":{"line":192,"column":27},"end":{"line":192,"column":28}},"loc":{"start":{"line":192,"column":59},"end":{"line":198,"column":5}}},"28":{"name":"(anonymous_28)","decl":{"start":{"line":193,"column":43},"end":{"line":193,"column":44}},"loc":{"start":{"line":193,"column":48},"end":{"line":193,"column":62}}},"29":{"name":"(anonymous_29)","decl":{"start":{"line":203,"column":21},"end":{"line":203,"column":24}},"loc":{"start":{"line":203,"column":26},"end":{"line":210,"column":5}}},"30":{"name":"(anonymous_30)","decl":{"start":{"line":205,"column":29},"end":{"line":205,"column":30}},"loc":{"start":{"line":205,"column":33},"end":{"line":209,"column":9}}}},"branchMap":{"0":{"loc":{"start":{"line":51,"column":41},"end":{"line":51,"column":99}},"type":"binary-expr","locations":[{"start":{"line":51,"column":41},"end":{"line":51,"column":55}},{"start":{"line":51,"column":59},"end":{"line":51,"column":99}}]},"1":{"loc":{"start":{"line":52,"column":8},"end":{"line":55,"column":9}},"type":"if","locations":[{"start":{"line":52,"column":8},"end":{"line":55,"column":9}}]},"2":{"loc":{"start":{"line":64,"column":41},"end":{"line":64,"column":99}},"type":"binary-expr","locations":[{"start":{"line":64,"column":41},"end":{"line":64,"column":55}},{"start":{"line":64,"column":59},"end":{"line":64,"column":99}}]},"3":{"loc":{"start":{"line":65,"column":8},"end":{"line":68,"column":9}},"type":"if","locations":[{"start":{"line":65,"column":8},"end":{"line":68,"column":9}}]},"4":{"loc":{"start":{"line":77,"column":41},"end":{"line":77,"column":99}},"type":"binary-expr","locations":[{"start":{"line":77,"column":41},"end":{"line":77,"column":55}},{"start":{"line":77,"column":59},"end":{"line":77,"column":99}}]},"5":{"loc":{"start":{"line":78,"column":8},"end":{"line":81,"column":9}},"type":"if","locations":[{"start":{"line":78,"column":8},"end":{"line":81,"column":9}}]},"6":{"loc":{"start":{"line":90,"column":41},"end":{"line":90,"column":99}},"type":"binary-expr","locations":[{"start":{"line":90,"column":41},"end":{"line":90,"column":55}},{"start":{"line":90,"column":59},"end":{"line":90,"column":99}}]},"7":{"loc":{"start":{"line":91,"column":8},"end":{"line":94,"column":9}},"type":"if","locations":[{"start":{"line":91,"column":8},"end":{"line":94,"column":9}}]},"8":{"loc":{"start":{"line":109,"column":8},"end":{"line":109,"column":89}},"type":"if","locations":[{"start":{"line":109,"column":8},"end":{"line":109,"column":89}}]},"9":{"loc":{"start":{"line":111,"column":49},"end":{"line":111,"column":84}},"type":"cond-expr","locations":[{"start":{"line":111,"column":69},"end":{"line":111,"column":77}},{"start":{"line":111,"column":80},"end":{"line":111,"column":84}}]},"10":{"loc":{"start":{"line":116,"column":12},"end":{"line":119,"column":13}},"type":"if","locations":[{"start":{"line":116,"column":12},"end":{"line":119,"column":13}}]},"11":{"loc":{"start":{"line":125,"column":12},"end":{"line":127,"column":13}},"type":"if","locations":[{"start":{"line":125,"column":12},"end":{"line":127,"column":13}}]},"12":{"loc":{"start":{"line":145,"column":8},"end":{"line":148,"column":9}},"type":"if","locations":[{"start":{"line":145,"column":8},"end":{"line":148,"column":9}}]},"13":{"loc":{"start":{"line":149,"column":8},"end":{"line":151,"column":9}},"type":"if","locations":[{"start":{"line":149,"column":8},"end":{"line":151,"column":9}}]},"14":{"loc":{"start":{"line":149,"column":12},"end":{"line":149,"column":58}},"type":"binary-expr","locations":[{"start":{"line":149,"column":12},"end":{"line":149,"column":34}},{"start":{"line":149,"column":38},"end":{"line":149,"column":58}}]},"15":{"loc":{"start":{"line":152,"column":8},"end":{"line":152,"column":39}},"type":"if","locations":[{"start":{"line":152,"column":8},"end":{"line":152,"column":39}}]},"16":{"loc":{"start":{"line":165,"column":12},"end":{"line":167,"column":13}},"type":"if","locations":[{"start":{"line":165,"column":12},"end":{"line":167,"column":13}}]},"17":{"loc":{"start":{"line":194,"column":8},"end":{"line":197,"column":9}},"type":"if","locations":[{"start":{"line":194,"column":8},"end":{"line":197,"column":9}}]},"18":{"loc":{"start":{"line":195,"column":12},"end":{"line":195,"column":null}},"type":"if","locations":[{"start":{"line":195,"column":12},"end":{"line":195,"column":null}}]},"19":{"loc":{"start":{"line":195,"column":117},"end":{"line":195,"column":150}},"type":"cond-expr","locations":[{"start":{"line":195,"column":139},"end":{"line":195,"column":145}},{"start":{"line":195,"column":148},"end":{"line":195,"column":150}}]},"20":{"loc":{"start":{"line":206,"column":12},"end":{"line":206,"column":63}},"type":"if","locations":[{"start":{"line":206,"column":12},"end":{"line":206,"column":63}}]}},"s":{"0":1,"1":1,"2":1,"3":0,"4":1,"5":0,"6":1,"7":0,"8":1,"9":0,"10":0,"11":1,"12":0,"13":0,"14":0,"15":0,"16":0,"17":0,"18":0,"19":1,"20":0,"21":0,"22":0,"23":0,"24":0,"25":0,"26":0,"27":1,"28":0,"29":0,"30":0,"31":0,"32":0,"33":0,"34":0,"35":1,"36":0,"37":0,"38":0,"39":0,"40":0,"41":0,"42":0,"43":1,"44":0,"45":0,"46":0,"47":0,"48":0,"49":0,"50":0,"51":0,"52":0,"53":0,"54":0,"55":0,"56":0,"57":0,"58":0,"59":0,"60":0,"61":0,"62":0,"63":0,"64":0,"65":0,"66":0,"67":0,"68":0,"69":1,"70":0,"71":0,"72":0,"73":0,"74":0,"75":0,"76":0,"77":0,"78":1,"79":0,"80":0,"81":0,"82":0,"83":0,"84":0,"85":0,"86":0,"87":0,"88":0,"89":0,"90":0,"91":1,"92":0,"93":0,"94":0,"95":0,"96":0,"97":0,"98":1,"99":0,"100":0,"101":0,"102":0,"103":0,"104":0,"105":1,"106":1,"107":1,"108":1,"109":1,"110":1},"f":{"0":1,"1":0,"2":0,"3":0,"4":0,"5":0,"6":0,"7":0,"8":0,"9":0,"10":0,"11":0,"12":0,"13":0,"14":0,"15":0,"16":0,"17":0,"18":0,"19":0,"20":0,"21":0,"22":0,"23":0,"24":0,"25":0,"26":0,"27":0,"28":0,"29":0,"30":0},"b":{"0":[0,0],"1":[0],"2":[0,0],"3":[0],"4":[0,0],"5":[0],"6":[0,0],"7":[0],"8":[0],"9":[0,0],"10":[0],"11":[0],"12":[0],"13":[0],"14":[0,0],"15":[0],"16":[0],"17":[0],"18":[0],"19":[0,0],"20":[0]}}
,"G:\\Developer\\Funique\\ComputeTool\\src\\share\\script\\execute\\util_parser.ts": {"path":"G:\\Developer\\Funique\\ComputeTool\\src\\share\\script\\execute\\util_parser.ts","statementMap":{"0":{"start":{"line":1,"column":0},"end":{"line":1,"column":49}},"1":{"start":{"line":2,"column":0},"end":{"line":2,"column":69}},"2":{"start":{"line":8,"column":8},"end":{"line":8,"column":null}},"3":{"start":{"line":6,"column":4},"end":{"line":6,"column":null}},"4":{"start":{"line":42,"column":4},"end":{"line":65,"column":null}},"5":{"start":{"line":43,"column":21},"end":{"line":43,"column":23}},"6":{"start":{"line":44,"column":20},"end":{"line":44,"column":22}},"7":{"start":{"line":45,"column":28},"end":{"line":45,"column":33}},"8":{"start":{"line":46,"column":21},"end":{"line":46,"column":26}},"9":{"start":{"line":47,"column":8},"end":{"line":63,"column":9}},"10":{"start":{"line":48,"column":12},"end":{"line":59,"column":13}},"11":{"start":{"line":49,"column":16},"end":{"line":49,"column":null}},"12":{"start":{"line":50,"column":16},"end":{"line":58,"column":17}},"13":{"start":{"line":51,"column":20},"end":{"line":55,"column":21}},"14":{"start":{"line":52,"column":24},"end":{"line":52,"column":null}},"15":{"start":{"line":54,"column":24},"end":{"line":54,"column":null}},"16":{"start":{"line":56,"column":20},"end":{"line":56,"column":null}},"17":{"start":{"line":57,"column":20},"end":{"line":57,"column":null}},"18":{"start":{"line":60,"column":12},"end":{"line":60,"column":null}},"19":{"start":{"line":60,"column":55},"end":{"line":60,"column":null}},"20":{"start":{"line":61,"column":12},"end":{"line":61,"column":null}},"21":{"start":{"line":61,"column":44},"end":{"line":61,"column":null}},"22":{"start":{"line":62,"column":12},"end":{"line":62,"column":null}},"23":{"start":{"line":62,"column":45},"end":{"line":62,"column":null}},"24":{"start":{"line":64,"column":8},"end":{"line":64,"column":null}},"25":{"start":{"line":73,"column":4},"end":{"line":86,"column":null}},"26":{"start":{"line":74,"column":8},"end":{"line":74,"column":null}},"27":{"start":{"line":75,"column":23},"end":{"line":83,"column":10}},"28":{"start":{"line":76,"column":12},"end":{"line":79,"column":13}},"29":{"start":{"line":77,"column":30},"end":{"line":77,"column":70}},"30":{"start":{"line":77,"column":56},"end":{"line":77,"column":69}},"31":{"start":{"line":78,"column":16},"end":{"line":78,"column":null}},"32":{"start":{"line":78,"column":32},"end":{"line":78,"column":null}},"33":{"start":{"line":80,"column":26},"end":{"line":80,"column":66}},"34":{"start":{"line":80,"column":52},"end":{"line":80,"column":65}},"35":{"start":{"line":81,"column":12},"end":{"line":82,"column":null}},"36":{"start":{"line":81,"column":28},"end":{"line":81,"column":null}},"37":{"start":{"line":82,"column":17},"end":{"line":82,"column":null}},"38":{"start":{"line":84,"column":18},"end":{"line":84,"column":58}},"39":{"start":{"line":85,"column":8},"end":{"line":85,"column":null}},"40":{"start":{"line":88,"column":12},"end":{"line":92,"column":null}},"41":{"start":{"line":89,"column":22},"end":{"line":89,"column":63}},"42":{"start":{"line":89,"column":48},"end":{"line":89,"column":62}},"43":{"start":{"line":90,"column":8},"end":{"line":90,"column":null}},"44":{"start":{"line":90,"column":24},"end":{"line":90,"column":null}},"45":{"start":{"line":91,"column":8},"end":{"line":91,"column":null}},"46":{"start":{"line":12,"column":8},"end":{"line":12,"column":null}},"47":{"start":{"line":4,"column":0},"end":{"line":4,"column":13}},"48":{"start":{"line":21,"column":11},"end":{"line":21,"column":25}},"49":{"start":{"line":22,"column":22},"end":{"line":24,"column":null}},"50":{"start":{"line":23,"column":39},"end":{"line":23,"column":89}},"51":{"start":{"line":25,"column":8},"end":{"line":25,"column":null}},"52":{"start":{"line":28,"column":11},"end":{"line":28,"column":24}},"53":{"start":{"line":29,"column":16},"end":{"line":29,"column":19}},"54":{"start":{"line":30,"column":8},"end":{"line":30,"column":null}},"55":{"start":{"line":30,"column":30},"end":{"line":30,"column":null}},"56":{"start":{"line":31,"column":8},"end":{"line":31,"column":null}}},"fnMap":{"0":{"name":"(anonymous_0)","decl":{"start":{"line":7,"column":4},"end":{"line":7,"column":15}},"loc":{"start":{"line":7,"column":20},"end":{"line":9,"column":5}}},"1":{"name":"(anonymous_1)","decl":{"start":{"line":11,"column":4},"end":{"line":11,"column":16}},"loc":{"start":{"line":11,"column":38},"end":{"line":13,"column":5}}},"2":{"name":"(anonymous_2)","decl":{"start":{"line":42,"column":18},"end":{"line":42,"column":19}},"loc":{"start":{"line":42,"column":41},"end":{"line":65,"column":5}}},"3":{"name":"(anonymous_3)","decl":{"start":{"line":73,"column":12},"end":{"line":73,"column":13}},"loc":{"start":{"line":73,"column":34},"end":{"line":86,"column":5}}},"4":{"name":"(anonymous_4)","decl":{"start":{"line":75,"column":37},"end":{"line":75,"column":38}},"loc":{"start":{"line":75,"column":54},"end":{"line":83,"column":9}}},"5":{"name":"(anonymous_5)","decl":{"start":{"line":77,"column":51},"end":{"line":77,"column":52}},"loc":{"start":{"line":77,"column":56},"end":{"line":77,"column":69}}},"6":{"name":"(anonymous_6)","decl":{"start":{"line":80,"column":47},"end":{"line":80,"column":48}},"loc":{"start":{"line":80,"column":52},"end":{"line":80,"column":65}}},"7":{"name":"(anonymous_7)","decl":{"start":{"line":88,"column":27},"end":{"line":88,"column":28}},"loc":{"start":{"line":88,"column":44},"end":{"line":92,"column":5}}},"8":{"name":"(anonymous_8)","decl":{"start":{"line":89,"column":43},"end":{"line":89,"column":44}},"loc":{"start":{"line":89,"column":48},"end":{"line":89,"column":62}}},"9":{"name":"(anonymous_9)","decl":{"start":{"line":21,"column":25},"end":{"line":21,"column":26}},"loc":{"start":{"line":21,"column":57},"end":{"line":26,"column":null}}},"10":{"name":"(anonymous_10)","decl":{"start":{"line":23,"column":32},"end":{"line":23,"column":33}},"loc":{"start":{"line":23,"column":36},"end":{"line":23,"column":90}}},"11":{"name":"(anonymous_11)","decl":{"start":{"line":28,"column":24},"end":{"line":28,"column":25}},"loc":{"start":{"line":28,"column":69},"end":{"line":32,"column":null}}}},"branchMap":{"0":{"loc":{"start":{"line":48,"column":12},"end":{"line":59,"column":13}},"type":"if","locations":[{"start":{"line":48,"column":12},"end":{"line":59,"column":13}}]},"1":{"loc":{"start":{"line":50,"column":16},"end":{"line":58,"column":17}},"type":"if","locations":[{"start":{"line":50,"column":16},"end":{"line":58,"column":17}}]},"2":{"loc":{"start":{"line":51,"column":20},"end":{"line":55,"column":21}},"type":"if","locations":[{"start":{"line":51,"column":20},"end":{"line":55,"column":21}},{"start":{"line":53,"column":25},"end":{"line":55,"column":21}}]},"3":{"loc":{"start":{"line":60,"column":12},"end":{"line":60,"column":null}},"type":"if","locations":[{"start":{"line":60,"column":12},"end":{"line":60,"column":null}}]},"4":{"loc":{"start":{"line":60,"column":15},"end":{"line":60,"column":53}},"type":"binary-expr","locations":[{"start":{"line":60,"column":15},"end":{"line":60,"column":23}},{"start":{"line":60,"column":27},"end":{"line":60,"column":32}},{"start":{"line":60,"column":36},"end":{"line":60,"column":53}}]},"5":{"loc":{"start":{"line":61,"column":12},"end":{"line":61,"column":null}},"type":"if","locations":[{"start":{"line":61,"column":12},"end":{"line":61,"column":null}}]},"6":{"loc":{"start":{"line":61,"column":15},"end":{"line":61,"column":42}},"type":"binary-expr","locations":[{"start":{"line":61,"column":15},"end":{"line":61,"column":20}},{"start":{"line":61,"column":24},"end":{"line":61,"column":42}}]},"7":{"loc":{"start":{"line":62,"column":12},"end":{"line":62,"column":null}},"type":"if","locations":[{"start":{"line":62,"column":12},"end":{"line":62,"column":null}}]},"8":{"loc":{"start":{"line":62,"column":15},"end":{"line":62,"column":43}},"type":"binary-expr","locations":[{"start":{"line":62,"column":15},"end":{"line":62,"column":21}},{"start":{"line":62,"column":25},"end":{"line":62,"column":43}}]},"9":{"loc":{"start":{"line":76,"column":12},"end":{"line":79,"column":13}},"type":"if","locations":[{"start":{"line":76,"column":12},"end":{"line":79,"column":13}}]},"10":{"loc":{"start":{"line":78,"column":16},"end":{"line":78,"column":null}},"type":"if","locations":[{"start":{"line":78,"column":16},"end":{"line":78,"column":null}}]},"11":{"loc":{"start":{"line":81,"column":12},"end":{"line":82,"column":null}},"type":"if","locations":[{"start":{"line":81,"column":12},"end":{"line":82,"column":null}},{"start":{"line":82,"column":17},"end":{"line":82,"column":null}}]},"12":{"loc":{"start":{"line":90,"column":8},"end":{"line":90,"column":null}},"type":"if","locations":[{"start":{"line":90,"column":8},"end":{"line":90,"column":null}}]}},"s":{"0":1,"1":1,"2":1,"3":1,"4":1,"5":7,"6":7,"7":7,"8":7,"9":7,"10":100,"11":14,"12":14,"13":7,"14":3,"15":4,"16":7,"17":7,"18":100,"19":3,"20":100,"21":44,"22":100,"23":42,"24":7,"25":1,"26":3,"27":3,"28":6,"29":1,"30":5,"31":1,"32":1,"33":6,"34":12,"35":6,"36":5,"37":1,"38":3,"39":3,"40":1,"41":4,"42":13,"43":4,"44":1,"45":3,"46":1,"47":1,"48":1,"49":2,"50":7,"51":2,"52":1,"53":3,"54":3,"55":4,"56":3},"f":{"0":1,"1":1,"2":7,"3":3,"4":6,"5":5,"6":12,"7":4,"8":13,"9":2,"10":7,"11":3},"b":{"0":[14],"1":[7],"2":[3,4],"3":[3],"4":[100,3,3],"5":[44],"6":[100,51],"7":[42],"8":[100,49],"9":[1],"10":[1],"11":[5,1],"12":[1]}}
}
