TN:
SF:src/share/interface.ts
FNF:0
FNH:0
DA:9,4
DA:13,4
DA:17,4
DA:22,4
DA:26,4
DA:30,4
DA:31,4
DA:32,4
DA:37,4
DA:38,4
DA:40,4
DA:41,4
DA:42,4
DA:43,4
DA:44,4
DA:45,4
DA:46,4
DA:47,4
DA:48,4
LF:19
LH:19
BRF:0
BRH:0
end_of_record
TN:
SF:src/share/client/javascript.ts
FN:13,(anonymous_16)
FN:30,(anonymous_17)
FN:52,(anonymous_18)
FN:53,(anonymous_19)
FN:62,(anonymous_20)
FN:161,(anonymous_21)
FN:170,(anonymous_22)
FN:171,(anonymous_23)
FN:179,(anonymous_24)
FN:181,(anonymous_25)
FN:196,(anonymous_26)
FN:206,(anonymous_27)
FN:208,(anonymous_28)
FN:120,(anonymous_29)
FN:121,(anonymous_30)
FN:218,(anonymous_31)
FN:226,(anonymous_32)
FN:227,(anonymous_33)
FN:247,(anonymous_34)
FN:254,(anonymous_35)
FN:257,(anonymous_36)
FN:260,(anonymous_37)
FN:265,(anonymous_38)
FN:267,(anonymous_39)
FN:269,(anonymous_40)
FN:273,(anonymous_41)
FN:280,(anonymous_42)
FN:284,(anonymous_43)
FN:286,(anonymous_44)
FN:290,(anonymous_45)
FN:293,(anonymous_46)
FN:296,(anonymous_47)
FN:299,(anonymous_48)
FN:302,(anonymous_49)
FN:305,(anonymous_50)
FN:308,(anonymous_51)
FN:311,(anonymous_52)
FN:314,(anonymous_53)
FN:317,(anonymous_54)
FN:320,(anonymous_55)
FN:324,(anonymous_56)
FN:325,(anonymous_58)
FN:327,(anonymous_59)
FN:331,(anonymous_61)
FN:334,(anonymous_62)
FN:336,(anonymous_63)
FN:337,(anonymous_64)
FN:339,(anonymous_65)
FN:340,(anonymous_66)
FN:342,(anonymous_67)
FN:343,(anonymous_68)
FN:345,(anonymous_69)
FN:346,(anonymous_70)
FN:348,(anonymous_71)
FN:349,(anonymous_72)
FN:351,(anonymous_73)
FN:352,(anonymous_74)
FN:355,(anonymous_75)
FN:358,(anonymous_76)
FN:360,(anonymous_77)
FN:361,(anonymous_78)
FN:363,(anonymous_79)
FN:369,(anonymous_80)
FN:371,(anonymous_81)
FN:372,(anonymous_82)
FN:374,(anonymous_83)
FN:375,(anonymous_84)
FN:377,(anonymous_85)
FN:378,(anonymous_86)
FN:380,(anonymous_87)
FN:381,(anonymous_88)
FN:385,(anonymous_89)
FN:386,(anonymous_90)
FN:390,(anonymous_91)
FN:394,(anonymous_92)
FN:396,(anonymous_93)
FN:421,(anonymous_94)
FN:422,(anonymous_95)
FN:428,(anonymous_96)
FN:433,(anonymous_97)
FN:439,(anonymous_98)
FN:440,(anonymous_99)
FN:446,(anonymous_100)
FN:447,(anonymous_101)
FN:453,(anonymous_102)
FN:454,(anonymous_103)
FN:460,(anonymous_104)
FN:461,(anonymous_105)
FN:470,(anonymous_106)
FN:473,(anonymous_108)
FN:476,(anonymous_110)
FN:479,(anonymous_112)
FN:482,(anonymous_114)
FN:485,(anonymous_116)
FN:144,(anonymous_118)
FNF:95
FNH:24
FNDA:15,(anonymous_16)
FNDA:165,(anonymous_17)
FNDA:0,(anonymous_18)
FNDA:0,(anonymous_19)
FNDA:3,(anonymous_20)
FNDA:15,(anonymous_21)
FNDA:0,(anonymous_22)
FNDA:0,(anonymous_23)
FNDA:15,(anonymous_24)
FNDA:60,(anonymous_25)
FNDA:0,(anonymous_26)
FNDA:0,(anonymous_27)
FNDA:0,(anonymous_28)
FNDA:0,(anonymous_29)
FNDA:0,(anonymous_30)
FNDA:15,(anonymous_31)
FNDA:0,(anonymous_32)
FNDA:0,(anonymous_33)
FNDA:0,(anonymous_34)
FNDA:0,(anonymous_35)
FNDA:0,(anonymous_36)
FNDA:0,(anonymous_37)
FNDA:0,(anonymous_38)
FNDA:0,(anonymous_39)
FNDA:0,(anonymous_40)
FNDA:0,(anonymous_41)
FNDA:0,(anonymous_42)
FNDA:0,(anonymous_43)
FNDA:0,(anonymous_44)
FNDA:0,(anonymous_45)
FNDA:0,(anonymous_46)
FNDA:0,(anonymous_47)
FNDA:0,(anonymous_48)
FNDA:0,(anonymous_49)
FNDA:0,(anonymous_50)
FNDA:0,(anonymous_51)
FNDA:0,(anonymous_52)
FNDA:0,(anonymous_53)
FNDA:0,(anonymous_54)
FNDA:0,(anonymous_55)
FNDA:0,(anonymous_56)
FNDA:0,(anonymous_58)
FNDA:0,(anonymous_59)
FNDA:7,(anonymous_61)
FNDA:25,(anonymous_62)
FNDA:2,(anonymous_63)
FNDA:1,(anonymous_64)
FNDA:3,(anonymous_65)
FNDA:2,(anonymous_66)
FNDA:2,(anonymous_67)
FNDA:1,(anonymous_68)
FNDA:0,(anonymous_69)
FNDA:0,(anonymous_70)
FNDA:0,(anonymous_71)
FNDA:0,(anonymous_72)
FNDA:0,(anonymous_73)
FNDA:0,(anonymous_74)
FNDA:8,(anonymous_75)
FNDA:27,(anonymous_76)
FNDA:2,(anonymous_77)
FNDA:1,(anonymous_78)
FNDA:4,(anonymous_79)
FNDA:3,(anonymous_80)
FNDA:2,(anonymous_81)
FNDA:1,(anonymous_82)
FNDA:0,(anonymous_83)
FNDA:0,(anonymous_84)
FNDA:0,(anonymous_85)
FNDA:0,(anonymous_86)
FNDA:0,(anonymous_87)
FNDA:0,(anonymous_88)
FNDA:0,(anonymous_89)
FNDA:0,(anonymous_90)
FNDA:0,(anonymous_91)
FNDA:0,(anonymous_92)
FNDA:0,(anonymous_93)
FNDA:0,(anonymous_94)
FNDA:0,(anonymous_95)
FNDA:0,(anonymous_96)
FNDA:0,(anonymous_97)
FNDA:0,(anonymous_98)
FNDA:0,(anonymous_99)
FNDA:0,(anonymous_100)
FNDA:0,(anonymous_101)
FNDA:0,(anonymous_102)
FNDA:0,(anonymous_103)
FNDA:0,(anonymous_104)
FNDA:0,(anonymous_105)
FNDA:0,(anonymous_106)
FNDA:0,(anonymous_108)
FNDA:0,(anonymous_110)
FNDA:0,(anonymous_112)
FNDA:0,(anonymous_114)
FNDA:0,(anonymous_116)
FNDA:3,(anonymous_118)
DA:6,2
DA:7,2
DA:10,2
DA:11,2
DA:13,2
DA:14,15
DA:15,15
DA:16,15
DA:17,15
DA:28,15
DA:29,15
DA:30,15
DA:31,165
DA:34,15
DA:35,15
DA:43,2
DA:44,2
DA:45,2
DA:49,2
DA:50,2
DA:52,2
DA:53,2
DA:55,2
DA:63,3
DA:64,3
DA:65,3
DA:70,3
DA:88,3
DA:119,3
DA:120,0
DA:121,0
DA:124,3
DA:144,2
DA:145,3
DA:146,3
DA:147,3
DA:148,3
DA:149,3
DA:150,3
DA:151,3
DA:161,3
DA:162,15
DA:163,15
DA:164,15
DA:165,15
DA:166,15
DA:168,15
DA:169,15
DA:170,0
DA:171,0
DA:172,0
DA:175,15
DA:176,15
DA:178,15
DA:179,15
DA:180,15
DA:181,15
DA:182,60
DA:183,15
DA:184,15
DA:186,60
DA:196,3
DA:197,0
DA:198,0
DA:199,0
DA:200,0
DA:201,0
DA:202,0
DA:203,0
DA:205,0
DA:206,0
DA:207,0
DA:208,0
DA:209,0
DA:210,0
DA:211,0
DA:213,0
DA:219,15
DA:220,15
DA:221,15
DA:222,15
DA:223,15
DA:224,15
DA:225,0
DA:226,0
DA:227,0
DA:230,15
DA:233,15
DA:234,15
DA:245,15
DA:248,0
DA:249,0
DA:251,0
DA:255,0
DA:258,0
DA:261,0
DA:262,0
DA:263,0
DA:266,0
DA:267,0
DA:268,0
DA:270,0
DA:274,0
DA:275,0
DA:276,0
DA:277,0
DA:278,0
DA:281,0
DA:282,0
DA:283,0
DA:284,0
DA:285,0
DA:287,0
DA:291,0
DA:294,0
DA:297,0
DA:300,0
DA:303,0
DA:306,0
DA:309,0
DA:312,0
DA:315,0
DA:318,0
DA:321,0
DA:325,0
DA:328,0
DA:332,7
DA:333,7
DA:334,25
DA:337,2
DA:340,3
DA:343,2
DA:346,0
DA:349,0
DA:352,0
DA:356,8
DA:357,8
DA:358,27
DA:361,2
DA:364,4
DA:365,0
DA:366,0
DA:367,0
DA:369,4
DA:372,2
DA:375,0
DA:378,0
DA:381,0
DA:382,0
DA:383,0
DA:386,0
DA:387,0
DA:388,0
DA:391,0
DA:392,0
DA:393,0
DA:394,0
DA:397,0
DA:398,0
DA:399,0
DA:401,0
DA:402,0
DA:404,0
DA:405,0
DA:408,0
DA:409,0
DA:411,0
DA:412,0
DA:414,0
DA:415,0
DA:417,0
DA:418,0
DA:422,0
DA:423,0
DA:425,0
DA:426,0
DA:429,0
DA:430,0
DA:431,0
DA:433,0
DA:434,0
DA:436,0
DA:437,0
DA:440,0
DA:441,0
DA:443,0
DA:444,0
DA:447,0
DA:448,0
DA:450,0
DA:451,0
DA:454,0
DA:455,0
DA:457,0
DA:458,0
DA:461,0
DA:462,0
DA:464,0
DA:465,0
DA:471,0
DA:474,0
DA:477,0
DA:480,0
DA:483,0
DA:486,0
LF:205
LH:80
BRDA:29,0,0,15
BRDA:52,1,0,0
BRDA:52,1,1,0
BRDA:52,2,0,0
BRDA:52,2,1,0
BRDA:52,3,0,0
BRDA:52,3,1,0
BRDA:52,4,0,0
BRDA:52,4,1,0
BRDA:52,5,0,0
BRDA:52,5,1,0
BRDA:52,6,0,0
BRDA:52,6,1,0
BRDA:53,7,0,0
BRDA:53,7,1,0
BRDA:53,8,0,0
BRDA:53,8,1,0
BRDA:53,9,0,0
BRDA:53,9,1,0
BRDA:53,10,0,0
BRDA:53,10,1,0
BRDA:53,11,0,0
BRDA:53,11,1,0
BRDA:53,12,0,0
BRDA:53,12,1,0
BRDA:168,13,0,0
BRDA:168,13,1,15
BRDA:168,14,0,15
BRDA:168,14,1,15
BRDA:168,15,0,0
BRDA:168,15,1,15
BRDA:168,16,0,15
BRDA:168,16,1,15
BRDA:169,17,0,0
BRDA:172,18,0,0
BRDA:182,19,0,15
BRDA:182,20,0,60
BRDA:182,20,1,60
BRDA:209,21,0,0
BRDA:209,22,0,0
BRDA:209,22,1,0
BRDA:218,23,0,0
BRDA:220,24,0,15
BRDA:221,25,0,15
BRDA:222,26,0,15
BRDA:223,27,0,15
BRDA:224,28,0,0
BRDA:224,28,1,15
BRDA:233,29,0,15
BRDA:238,30,0,0
BRDA:238,30,1,15
BRDA:248,31,0,0
BRDA:248,31,1,0
BRDA:262,32,0,0
BRDA:262,32,1,0
BRDA:262,33,0,0
BRDA:262,33,1,0
BRDA:267,34,0,0
BRDA:267,34,1,0
BRDA:267,35,0,0
BRDA:267,35,1,0
BRDA:276,36,0,0
BRDA:276,36,1,0
BRDA:277,37,0,0
BRDA:277,37,1,0
BRDA:277,38,0,0
BRDA:277,38,1,0
BRDA:283,39,0,0
BRDA:283,39,1,0
BRDA:284,40,0,0
BRDA:284,40,1,0
BRDA:284,41,0,0
BRDA:284,41,1,0
BRDA:291,42,0,0
BRDA:291,42,1,0
BRDA:291,43,0,0
BRDA:291,43,1,0
BRDA:294,44,0,0
BRDA:294,44,1,0
BRDA:294,45,0,0
BRDA:294,45,1,0
BRDA:297,46,0,0
BRDA:297,46,1,0
BRDA:297,47,0,0
BRDA:297,47,1,0
BRDA:300,48,0,0
BRDA:300,48,1,0
BRDA:300,49,0,0
BRDA:300,49,1,0
BRDA:303,50,0,0
BRDA:303,50,1,0
BRDA:303,51,0,0
BRDA:303,51,1,0
BRDA:306,52,0,0
BRDA:306,52,1,0
BRDA:306,53,0,0
BRDA:306,53,1,0
BRDA:309,54,0,0
BRDA:309,54,1,0
BRDA:309,55,0,0
BRDA:309,55,1,0
BRDA:312,56,0,0
BRDA:312,56,1,0
BRDA:312,57,0,0
BRDA:312,57,1,0
BRDA:315,58,0,0
BRDA:315,58,1,0
BRDA:315,59,0,0
BRDA:315,59,1,0
BRDA:318,60,0,0
BRDA:318,60,1,0
BRDA:318,61,0,0
BRDA:318,61,1,0
BRDA:321,62,0,0
BRDA:321,62,1,0
BRDA:321,63,0,0
BRDA:321,63,1,0
BRDA:332,64,0,7
BRDA:332,64,1,0
BRDA:332,65,0,7
BRDA:332,65,1,7
BRDA:332,66,0,0
BRDA:332,66,1,7
BRDA:332,67,0,7
BRDA:332,67,1,7
BRDA:333,68,0,0
BRDA:334,69,0,25
BRDA:334,69,1,4
BRDA:334,70,0,4
BRDA:334,70,1,0
BRDA:340,71,0,2
BRDA:340,71,1,0
BRDA:343,72,0,1
BRDA:343,72,1,0
BRDA:356,73,0,8
BRDA:356,73,1,0
BRDA:356,74,0,8
BRDA:356,74,1,8
BRDA:356,75,0,0
BRDA:356,75,1,8
BRDA:356,76,0,8
BRDA:356,76,1,8
BRDA:357,77,0,0
BRDA:358,78,0,5
BRDA:358,78,1,3
BRDA:358,79,0,8
BRDA:358,79,1,8
BRDA:358,80,0,3
BRDA:358,80,1,5
BRDA:358,81,0,8
BRDA:358,81,1,8
BRDA:358,82,0,27
BRDA:358,82,1,5
BRDA:358,83,0,5
BRDA:358,83,1,0
BRDA:364,84,0,0
BRDA:365,85,0,0
BRDA:365,85,1,0
BRDA:365,86,0,0
BRDA:365,86,1,0
BRDA:365,87,0,0
BRDA:365,87,1,0
BRDA:365,88,0,0
BRDA:365,88,1,0
BRDA:366,89,0,0
BRDA:369,90,0,3
BRDA:369,90,1,0
BRDA:372,91,0,1
BRDA:372,91,1,0
BRDA:382,92,0,0
BRDA:382,93,0,0
BRDA:382,93,1,0
BRDA:382,94,0,0
BRDA:382,94,1,0
BRDA:387,95,0,0
BRDA:387,96,0,0
BRDA:387,96,1,0
BRDA:387,97,0,0
BRDA:387,97,1,0
BRDA:391,98,0,0
BRDA:391,98,1,0
BRDA:391,99,0,0
BRDA:391,99,1,0
BRDA:391,100,0,0
BRDA:391,100,1,0
BRDA:391,101,0,0
BRDA:391,101,1,0
BRDA:392,102,0,0
BRDA:393,103,0,0
BRDA:394,104,0,0
BRDA:394,104,1,0
BRDA:394,105,0,0
BRDA:394,105,1,0
BRDA:398,106,0,0
BRDA:399,107,0,0
BRDA:399,107,1,0
BRDA:399,107,2,0
BRDA:399,107,3,0
BRDA:399,107,4,0
BRDA:399,107,5,0
BRDA:399,107,6,0
BRDA:423,108,0,0
BRDA:426,109,0,0
BRDA:426,109,1,0
BRDA:426,110,0,0
BRDA:426,110,1,0
BRDA:429,111,0,0
BRDA:434,112,0,0
BRDA:437,113,0,0
BRDA:437,113,1,0
BRDA:437,114,0,0
BRDA:437,114,1,0
BRDA:440,115,0,0
BRDA:440,115,1,0
BRDA:441,116,0,0
BRDA:444,117,0,0
BRDA:444,117,1,0
BRDA:444,118,0,0
BRDA:444,118,1,0
BRDA:448,119,0,0
BRDA:451,120,0,0
BRDA:451,120,1,0
BRDA:451,121,0,0
BRDA:451,121,1,0
BRDA:455,122,0,0
BRDA:458,123,0,0
BRDA:458,123,1,0
BRDA:458,124,0,0
BRDA:458,124,1,0
BRDA:462,125,0,0
BRDA:465,126,0,0
BRDA:465,126,1,0
BRDA:465,127,0,0
BRDA:465,127,1,0
BRF:234
BRH:47
end_of_record
TN:
SF:src/share/client/job_execute.ts
FN:41,(anonymous_7)
FN:65,(anonymous_8)
FN:77,(anonymous_9)
FN:78,(anonymous_10)
FN:78,(anonymous_11)
FN:131,(anonymous_12)
FN:133,(anonymous_13)
FN:140,(anonymous_14)
FN:142,(anonymous_15)
FN:149,(anonymous_16)
FN:155,(anonymous_17)
FN:161,(anonymous_18)
FN:163,(anonymous_19)
FN:177,(anonymous_20)
FN:178,(anonymous_21)
FN:178,(anonymous_22)
FN:49,(anonymous_23)
FN:49,(anonymous_24)
FN:50,(anonymous_25)
FN:55,(anonymous_26)
FN:56,(anonymous_27)
FN:57,(anonymous_28)
FNF:22
FNH:6
FNDA:2,(anonymous_7)
FNDA:2,(anonymous_8)
FNDA:0,(anonymous_9)
FNDA:0,(anonymous_10)
FNDA:0,(anonymous_11)
FNDA:0,(anonymous_12)
FNDA:0,(anonymous_13)
FNDA:0,(anonymous_14)
FNDA:0,(anonymous_15)
FNDA:0,(anonymous_16)
FNDA:0,(anonymous_17)
FNDA:0,(anonymous_18)
FNDA:0,(anonymous_19)
FNDA:2,(anonymous_20)
FNDA:2,(anonymous_21)
FNDA:2,(anonymous_22)
FNDA:2,(anonymous_23)
FNDA:0,(anonymous_24)
FNDA:0,(anonymous_25)
FNDA:0,(anonymous_26)
FNDA:0,(anonymous_27)
FNDA:0,(anonymous_28)
DA:7,1
DA:8,1
DA:9,1
DA:10,1
DA:11,1
DA:17,1
DA:42,2
DA:43,2
DA:44,2
DA:45,2
DA:46,2
DA:47,2
DA:48,2
DA:49,2
DA:50,2
DA:51,2
DA:52,2
DA:54,2
DA:55,0
DA:56,0
DA:57,0
DA:65,2
DA:67,2
DA:68,2
DA:69,2
DA:77,2
DA:78,0
DA:79,0
DA:82,0
DA:83,0
DA:84,0
DA:85,0
DA:89,0
DA:90,0
DA:91,0
DA:92,0
DA:96,0
DA:97,0
DA:98,0
DA:99,0
DA:103,0
DA:104,0
DA:105,0
DA:106,0
DA:110,0
DA:111,0
DA:112,0
DA:113,0
DA:117,0
DA:118,0
DA:119,0
DA:120,0
DA:124,0
DA:125,0
DA:126,0
DA:127,0
DA:131,0
DA:132,0
DA:134,0
DA:136,0
DA:140,0
DA:141,0
DA:143,0
DA:145,0
DA:149,0
DA:150,0
DA:151,0
DA:152,0
DA:155,0
DA:156,0
DA:157,0
DA:158,0
DA:161,0
DA:162,0
DA:164,0
DA:166,0
DA:177,2
DA:178,2
DA:179,2
DA:182,2
DA:183,2
DA:184,1
DA:186,1
DA:188,2
DA:192,0
DA:193,0
DA:194,0
DA:196,0
DA:198,0
LF:89
LH:31
BRDA:67,0,0,0
BRDA:67,0,1,2
BRDA:68,1,0,0
BRDA:68,1,1,2
BRDA:79,2,0,0
BRDA:79,2,1,0
BRDA:79,2,2,0
BRDA:79,2,3,0
BRDA:79,2,4,0
BRDA:79,2,5,0
BRDA:79,2,6,0
BRDA:79,2,7,0
BRDA:79,2,8,0
BRDA:79,2,9,0
BRDA:150,3,0,0
BRDA:155,4,0,0
BRDA:155,4,1,0
BRDA:156,5,0,0
BRDA:179,6,0,2
BRDA:179,6,1,0
BRDA:183,7,0,1
BRDA:183,7,1,1
BRDA:193,8,0,0
BRDA:193,8,1,0
BRDA:193,9,0,0
BRDA:193,9,1,0
BRDA:45,10,0,2
BRDA:45,10,1,0
BRDA:49,11,0,0
BRDA:49,11,1,0
BRDA:51,12,0,0
BRDA:51,12,1,2
BRDA:52,13,0,0
BRDA:52,13,1,2
BRF:34
BRH:8
end_of_record
TN:
SF:src/share/client/job_parameter.ts
FN:8,(anonymous_0)
FN:13,(anonymous_1)
FN:16,(anonymous_2)
FN:19,(anonymous_3)
FN:22,(anonymous_4)
FN:25,(anonymous_5)
FN:28,(anonymous_6)
FN:31,(anonymous_7)
FNF:8
FNH:1
FNDA:6,(anonymous_0)
FNDA:0,(anonymous_1)
FNDA:0,(anonymous_2)
FNDA:0,(anonymous_3)
FNDA:0,(anonymous_4)
FNDA:0,(anonymous_5)
FNDA:0,(anonymous_6)
FNDA:0,(anonymous_7)
DA:8,3
DA:13,6
DA:14,0
DA:16,6
DA:17,0
DA:19,6
DA:20,0
DA:22,6
DA:23,0
DA:25,6
DA:26,0
DA:28,6
DA:29,0
DA:31,6
DA:32,0
DA:39,0
LF:16
LH:8
BRF:0
BRH:0
end_of_record
TN:
SF:src/share/client/os.ts
FN:41,(anonymous_16)
FN:48,(anonymous_17)
FN:53,(anonymous_18)
FN:58,(anonymous_19)
FN:63,(anonymous_20)
FN:68,(anonymous_21)
FN:73,(anonymous_22)
FN:79,(anonymous_23)
FN:86,(anonymous_24)
FN:93,(anonymous_25)
FN:94,(anonymous_26)
FN:94,(anonymous_27)
FN:98,(anonymous_28)
FN:99,(anonymous_29)
FN:99,(anonymous_30)
FN:103,(anonymous_31)
FN:108,(anonymous_32)
FN:113,(anonymous_33)
FN:120,(anonymous_34)
FN:122,(anonymous_35)
FN:127,(anonymous_36)
FN:127,(anonymous_37)
FN:139,(anonymous_38)
FN:139,(anonymous_39)
FN:143,(anonymous_40)
FN:152,(anonymous_41)
FN:158,(anonymous_42)
FN:161,(anonymous_43)
FN:165,(anonymous_44)
FN:168,(anonymous_45)
FN:171,(anonymous_46)
FN:177,(anonymous_47)
FN:181,(anonymous_48)
FN:187,(anonymous_49)
FN:187,(anonymous_50)
FN:191,(anonymous_51)
FN:200,(anonymous_52)
FN:203,(anonymous_53)
FN:206,(anonymous_54)
FN:209,(anonymous_55)
FN:212,(anonymous_56)
FNF:41
FNH:2
FNDA:6,(anonymous_16)
FNDA:0,(anonymous_17)
FNDA:0,(anonymous_18)
FNDA:0,(anonymous_19)
FNDA:0,(anonymous_20)
FNDA:0,(anonymous_21)
FNDA:2,(anonymous_22)
FNDA:0,(anonymous_23)
FNDA:0,(anonymous_24)
FNDA:0,(anonymous_25)
FNDA:0,(anonymous_26)
FNDA:0,(anonymous_27)
FNDA:0,(anonymous_28)
FNDA:0,(anonymous_29)
FNDA:0,(anonymous_30)
FNDA:0,(anonymous_31)
FNDA:0,(anonymous_32)
FNDA:0,(anonymous_33)
FNDA:0,(anonymous_34)
FNDA:0,(anonymous_35)
FNDA:0,(anonymous_36)
FNDA:0,(anonymous_37)
FNDA:0,(anonymous_38)
FNDA:0,(anonymous_39)
FNDA:0,(anonymous_40)
FNDA:0,(anonymous_41)
FNDA:0,(anonymous_42)
FNDA:0,(anonymous_43)
FNDA:0,(anonymous_44)
FNDA:0,(anonymous_45)
FNDA:0,(anonymous_46)
FNDA:0,(anonymous_47)
FNDA:0,(anonymous_48)
FNDA:0,(anonymous_49)
FNDA:0,(anonymous_50)
FNDA:0,(anonymous_51)
FNDA:0,(anonymous_52)
FNDA:0,(anonymous_53)
FNDA:0,(anonymous_54)
FNDA:0,(anonymous_55)
FNDA:0,(anonymous_56)
DA:6,3
DA:7,3
DA:8,3
DA:9,3
DA:10,3
DA:24,3
DA:33,6
DA:42,6
DA:43,6
DA:44,6
DA:45,6
DA:48,6
DA:49,0
DA:50,0
DA:53,6
DA:54,0
DA:55,0
DA:58,6
DA:59,0
DA:60,0
DA:63,6
DA:64,0
DA:65,0
DA:68,6
DA:69,0
DA:70,0
DA:73,6
DA:74,2
DA:75,2
DA:76,2
DA:79,6
DA:80,0
DA:81,0
DA:82,0
DA:83,0
DA:86,6
DA:87,0
DA:88,0
DA:89,0
DA:90,0
DA:93,6
DA:94,0
DA:95,0
DA:98,6
DA:99,0
DA:100,0
DA:103,6
DA:104,0
DA:105,0
DA:108,6
DA:109,0
DA:110,0
DA:113,6
DA:114,0
DA:120,6
DA:121,0
DA:122,0
DA:123,0
DA:127,6
DA:128,0
DA:129,0
DA:139,6
DA:140,0
DA:141,0
DA:142,0
DA:143,0
DA:144,0
DA:152,0
DA:153,0
DA:154,0
DA:155,0
DA:158,0
DA:159,0
DA:161,0
DA:162,0
DA:163,0
DA:165,0
DA:166,0
DA:168,0
DA:169,0
DA:171,0
DA:172,0
DA:173,0
DA:174,0
DA:176,0
DA:177,0
DA:178,0
DA:180,0
DA:181,0
DA:182,0
DA:187,6
DA:188,0
DA:191,6
DA:192,0
DA:193,0
DA:194,0
DA:195,0
DA:200,0
DA:201,0
DA:203,0
DA:204,0
DA:206,0
DA:207,0
DA:209,0
DA:210,0
DA:212,0
DA:213,0
LF:107
LH:32
BRDA:81,0,0,0
BRDA:88,1,0,0
BRDA:128,2,0,0
BRDA:128,2,1,0
BRDA:153,3,0,0
BRF:5
BRH:0
end_of_record
TN:
SF:src/share/interface/enum.ts
FN:6,(anonymous_0)
FN:13,(anonymous_1)
FN:24,(anonymous_2)
FN:30,(anonymous_3)
FN:43,(anonymous_4)
FN:49,(anonymous_5)
FN:54,(anonymous_6)
FN:63,(anonymous_7)
FN:76,(anonymous_8)
FN:81,(anonymous_9)
FN:89,(anonymous_10)
FN:93,(anonymous_11)
FN:97,(anonymous_12)
FN:104,(anonymous_13)
FNF:14
FNH:14
FNDA:4,(anonymous_0)
FNDA:4,(anonymous_1)
FNDA:4,(anonymous_2)
FNDA:4,(anonymous_3)
FNDA:4,(anonymous_4)
FNDA:4,(anonymous_5)
FNDA:4,(anonymous_6)
FNDA:4,(anonymous_7)
FNDA:4,(anonymous_8)
FNDA:4,(anonymous_9)
FNDA:4,(anonymous_10)
FNDA:4,(anonymous_11)
FNDA:4,(anonymous_12)
FNDA:4,(anonymous_13)
DA:6,4
DA:7,4
DA:8,4
DA:9,4
DA:10,4
DA:13,4
DA:14,4
DA:15,4
DA:16,4
DA:17,4
DA:18,4
DA:19,4
DA:20,4
DA:21,4
DA:24,4
DA:25,4
DA:26,4
DA:27,4
DA:30,4
DA:31,4
DA:32,4
DA:33,4
DA:34,4
DA:35,4
DA:36,4
DA:37,4
DA:38,4
DA:39,4
DA:40,4
DA:43,4
DA:44,4
DA:45,4
DA:46,4
DA:49,4
DA:50,4
DA:51,4
DA:54,4
DA:55,4
DA:56,4
DA:57,4
DA:58,4
DA:59,4
DA:60,4
DA:63,4
DA:64,4
DA:65,4
DA:66,4
DA:67,4
DA:68,4
DA:69,4
DA:70,4
DA:71,4
DA:72,4
DA:73,4
DA:76,4
DA:77,4
DA:78,4
DA:81,4
DA:82,4
DA:83,4
DA:84,4
DA:85,4
DA:86,4
DA:89,4
DA:90,4
DA:93,4
DA:94,4
DA:97,4
DA:98,4
DA:99,4
DA:100,4
DA:101,4
DA:104,4
DA:105,4
DA:106,4
DA:107,4
DA:108,4
DA:109,4
DA:110,4
DA:113,4
DA:124,4
DA:132,4
DA:137,4
DA:144,4
DA:153,4
DA:166,4
DA:171,4
DA:179,4
LF:88
LH:88
BRDA:6,0,0,4
BRDA:6,0,1,4
BRDA:13,1,0,4
BRDA:13,1,1,4
BRDA:24,2,0,4
BRDA:24,2,1,4
BRDA:30,3,0,4
BRDA:30,3,1,4
BRDA:43,4,0,4
BRDA:43,4,1,4
BRDA:49,5,0,4
BRDA:49,5,1,4
BRDA:54,6,0,4
BRDA:54,6,1,4
BRDA:63,7,0,4
BRDA:63,7,1,4
BRDA:76,8,0,4
BRDA:76,8,1,4
BRDA:81,9,0,4
BRDA:81,9,1,4
BRDA:89,10,0,4
BRDA:89,10,1,4
BRDA:93,11,0,4
BRDA:93,11,1,4
BRDA:97,12,0,4
BRDA:97,12,1,4
BRDA:104,13,0,4
BRDA:104,13,1,4
BRF:28
BRH:28
end_of_record
TN:
SF:src/share/interface/server.ts
FN:8,(anonymous_0)
FNF:1
FNH:1
FNDA:4,(anonymous_0)
DA:8,4
DA:9,4
DA:10,4
DA:11,4
DA:12,4
LF:5
LH:5
BRDA:8,0,0,4
BRDA:8,0,1,4
BRF:2
BRH:2
end_of_record
TN:
SF:src/share/plugins/i18n.ts
FNF:0
FNH:0
DA:6,1
DA:7,1
DA:8,1
DA:10,1
DA:20,1
LF:5
LH:5
BRF:0
BRH:0
end_of_record
TN:
SF:src/share/script/execute/base.ts
FN:83,(anonymous_0)
FN:95,(anonymous_1)
FN:96,(anonymous_2)
FN:101,(anonymous_3)
FN:115,(anonymous_4)
FN:126,(anonymous_5)
FN:127,(anonymous_6)
FN:133,(anonymous_7)
FN:134,(anonymous_8)
FN:139,(anonymous_9)
FN:142,(anonymous_10)
FN:153,(anonymous_11)
FN:158,(anonymous_12)
FN:159,(anonymous_13)
FN:161,(anonymous_14)
FN:174,(anonymous_15)
FN:190,(anonymous_16)
FN:192,(anonymous_17)
FN:193,(anonymous_18)
FN:194,(anonymous_19)
FN:198,(anonymous_20)
FN:199,(anonymous_21)
FN:213,(anonymous_22)
FN:247,(anonymous_23)
FN:255,(anonymous_24)
FN:256,(anonymous_25)
FN:262,(anonymous_26)
FN:263,(anonymous_27)
FN:266,(anonymous_28)
FN:220,(anonymous_29)
FN:232,(anonymous_30)
FN:236,(anonymous_31)
FN:270,(anonymous_32)
FN:282,(anonymous_33)
FN:295,(anonymous_34)
FN:300,(anonymous_35)
FN:303,(anonymous_36)
FNF:37
FNH:6
FNDA:0,(anonymous_0)
FNDA:0,(anonymous_1)
FNDA:0,(anonymous_2)
FNDA:0,(anonymous_3)
FNDA:0,(anonymous_4)
FNDA:0,(anonymous_5)
FNDA:0,(anonymous_6)
FNDA:0,(anonymous_7)
FNDA:0,(anonymous_8)
FNDA:0,(anonymous_9)
FNDA:0,(anonymous_10)
FNDA:0,(anonymous_11)
FNDA:0,(anonymous_12)
FNDA:0,(anonymous_13)
FNDA:0,(anonymous_14)
FNDA:0,(anonymous_15)
FNDA:0,(anonymous_16)
FNDA:0,(anonymous_17)
FNDA:0,(anonymous_18)
FNDA:0,(anonymous_19)
FNDA:0,(anonymous_20)
FNDA:0,(anonymous_21)
FNDA:0,(anonymous_22)
FNDA:0,(anonymous_23)
FNDA:0,(anonymous_24)
FNDA:0,(anonymous_25)
FNDA:0,(anonymous_26)
FNDA:0,(anonymous_27)
FNDA:0,(anonymous_28)
FNDA:0,(anonymous_29)
FNDA:0,(anonymous_30)
FNDA:3,(anonymous_31)
FNDA:2,(anonymous_32)
FNDA:2,(anonymous_33)
FNDA:5,(anonymous_34)
FNDA:30,(anonymous_35)
FNDA:25,(anonymous_36)
DA:6,1
DA:7,1
DA:9,1
DA:14,1
DA:31,0
DA:38,0
DA:44,0
DA:48,0
DA:52,0
DA:56,0
DA:60,0
DA:61,0
DA:67,0
DA:73,0
DA:74,0
DA:75,0
DA:76,0
DA:77,0
DA:78,0
DA:84,0
DA:85,0
DA:86,0
DA:87,0
DA:88,0
DA:95,0
DA:96,0
DA:97,0
DA:101,0
DA:102,0
DA:107,0
DA:112,0
DA:113,0
DA:115,0
DA:116,0
DA:121,0
DA:126,0
DA:127,0
DA:133,0
DA:134,0
DA:139,0
DA:140,0
DA:141,0
DA:142,0
DA:153,0
DA:154,0
DA:155,0
DA:156,0
DA:158,0
DA:159,0
DA:160,0
DA:161,0
DA:162,0
DA:163,0
DA:164,0
DA:165,0
DA:167,0
DA:168,0
DA:169,0
DA:170,0
DA:173,0
DA:174,0
DA:175,0
DA:176,0
DA:177,0
DA:178,0
DA:180,0
DA:181,0
DA:182,0
DA:183,0
DA:188,0
DA:190,0
DA:191,0
DA:192,0
DA:193,0
DA:194,0
DA:195,0
DA:196,0
DA:197,0
DA:198,0
DA:199,0
DA:200,0
DA:205,0
DA:213,0
DA:214,0
DA:215,0
DA:221,0
DA:222,0
DA:223,0
DA:233,0
DA:237,3
DA:238,3
DA:239,3
DA:247,0
DA:248,0
DA:255,0
DA:256,0
DA:262,0
DA:263,0
DA:266,0
DA:267,0
DA:270,1
DA:271,2
DA:272,2
DA:274,2
DA:275,6
DA:276,6
DA:277,6
DA:282,1
DA:283,2
DA:284,4
DA:285,4
DA:286,4
DA:287,4
DA:288,5
DA:290,4
DA:292,2
DA:295,1
DA:296,5
DA:297,5
DA:298,2
DA:300,5
DA:301,30
DA:302,5
DA:303,25
DA:305,5
LF:125
LH:32
BRDA:97,0,0,0
BRDA:97,0,1,0
BRDA:97,1,0,0
BRDA:97,1,1,0
BRDA:134,2,0,0
BRDA:134,2,1,0
BRDA:140,3,0,0
BRDA:141,4,0,0
BRDA:141,4,1,0
BRDA:142,5,0,0
BRDA:142,5,1,0
BRDA:154,6,0,0
BRDA:160,7,0,0
BRDA:161,8,0,0
BRDA:161,8,1,0
BRDA:161,9,0,0
BRDA:161,9,1,0
BRDA:161,10,0,0
BRDA:161,10,1,0
BRDA:161,11,0,0
BRDA:161,11,1,0
BRDA:161,12,0,0
BRDA:161,12,1,0
BRDA:162,13,0,0
BRDA:162,13,1,0
BRDA:167,14,0,0
BRDA:167,15,0,0
BRDA:167,15,1,0
BRDA:167,16,0,0
BRDA:167,16,1,0
BRDA:173,17,0,0
BRDA:173,18,0,0
BRDA:173,18,1,0
BRDA:174,19,0,0
BRDA:174,19,1,0
BRDA:174,20,0,0
BRDA:174,20,1,0
BRDA:174,21,0,0
BRDA:174,21,1,0
BRDA:174,22,0,0
BRDA:174,22,1,0
BRDA:174,23,0,0
BRDA:174,23,1,0
BRDA:175,24,0,0
BRDA:175,24,1,0
BRDA:180,25,0,0
BRDA:180,26,0,0
BRDA:180,26,1,0
BRDA:180,27,0,0
BRDA:180,27,1,0
BRDA:196,28,0,0
BRDA:196,29,0,0
BRDA:196,29,1,0
BRDA:196,29,2,0
BRDA:196,29,3,0
BRDA:197,30,0,0
BRDA:200,31,0,0
BRDA:215,32,0,0
BRDA:215,32,1,0
BRDA:256,33,0,0
BRDA:256,33,1,0
BRDA:267,34,0,0
BRDA:267,34,1,0
BRDA:221,35,0,0
BRDA:222,36,0,0
BRDA:222,36,1,0
BRDA:276,37,0,0
BRDA:276,38,0,6
BRDA:276,38,1,6
BRDA:276,38,2,6
BRDA:285,39,0,1
BRDA:285,39,1,3
BRDA:297,40,0,2
BRDA:301,41,0,25
BRF:74
BRH:7
end_of_record
TN:
SF:src/share/script/execute/util_parser.ts
FN:16,(anonymous_0)
FN:20,(anonymous_1)
FN:24,(anonymous_2)
FN:115,(anonymous_3)
FN:151,(anonymous_4)
FN:153,(anonymous_5)
FN:155,(anonymous_6)
FN:158,(anonymous_7)
FN:170,(anonymous_8)
FN:171,(anonymous_9)
FN:35,(anonymous_10)
FN:47,(anonymous_11)
FN:58,(anonymous_12)
FN:69,(anonymous_13)
FN:71,(anonymous_14)
FN:71,(anonymous_15)
FN:72,(anonymous_16)
FN:73,(anonymous_17)
FN:74,(anonymous_18)
FN:78,(anonymous_19)
FN:82,(anonymous_20)
FN:101,(anonymous_21)
FNF:22
FNH:20
FNDA:0,(anonymous_0)
FNDA:6,(anonymous_1)
FNDA:0,(anonymous_2)
FNDA:41,(anonymous_3)
FNDA:16,(anonymous_4)
FNDA:26,(anonymous_5)
FNDA:23,(anonymous_6)
FNDA:130,(anonymous_7)
FNDA:26,(anonymous_8)
FNDA:316,(anonymous_9)
FNDA:7,(anonymous_10)
FNDA:25,(anonymous_11)
FNDA:85,(anonymous_12)
FNDA:7,(anonymous_13)
FNDA:40,(anonymous_14)
FNDA:32,(anonymous_15)
FNDA:40,(anonymous_16)
FNDA:40,(anonymous_17)
FNDA:40,(anonymous_18)
FNDA:64,(anonymous_19)
FNDA:2,(anonymous_20)
FNDA:3,(anonymous_21)
DA:6,2
DA:7,2
DA:13,2
DA:15,6
DA:17,0
DA:21,6
DA:24,6
DA:25,0
DA:26,0
DA:35,2
DA:36,7
DA:47,2
DA:48,25
DA:49,25
DA:50,58
DA:51,58
DA:52,19
DA:53,6
DA:54,6
DA:57,19
DA:58,19
DA:59,85
DA:63,25
DA:69,2
DA:70,7
DA:71,40
DA:72,40
DA:73,40
DA:74,40
DA:75,7
DA:76,6
DA:77,6
DA:78,64
DA:80,7
DA:81,1
DA:82,2
DA:83,1
DA:85,7
DA:86,1
DA:87,1
DA:88,1
DA:90,7
DA:101,2
DA:102,3
DA:103,4
DA:104,3
DA:115,6
DA:116,41
DA:117,41
DA:118,41
DA:119,41
DA:120,41
DA:121,41
DA:122,501
DA:123,500
DA:124,499
DA:125,498
DA:126,501
DA:127,84
DA:128,84
DA:129,42
DA:130,16
DA:132,26
DA:134,42
DA:135,42
DA:138,501
DA:139,501
DA:140,501
DA:142,41
DA:151,6
DA:152,16
DA:153,16
DA:154,26
DA:155,23
DA:156,1
DA:158,130
DA:159,26
DA:160,25
DA:161,25
DA:162,24
DA:164,1
DA:166,16
DA:167,16
DA:170,6
DA:171,316
DA:172,26
DA:173,25
LF:87
LH:84
BRDA:122,0,0,1
BRDA:122,0,1,500
BRDA:122,1,0,501
BRDA:122,1,1,1
BRDA:123,2,0,1
BRDA:123,2,1,499
BRDA:124,3,0,1
BRDA:124,3,1,498
BRDA:125,4,0,1
BRDA:126,5,0,84
BRDA:126,6,0,501
BRDA:126,6,1,85
BRDA:128,7,0,42
BRDA:129,8,0,16
BRDA:129,8,1,26
BRDA:138,9,0,16
BRDA:138,10,0,501
BRDA:138,10,1,16
BRDA:138,10,2,16
BRDA:139,11,0,339
BRDA:139,12,0,501
BRDA:139,12,1,381
BRDA:139,12,2,339
BRDA:140,13,0,76
BRDA:140,14,0,501
BRDA:140,14,1,120
BRDA:140,14,2,77
BRDA:140,15,0,1
BRDA:140,15,1,75
BRDA:154,16,0,1
BRDA:156,17,0,1
BRDA:159,18,0,25
BRDA:159,18,1,1
BRDA:161,19,0,1
BRDA:172,20,0,1
BRDA:50,21,0,9
BRDA:50,21,1,49
BRDA:51,22,0,19
BRDA:52,23,0,6
BRDA:53,24,0,6
BRDA:54,25,0,6
BRDA:54,25,1,0
BRDA:59,26,0,49
BRDA:59,26,1,36
BRDA:71,27,0,40
BRDA:71,27,1,34
BRDA:71,27,2,28
BRDA:71,27,3,28
BRDA:71,27,4,13
BRF:49
BRH:48
end_of_record
