TN:
SF:src/share/interface.ts
FNF:0
FNH:0
DA:9,4
DA:13,4
DA:17,4
DA:21,4
DA:26,4
DA:30,4
DA:34,4
DA:35,4
DA:36,4
DA:41,4
DA:42,4
DA:43,4
DA:45,4
DA:46,4
DA:47,4
DA:48,4
DA:49,4
DA:50,4
DA:51,4
DA:52,4
DA:53,4
LF:21
LH:21
BRF:0
BRH:0
end_of_record
TN:
SF:src/share/client/javascript.ts
FN:13,(anonymous_16)
FN:30,(anonymous_17)
FN:52,(anonymous_18)
FN:53,(anonymous_19)
FN:56,has
FN:59,(anonymous_21)
FN:61,hasboolean
FN:62,(anonymous_23)
FN:64,hasnumber
FN:65,(anonymous_25)
FN:67,hasstring
FN:68,(anonymous_27)
FN:70,hasobject
FN:71,(anonymous_29)
FN:73,haslist
FN:74,(anonymous_31)
FN:76,hasselect
FN:77,(anonymous_33)
FN:80,get
FN:83,(anonymous_35)
FN:85,getboolean
FN:86,(anonymous_37)
FN:88,getnumber
FN:94,(anonymous_39)
FN:96,getstring
FN:97,(anonymous_41)
FN:99,getobject
FN:100,(anonymous_43)
FN:102,getlist
FN:103,(anonymous_45)
FN:105,getselect
FN:106,(anonymous_47)
FN:110,getselectlendth
FN:111,(anonymous_49)
FN:115,_set
FN:119,(anonymous_51)
FN:121,set
FN:146,setboolean
FN:147,(anonymous_54)
FN:155,setnumber
FN:160,(anonymous_56)
FN:168,setstring
FN:169,(anonymous_58)
FN:177,setobject
FN:178,(anonymous_60)
FN:186,setlist
FN:187,(anonymous_62)
FN:195,setselect
FN:196,(anonymous_64)
FN:211,(anonymous_65)
FN:310,(anonymous_66)
FN:319,(anonymous_67)
FN:320,(anonymous_68)
FN:328,(anonymous_69)
FN:330,(anonymous_70)
FN:345,(anonymous_71)
FN:355,(anonymous_72)
FN:357,(anonymous_73)
FN:269,(anonymous_74)
FN:270,(anonymous_75)
FN:367,(anonymous_76)
FN:375,(anonymous_77)
FN:376,(anonymous_78)
FN:427,(anonymous_79)
FN:434,(anonymous_80)
FN:437,(anonymous_81)
FN:440,(anonymous_82)
FN:445,(anonymous_83)
FN:447,(anonymous_84)
FN:449,(anonymous_85)
FN:453,(anonymous_86)
FN:460,(anonymous_87)
FN:464,(anonymous_88)
FN:466,(anonymous_89)
FN:470,(anonymous_90)
FN:473,(anonymous_91)
FN:476,(anonymous_92)
FN:479,(anonymous_93)
FN:482,(anonymous_94)
FN:485,(anonymous_95)
FN:488,(anonymous_96)
FN:491,(anonymous_97)
FN:494,(anonymous_98)
FN:497,(anonymous_99)
FN:500,(anonymous_100)
FN:504,(anonymous_101)
FN:505,(anonymous_103)
FN:507,(anonymous_104)
FN:513,(anonymous_106)
FN:516,(anonymous_108)
FN:519,(anonymous_110)
FN:522,(anonymous_112)
FN:525,(anonymous_114)
FN:528,(anonymous_116)
FN:293,(anonymous_118)
FNF:95
FNH:24
FNDA:15,(anonymous_16)
FNDA:180,(anonymous_17)
FNDA:0,(anonymous_18)
FNDA:0,(anonymous_19)
FNDA:7,has
FNDA:25,(anonymous_21)
FNDA:2,hasboolean
FNDA:1,(anonymous_23)
FNDA:3,hasnumber
FNDA:2,(anonymous_25)
FNDA:2,hasstring
FNDA:1,(anonymous_27)
FNDA:0,hasobject
FNDA:0,(anonymous_29)
FNDA:0,haslist
FNDA:0,(anonymous_31)
FNDA:0,hasselect
FNDA:0,(anonymous_33)
FNDA:8,get
FNDA:27,(anonymous_35)
FNDA:2,getboolean
FNDA:1,(anonymous_37)
FNDA:4,getnumber
FNDA:3,(anonymous_39)
FNDA:2,getstring
FNDA:1,(anonymous_41)
FNDA:0,getobject
FNDA:0,(anonymous_43)
FNDA:0,getlist
FNDA:0,(anonymous_45)
FNDA:0,getselect
FNDA:0,(anonymous_47)
FNDA:0,getselectlendth
FNDA:0,(anonymous_49)
FNDA:0,_set
FNDA:0,(anonymous_51)
FNDA:0,set
FNDA:0,setboolean
FNDA:0,(anonymous_54)
FNDA:0,setnumber
FNDA:0,(anonymous_56)
FNDA:0,setstring
FNDA:0,(anonymous_58)
FNDA:0,setobject
FNDA:0,(anonymous_60)
FNDA:0,setlist
FNDA:0,(anonymous_62)
FNDA:0,setselect
FNDA:0,(anonymous_64)
FNDA:3,(anonymous_65)
FNDA:15,(anonymous_66)
FNDA:0,(anonymous_67)
FNDA:0,(anonymous_68)
FNDA:15,(anonymous_69)
FNDA:60,(anonymous_70)
FNDA:0,(anonymous_71)
FNDA:0,(anonymous_72)
FNDA:0,(anonymous_73)
FNDA:0,(anonymous_74)
FNDA:0,(anonymous_75)
FNDA:15,(anonymous_76)
FNDA:0,(anonymous_77)
FNDA:0,(anonymous_78)
FNDA:0,(anonymous_79)
FNDA:0,(anonymous_80)
FNDA:0,(anonymous_81)
FNDA:0,(anonymous_82)
FNDA:0,(anonymous_83)
FNDA:0,(anonymous_84)
FNDA:0,(anonymous_85)
FNDA:0,(anonymous_86)
FNDA:0,(anonymous_87)
FNDA:0,(anonymous_88)
FNDA:0,(anonymous_89)
FNDA:0,(anonymous_90)
FNDA:0,(anonymous_91)
FNDA:0,(anonymous_92)
FNDA:0,(anonymous_93)
FNDA:0,(anonymous_94)
FNDA:0,(anonymous_95)
FNDA:0,(anonymous_96)
FNDA:0,(anonymous_97)
FNDA:0,(anonymous_98)
FNDA:0,(anonymous_99)
FNDA:0,(anonymous_100)
FNDA:0,(anonymous_101)
FNDA:0,(anonymous_103)
FNDA:0,(anonymous_104)
FNDA:0,(anonymous_106)
FNDA:0,(anonymous_108)
FNDA:0,(anonymous_110)
FNDA:0,(anonymous_112)
FNDA:0,(anonymous_114)
FNDA:0,(anonymous_116)
FNDA:3,(anonymous_118)
DA:6,2
DA:7,2
DA:10,2
DA:11,2
DA:13,2
DA:14,15
DA:15,15
DA:16,15
DA:17,15
DA:28,15
DA:29,15
DA:30,15
DA:31,180
DA:34,15
DA:35,15
DA:43,2
DA:44,2
DA:45,2
DA:49,2
DA:50,2
DA:52,2
DA:53,2
DA:57,7
DA:58,7
DA:59,25
DA:62,2
DA:65,3
DA:68,2
DA:71,0
DA:74,0
DA:77,0
DA:81,8
DA:82,8
DA:83,27
DA:86,2
DA:89,4
DA:90,0
DA:91,0
DA:92,0
DA:94,4
DA:97,2
DA:100,0
DA:103,0
DA:106,0
DA:107,0
DA:108,0
DA:111,0
DA:112,0
DA:113,0
DA:116,0
DA:117,0
DA:118,0
DA:119,0
DA:122,0
DA:123,0
DA:124,0
DA:126,0
DA:127,0
DA:129,0
DA:130,0
DA:133,0
DA:134,0
DA:136,0
DA:137,0
DA:139,0
DA:140,0
DA:142,0
DA:143,0
DA:147,0
DA:148,0
DA:149,0
DA:151,0
DA:153,0
DA:156,0
DA:157,0
DA:158,0
DA:160,0
DA:161,0
DA:162,0
DA:164,0
DA:166,0
DA:169,0
DA:170,0
DA:171,0
DA:173,0
DA:175,0
DA:178,0
DA:179,0
DA:180,0
DA:182,0
DA:184,0
DA:187,0
DA:188,0
DA:189,0
DA:191,0
DA:193,0
DA:196,0
DA:197,0
DA:199,0
DA:200,0
DA:204,2
DA:212,3
DA:213,3
DA:214,3
DA:219,3
DA:237,3
DA:268,3
DA:269,0
DA:270,0
DA:273,3
DA:293,2
DA:294,3
DA:295,3
DA:296,3
DA:297,3
DA:298,3
DA:299,3
DA:300,3
DA:310,3
DA:311,15
DA:312,15
DA:313,15
DA:314,15
DA:315,15
DA:317,15
DA:318,15
DA:319,0
DA:320,0
DA:321,0
DA:324,15
DA:325,15
DA:327,15
DA:328,15
DA:329,15
DA:330,15
DA:331,60
DA:332,15
DA:333,15
DA:335,60
DA:345,3
DA:346,0
DA:347,0
DA:348,0
DA:349,0
DA:350,0
DA:351,0
DA:352,0
DA:354,0
DA:355,0
DA:356,0
DA:357,0
DA:358,0
DA:359,0
DA:360,0
DA:362,0
DA:368,15
DA:369,15
DA:370,15
DA:371,15
DA:372,15
DA:373,15
DA:374,0
DA:375,0
DA:376,0
DA:379,15
DA:382,15
DA:383,15
DA:425,15
DA:428,0
DA:429,0
DA:431,0
DA:435,0
DA:438,0
DA:441,0
DA:442,0
DA:443,0
DA:446,0
DA:447,0
DA:448,0
DA:450,0
DA:454,0
DA:455,0
DA:456,0
DA:457,0
DA:458,0
DA:461,0
DA:462,0
DA:463,0
DA:464,0
DA:465,0
DA:467,0
DA:471,0
DA:474,0
DA:477,0
DA:480,0
DA:483,0
DA:486,0
DA:489,0
DA:492,0
DA:495,0
DA:498,0
DA:501,0
DA:505,0
DA:508,0
DA:514,0
DA:517,0
DA:520,0
DA:523,0
DA:526,0
DA:529,0
LF:210
LH:80
BRDA:29,0,0,15
BRDA:52,1,0,0
BRDA:52,1,1,0
BRDA:52,2,0,0
BRDA:52,2,1,0
BRDA:52,3,0,0
BRDA:52,3,1,0
BRDA:52,4,0,0
BRDA:52,4,1,0
BRDA:52,5,0,0
BRDA:52,5,1,0
BRDA:52,6,0,0
BRDA:52,6,1,0
BRDA:53,7,0,0
BRDA:53,7,1,0
BRDA:53,8,0,0
BRDA:53,8,1,0
BRDA:53,9,0,0
BRDA:53,9,1,0
BRDA:53,10,0,0
BRDA:53,10,1,0
BRDA:53,11,0,0
BRDA:53,11,1,0
BRDA:53,12,0,0
BRDA:53,12,1,0
BRDA:57,13,0,7
BRDA:57,13,1,0
BRDA:57,14,0,7
BRDA:57,14,1,7
BRDA:57,15,0,0
BRDA:57,15,1,7
BRDA:57,16,0,7
BRDA:57,16,1,7
BRDA:58,17,0,0
BRDA:59,18,0,25
BRDA:59,18,1,4
BRDA:59,19,0,4
BRDA:59,19,1,0
BRDA:65,20,0,2
BRDA:65,20,1,0
BRDA:68,21,0,1
BRDA:68,21,1,0
BRDA:81,22,0,8
BRDA:81,22,1,0
BRDA:81,23,0,8
BRDA:81,23,1,8
BRDA:81,24,0,0
BRDA:81,24,1,8
BRDA:81,25,0,8
BRDA:81,25,1,8
BRDA:82,26,0,0
BRDA:83,27,0,5
BRDA:83,27,1,3
BRDA:83,28,0,8
BRDA:83,28,1,8
BRDA:83,29,0,3
BRDA:83,29,1,5
BRDA:83,30,0,8
BRDA:83,30,1,8
BRDA:83,31,0,27
BRDA:83,31,1,5
BRDA:83,32,0,5
BRDA:83,32,1,0
BRDA:89,33,0,0
BRDA:90,34,0,0
BRDA:90,34,1,0
BRDA:90,35,0,0
BRDA:90,35,1,0
BRDA:90,36,0,0
BRDA:90,36,1,0
BRDA:90,37,0,0
BRDA:90,37,1,0
BRDA:91,38,0,0
BRDA:94,39,0,3
BRDA:94,39,1,0
BRDA:97,40,0,1
BRDA:97,40,1,0
BRDA:107,41,0,0
BRDA:107,42,0,0
BRDA:107,42,1,0
BRDA:107,43,0,0
BRDA:107,43,1,0
BRDA:112,44,0,0
BRDA:112,45,0,0
BRDA:112,45,1,0
BRDA:112,46,0,0
BRDA:112,46,1,0
BRDA:115,47,0,0
BRDA:116,48,0,0
BRDA:116,48,1,0
BRDA:116,49,0,0
BRDA:116,49,1,0
BRDA:116,50,0,0
BRDA:116,50,1,0
BRDA:116,51,0,0
BRDA:116,51,1,0
BRDA:117,52,0,0
BRDA:118,53,0,0
BRDA:119,54,0,0
BRDA:119,54,1,0
BRDA:119,55,0,0
BRDA:119,55,1,0
BRDA:123,56,0,0
BRDA:124,57,0,0
BRDA:124,57,1,0
BRDA:124,57,2,0
BRDA:124,57,3,0
BRDA:124,57,4,0
BRDA:124,57,5,0
BRDA:124,57,6,0
BRDA:148,58,0,0
BRDA:148,58,1,0
BRDA:153,59,0,0
BRDA:153,59,1,0
BRDA:153,60,0,0
BRDA:153,60,1,0
BRDA:156,61,0,0
BRDA:161,62,0,0
BRDA:161,62,1,0
BRDA:166,63,0,0
BRDA:166,63,1,0
BRDA:166,64,0,0
BRDA:166,64,1,0
BRDA:170,65,0,0
BRDA:170,65,1,0
BRDA:175,66,0,0
BRDA:175,66,1,0
BRDA:175,67,0,0
BRDA:175,67,1,0
BRDA:179,68,0,0
BRDA:179,68,1,0
BRDA:184,69,0,0
BRDA:184,69,1,0
BRDA:184,70,0,0
BRDA:184,70,1,0
BRDA:188,71,0,0
BRDA:188,71,1,0
BRDA:193,72,0,0
BRDA:193,72,1,0
BRDA:193,73,0,0
BRDA:193,73,1,0
BRDA:197,74,0,0
BRDA:200,75,0,0
BRDA:200,75,1,0
BRDA:200,76,0,0
BRDA:200,76,1,0
BRDA:317,77,0,0
BRDA:317,77,1,15
BRDA:317,78,0,15
BRDA:317,78,1,15
BRDA:317,79,0,0
BRDA:317,79,1,15
BRDA:317,80,0,15
BRDA:317,80,1,15
BRDA:318,81,0,0
BRDA:321,82,0,0
BRDA:331,83,0,15
BRDA:331,84,0,60
BRDA:331,84,1,60
BRDA:358,85,0,0
BRDA:358,86,0,0
BRDA:358,86,1,0
BRDA:367,87,0,0
BRDA:369,88,0,15
BRDA:370,89,0,15
BRDA:371,90,0,15
BRDA:372,91,0,15
BRDA:373,92,0,0
BRDA:373,92,1,15
BRDA:382,93,0,15
BRDA:387,94,0,0
BRDA:387,94,1,15
BRDA:428,95,0,0
BRDA:428,95,1,0
BRDA:442,96,0,0
BRDA:442,96,1,0
BRDA:442,97,0,0
BRDA:442,97,1,0
BRDA:447,98,0,0
BRDA:447,98,1,0
BRDA:447,99,0,0
BRDA:447,99,1,0
BRDA:456,100,0,0
BRDA:456,100,1,0
BRDA:457,101,0,0
BRDA:457,101,1,0
BRDA:457,102,0,0
BRDA:457,102,1,0
BRDA:463,103,0,0
BRDA:463,103,1,0
BRDA:464,104,0,0
BRDA:464,104,1,0
BRDA:464,105,0,0
BRDA:464,105,1,0
BRDA:471,106,0,0
BRDA:471,106,1,0
BRDA:471,107,0,0
BRDA:471,107,1,0
BRDA:474,108,0,0
BRDA:474,108,1,0
BRDA:474,109,0,0
BRDA:474,109,1,0
BRDA:477,110,0,0
BRDA:477,110,1,0
BRDA:477,111,0,0
BRDA:477,111,1,0
BRDA:480,112,0,0
BRDA:480,112,1,0
BRDA:480,113,0,0
BRDA:480,113,1,0
BRDA:483,114,0,0
BRDA:483,114,1,0
BRDA:483,115,0,0
BRDA:483,115,1,0
BRDA:486,116,0,0
BRDA:486,116,1,0
BRDA:486,117,0,0
BRDA:486,117,1,0
BRDA:486,118,0,0
BRDA:486,118,1,0
BRDA:486,119,0,0
BRDA:486,119,1,0
BRDA:489,120,0,0
BRDA:489,120,1,0
BRDA:489,121,0,0
BRDA:489,121,1,0
BRDA:492,122,0,0
BRDA:492,122,1,0
BRDA:492,123,0,0
BRDA:492,123,1,0
BRDA:495,124,0,0
BRDA:495,124,1,0
BRDA:495,125,0,0
BRDA:495,125,1,0
BRDA:498,126,0,0
BRDA:498,126,1,0
BRDA:498,127,0,0
BRDA:498,127,1,0
BRDA:501,128,0,0
BRDA:501,128,1,0
BRDA:501,129,0,0
BRDA:501,129,1,0
BRF:242
BRH:47
end_of_record
TN:
SF:src/share/client/job_execute.ts
FN:41,(anonymous_7)
FN:65,(anonymous_8)
FN:72,(anonymous_9)
FN:81,(anonymous_10)
FN:82,(anonymous_11)
FN:82,(anonymous_12)
FN:135,(anonymous_13)
FN:137,(anonymous_14)
FN:144,(anonymous_15)
FN:146,(anonymous_16)
FN:153,(anonymous_17)
FN:159,(anonymous_18)
FN:168,(anonymous_19)
FN:170,(anonymous_20)
FN:184,(anonymous_21)
FN:185,(anonymous_22)
FN:185,(anonymous_23)
FN:49,(anonymous_24)
FN:49,(anonymous_25)
FN:50,(anonymous_26)
FN:55,(anonymous_27)
FN:56,(anonymous_28)
FN:57,(anonymous_29)
FNF:23
FNH:6
FNDA:2,(anonymous_7)
FNDA:2,(anonymous_8)
FNDA:0,(anonymous_9)
FNDA:0,(anonymous_10)
FNDA:0,(anonymous_11)
FNDA:0,(anonymous_12)
FNDA:0,(anonymous_13)
FNDA:0,(anonymous_14)
FNDA:0,(anonymous_15)
FNDA:0,(anonymous_16)
FNDA:0,(anonymous_17)
FNDA:0,(anonymous_18)
FNDA:0,(anonymous_19)
FNDA:0,(anonymous_20)
FNDA:2,(anonymous_21)
FNDA:2,(anonymous_22)
FNDA:2,(anonymous_23)
FNDA:2,(anonymous_24)
FNDA:0,(anonymous_25)
FNDA:0,(anonymous_26)
FNDA:0,(anonymous_27)
FNDA:0,(anonymous_28)
FNDA:0,(anonymous_29)
DA:7,1
DA:8,1
DA:9,1
DA:10,1
DA:11,1
DA:17,1
DA:42,2
DA:43,2
DA:44,2
DA:45,2
DA:46,2
DA:47,2
DA:48,2
DA:49,2
DA:50,2
DA:51,2
DA:52,2
DA:54,2
DA:55,0
DA:56,0
DA:57,0
DA:65,2
DA:67,2
DA:68,2
DA:69,2
DA:72,2
DA:73,0
DA:81,2
DA:82,0
DA:83,0
DA:86,0
DA:87,0
DA:88,0
DA:89,0
DA:93,0
DA:94,0
DA:95,0
DA:96,0
DA:100,0
DA:101,0
DA:102,0
DA:103,0
DA:107,0
DA:108,0
DA:109,0
DA:110,0
DA:114,0
DA:115,0
DA:116,0
DA:117,0
DA:121,0
DA:122,0
DA:123,0
DA:124,0
DA:128,0
DA:129,0
DA:130,0
DA:131,0
DA:135,0
DA:136,0
DA:138,0
DA:140,0
DA:144,0
DA:145,0
DA:147,0
DA:149,0
DA:153,0
DA:154,0
DA:155,0
DA:156,0
DA:159,0
DA:160,0
DA:161,0
DA:165,0
DA:168,0
DA:169,0
DA:171,0
DA:173,0
DA:184,2
DA:185,2
DA:186,2
DA:189,2
DA:190,2
DA:191,1
DA:193,1
DA:198,2
DA:202,0
DA:203,0
DA:204,0
DA:206,0
DA:211,0
LF:91
LH:32
BRDA:67,0,0,0
BRDA:67,0,1,2
BRDA:68,1,0,0
BRDA:68,1,1,2
BRDA:83,2,0,0
BRDA:83,2,1,0
BRDA:83,2,2,0
BRDA:83,2,3,0
BRDA:83,2,4,0
BRDA:83,2,5,0
BRDA:83,2,6,0
BRDA:83,2,7,0
BRDA:83,2,8,0
BRDA:83,2,9,0
BRDA:154,3,0,0
BRDA:159,4,0,0
BRDA:159,4,1,0
BRDA:160,5,0,0
BRDA:186,6,0,2
BRDA:186,6,1,0
BRDA:190,7,0,1
BRDA:190,7,1,1
BRDA:203,8,0,0
BRDA:203,8,1,0
BRDA:203,9,0,0
BRDA:203,9,1,0
BRDA:45,10,0,2
BRDA:45,10,1,0
BRDA:49,11,0,0
BRDA:49,11,1,0
BRDA:51,12,0,0
BRDA:51,12,1,2
BRDA:52,13,0,0
BRDA:52,13,1,2
BRF:34
BRH:8
end_of_record
TN:
SF:src/share/client/job_parameter.ts
FN:8,(anonymous_0)
FN:13,(anonymous_1)
FN:16,(anonymous_2)
FN:19,(anonymous_3)
FN:22,(anonymous_4)
FN:25,(anonymous_5)
FN:28,(anonymous_6)
FN:31,(anonymous_7)
FNF:8
FNH:1
FNDA:8,(anonymous_0)
FNDA:0,(anonymous_1)
FNDA:0,(anonymous_2)
FNDA:0,(anonymous_3)
FNDA:0,(anonymous_4)
FNDA:0,(anonymous_5)
FNDA:0,(anonymous_6)
FNDA:0,(anonymous_7)
DA:8,3
DA:13,8
DA:14,0
DA:16,8
DA:17,0
DA:19,8
DA:20,0
DA:22,8
DA:23,0
DA:25,8
DA:26,0
DA:28,8
DA:29,0
DA:31,8
DA:32,0
DA:39,0
LF:16
LH:8
BRF:0
BRH:0
end_of_record
TN:
SF:src/share/client/os.ts
FN:38,(anonymous_17)
FN:45,(anonymous_18)
FN:50,(anonymous_19)
FN:55,(anonymous_20)
FN:60,(anonymous_21)
FN:65,(anonymous_22)
FN:70,(anonymous_23)
FN:76,(anonymous_24)
FN:83,(anonymous_25)
FN:90,(anonymous_26)
FN:91,(anonymous_27)
FN:91,(anonymous_28)
FN:95,(anonymous_29)
FN:96,(anonymous_30)
FN:96,(anonymous_31)
FN:100,(anonymous_32)
FN:105,(anonymous_33)
FN:110,(anonymous_34)
FN:117,(anonymous_35)
FN:118,(anonymous_36)
FN:126,(anonymous_37)
FN:126,(anonymous_38)
FN:138,(anonymous_39)
FN:138,(anonymous_40)
FN:142,(anonymous_41)
FN:151,(anonymous_42)
FN:155,(anonymous_43)
FN:159,(anonymous_44)
FN:162,(anonymous_45)
FN:165,(anonymous_46)
FN:167,(anonymous_47)
FN:172,(anonymous_48)
FN:176,(anonymous_49)
FN:182,(anonymous_50)
FN:182,(anonymous_51)
FN:186,(anonymous_52)
FN:194,(anonymous_53)
FN:197,(anonymous_54)
FN:200,(anonymous_55)
FN:203,(anonymous_56)
FN:206,(anonymous_57)
FNF:41
FNH:2
FNDA:8,(anonymous_17)
FNDA:0,(anonymous_18)
FNDA:0,(anonymous_19)
FNDA:0,(anonymous_20)
FNDA:0,(anonymous_21)
FNDA:0,(anonymous_22)
FNDA:2,(anonymous_23)
FNDA:0,(anonymous_24)
FNDA:0,(anonymous_25)
FNDA:0,(anonymous_26)
FNDA:0,(anonymous_27)
FNDA:0,(anonymous_28)
FNDA:0,(anonymous_29)
FNDA:0,(anonymous_30)
FNDA:0,(anonymous_31)
FNDA:0,(anonymous_32)
FNDA:0,(anonymous_33)
FNDA:0,(anonymous_34)
FNDA:0,(anonymous_35)
FNDA:0,(anonymous_36)
FNDA:0,(anonymous_37)
FNDA:0,(anonymous_38)
FNDA:0,(anonymous_39)
FNDA:0,(anonymous_40)
FNDA:0,(anonymous_41)
FNDA:0,(anonymous_42)
FNDA:0,(anonymous_43)
FNDA:0,(anonymous_44)
FNDA:0,(anonymous_45)
FNDA:0,(anonymous_46)
FNDA:0,(anonymous_47)
FNDA:0,(anonymous_48)
FNDA:0,(anonymous_49)
FNDA:0,(anonymous_50)
FNDA:0,(anonymous_51)
FNDA:0,(anonymous_52)
FNDA:0,(anonymous_53)
FNDA:0,(anonymous_54)
FNDA:0,(anonymous_55)
FNDA:0,(anonymous_56)
FNDA:0,(anonymous_57)
DA:6,3
DA:7,3
DA:8,3
DA:9,3
DA:10,3
DA:11,3
DA:25,3
DA:30,8
DA:39,8
DA:40,8
DA:41,8
DA:42,8
DA:45,8
DA:46,0
DA:47,0
DA:50,8
DA:51,0
DA:52,0
DA:55,8
DA:56,0
DA:57,0
DA:60,8
DA:61,0
DA:62,0
DA:65,8
DA:66,0
DA:67,0
DA:70,8
DA:71,2
DA:72,2
DA:73,2
DA:76,8
DA:77,0
DA:78,0
DA:79,0
DA:80,0
DA:83,8
DA:84,0
DA:85,0
DA:86,0
DA:87,0
DA:90,8
DA:91,0
DA:92,0
DA:95,8
DA:96,0
DA:97,0
DA:100,8
DA:101,0
DA:102,0
DA:105,8
DA:106,0
DA:107,0
DA:110,8
DA:111,0
DA:117,8
DA:118,0
DA:119,0
DA:120,0
DA:121,0
DA:123,0
DA:126,8
DA:127,0
DA:128,0
DA:138,8
DA:139,0
DA:140,0
DA:141,0
DA:142,0
DA:143,0
DA:149,0
DA:151,0
DA:152,0
DA:153,0
DA:155,0
DA:156,0
DA:157,0
DA:159,0
DA:160,0
DA:162,0
DA:163,0
DA:165,0
DA:166,0
DA:167,0
DA:168,0
DA:169,0
DA:171,0
DA:172,0
DA:173,0
DA:175,0
DA:176,0
DA:177,0
DA:182,8
DA:183,0
DA:186,8
DA:187,0
DA:188,0
DA:189,0
DA:190,0
DA:194,0
DA:195,0
DA:197,0
DA:198,0
DA:200,0
DA:201,0
DA:203,0
DA:204,0
DA:206,0
DA:207,0
LF:109
LH:33
BRDA:78,0,0,0
BRDA:85,1,0,0
BRDA:127,2,0,0
BRDA:127,2,1,0
BRDA:168,3,0,0
BRF:5
BRH:0
end_of_record
TN:
SF:src/share/interface/enum.ts
FN:6,(anonymous_0)
FN:13,(anonymous_1)
FN:24,(anonymous_2)
FN:30,(anonymous_3)
FN:43,(anonymous_4)
FN:49,(anonymous_5)
FN:54,(anonymous_6)
FN:63,(anonymous_7)
FN:76,(anonymous_8)
FN:81,(anonymous_9)
FN:89,(anonymous_10)
FN:93,(anonymous_11)
FN:97,(anonymous_12)
FN:104,(anonymous_13)
FNF:14
FNH:14
FNDA:4,(anonymous_0)
FNDA:4,(anonymous_1)
FNDA:4,(anonymous_2)
FNDA:4,(anonymous_3)
FNDA:4,(anonymous_4)
FNDA:4,(anonymous_5)
FNDA:4,(anonymous_6)
FNDA:4,(anonymous_7)
FNDA:4,(anonymous_8)
FNDA:4,(anonymous_9)
FNDA:4,(anonymous_10)
FNDA:4,(anonymous_11)
FNDA:4,(anonymous_12)
FNDA:4,(anonymous_13)
DA:6,4
DA:7,4
DA:8,4
DA:9,4
DA:10,4
DA:13,4
DA:14,4
DA:15,4
DA:16,4
DA:17,4
DA:18,4
DA:19,4
DA:20,4
DA:21,4
DA:24,4
DA:25,4
DA:26,4
DA:27,4
DA:30,4
DA:31,4
DA:32,4
DA:33,4
DA:34,4
DA:35,4
DA:36,4
DA:37,4
DA:38,4
DA:39,4
DA:40,4
DA:43,4
DA:44,4
DA:45,4
DA:46,4
DA:49,4
DA:50,4
DA:51,4
DA:54,4
DA:55,4
DA:56,4
DA:57,4
DA:58,4
DA:59,4
DA:60,4
DA:63,4
DA:64,4
DA:65,4
DA:66,4
DA:67,4
DA:68,4
DA:69,4
DA:70,4
DA:71,4
DA:72,4
DA:73,4
DA:76,4
DA:77,4
DA:78,4
DA:81,4
DA:82,4
DA:83,4
DA:84,4
DA:85,4
DA:86,4
DA:89,4
DA:90,4
DA:93,4
DA:94,4
DA:97,4
DA:98,4
DA:99,4
DA:100,4
DA:101,4
DA:104,4
DA:105,4
DA:106,4
DA:107,4
DA:108,4
DA:109,4
DA:110,4
DA:113,4
DA:124,4
DA:132,4
DA:137,4
DA:144,4
DA:153,4
DA:166,4
DA:171,4
DA:179,4
LF:88
LH:88
BRDA:6,0,0,4
BRDA:6,0,1,4
BRDA:13,1,0,4
BRDA:13,1,1,4
BRDA:24,2,0,4
BRDA:24,2,1,4
BRDA:30,3,0,4
BRDA:30,3,1,4
BRDA:43,4,0,4
BRDA:43,4,1,4
BRDA:49,5,0,4
BRDA:49,5,1,4
BRDA:54,6,0,4
BRDA:54,6,1,4
BRDA:63,7,0,4
BRDA:63,7,1,4
BRDA:76,8,0,4
BRDA:76,8,1,4
BRDA:81,9,0,4
BRDA:81,9,1,4
BRDA:89,10,0,4
BRDA:89,10,1,4
BRDA:93,11,0,4
BRDA:93,11,1,4
BRDA:97,12,0,4
BRDA:97,12,1,4
BRDA:104,13,0,4
BRDA:104,13,1,4
BRF:28
BRH:28
end_of_record
TN:
SF:src/share/interface/server.ts
FN:8,(anonymous_0)
FNF:1
FNH:1
FNDA:4,(anonymous_0)
DA:8,4
DA:9,4
DA:10,4
DA:11,4
DA:12,4
LF:5
LH:5
BRDA:8,0,0,4
BRDA:8,0,1,4
BRF:2
BRH:2
end_of_record
TN:
SF:src/share/plugins/i18n.ts
FNF:0
FNH:0
DA:6,1
DA:7,1
DA:8,1
DA:10,1
DA:20,1
LF:5
LH:5
BRF:0
BRH:0
end_of_record
TN:
SF:src/share/script/execute/base.ts
FN:83,(anonymous_0)
FN:95,(anonymous_1)
FN:96,(anonymous_2)
FN:101,(anonymous_3)
FN:115,(anonymous_4)
FN:126,(anonymous_5)
FN:127,(anonymous_6)
FN:133,(anonymous_7)
FN:134,(anonymous_8)
FN:139,(anonymous_9)
FN:142,(anonymous_10)
FN:153,(anonymous_11)
FN:158,(anonymous_12)
FN:159,(anonymous_13)
FN:161,(anonymous_14)
FN:174,(anonymous_15)
FN:190,(anonymous_16)
FN:192,(anonymous_17)
FN:193,(anonymous_18)
FN:194,(anonymous_19)
FN:198,(anonymous_20)
FN:199,(anonymous_21)
FN:213,(anonymous_22)
FN:247,(anonymous_23)
FN:255,(anonymous_24)
FN:256,(anonymous_25)
FN:262,(anonymous_26)
FN:263,(anonymous_27)
FN:266,(anonymous_28)
FN:220,(anonymous_29)
FN:232,(anonymous_30)
FN:236,(anonymous_31)
FN:270,(anonymous_32)
FN:283,(anonymous_33)
FN:296,(anonymous_34)
FN:301,(anonymous_35)
FN:304,(anonymous_36)
FNF:37
FNH:6
FNDA:0,(anonymous_0)
FNDA:0,(anonymous_1)
FNDA:0,(anonymous_2)
FNDA:0,(anonymous_3)
FNDA:0,(anonymous_4)
FNDA:0,(anonymous_5)
FNDA:0,(anonymous_6)
FNDA:0,(anonymous_7)
FNDA:0,(anonymous_8)
FNDA:0,(anonymous_9)
FNDA:0,(anonymous_10)
FNDA:0,(anonymous_11)
FNDA:0,(anonymous_12)
FNDA:0,(anonymous_13)
FNDA:0,(anonymous_14)
FNDA:0,(anonymous_15)
FNDA:0,(anonymous_16)
FNDA:0,(anonymous_17)
FNDA:0,(anonymous_18)
FNDA:0,(anonymous_19)
FNDA:0,(anonymous_20)
FNDA:0,(anonymous_21)
FNDA:0,(anonymous_22)
FNDA:0,(anonymous_23)
FNDA:0,(anonymous_24)
FNDA:0,(anonymous_25)
FNDA:0,(anonymous_26)
FNDA:0,(anonymous_27)
FNDA:0,(anonymous_28)
FNDA:0,(anonymous_29)
FNDA:0,(anonymous_30)
FNDA:3,(anonymous_31)
FNDA:4,(anonymous_32)
FNDA:4,(anonymous_33)
FNDA:7,(anonymous_34)
FNDA:70,(anonymous_35)
FNDA:63,(anonymous_36)
DA:6,1
DA:7,1
DA:9,1
DA:14,1
DA:31,0
DA:38,0
DA:44,0
DA:48,0
DA:52,0
DA:56,0
DA:60,0
DA:61,0
DA:67,0
DA:73,0
DA:74,0
DA:75,0
DA:76,0
DA:77,0
DA:78,0
DA:84,0
DA:85,0
DA:86,0
DA:87,0
DA:88,0
DA:95,0
DA:96,0
DA:97,0
DA:101,0
DA:102,0
DA:107,0
DA:112,0
DA:113,0
DA:115,0
DA:116,0
DA:121,0
DA:126,0
DA:127,0
DA:133,0
DA:134,0
DA:139,0
DA:140,0
DA:141,0
DA:142,0
DA:153,0
DA:154,0
DA:155,0
DA:156,0
DA:158,0
DA:159,0
DA:160,0
DA:161,0
DA:162,0
DA:163,0
DA:164,0
DA:165,0
DA:167,0
DA:168,0
DA:169,0
DA:170,0
DA:173,0
DA:174,0
DA:175,0
DA:176,0
DA:177,0
DA:178,0
DA:180,0
DA:181,0
DA:182,0
DA:183,0
DA:188,0
DA:190,0
DA:191,0
DA:192,0
DA:193,0
DA:194,0
DA:195,0
DA:196,0
DA:197,0
DA:198,0
DA:199,0
DA:200,0
DA:205,0
DA:213,0
DA:214,0
DA:215,0
DA:221,0
DA:222,0
DA:223,0
DA:233,0
DA:237,3
DA:238,3
DA:239,3
DA:247,0
DA:248,0
DA:255,0
DA:256,0
DA:262,0
DA:263,0
DA:266,0
DA:267,0
DA:270,1
DA:271,4
DA:272,4
DA:274,4
DA:275,10
DA:276,10
DA:277,10
DA:278,10
DA:283,1
DA:284,4
DA:285,8
DA:286,8
DA:287,8
DA:288,8
DA:289,9
DA:291,8
DA:293,4
DA:296,1
DA:297,7
DA:298,7
DA:299,4
DA:301,7
DA:302,70
DA:303,7
DA:304,63
DA:306,7
LF:126
LH:33
BRDA:97,0,0,0
BRDA:97,0,1,0
BRDA:97,1,0,0
BRDA:97,1,1,0
BRDA:134,2,0,0
BRDA:134,2,1,0
BRDA:140,3,0,0
BRDA:141,4,0,0
BRDA:141,4,1,0
BRDA:142,5,0,0
BRDA:142,5,1,0
BRDA:154,6,0,0
BRDA:160,7,0,0
BRDA:161,8,0,0
BRDA:161,8,1,0
BRDA:161,9,0,0
BRDA:161,9,1,0
BRDA:161,10,0,0
BRDA:161,10,1,0
BRDA:161,11,0,0
BRDA:161,11,1,0
BRDA:161,12,0,0
BRDA:161,12,1,0
BRDA:162,13,0,0
BRDA:162,13,1,0
BRDA:167,14,0,0
BRDA:167,15,0,0
BRDA:167,15,1,0
BRDA:167,16,0,0
BRDA:167,16,1,0
BRDA:173,17,0,0
BRDA:173,18,0,0
BRDA:173,18,1,0
BRDA:174,19,0,0
BRDA:174,19,1,0
BRDA:174,20,0,0
BRDA:174,20,1,0
BRDA:174,21,0,0
BRDA:174,21,1,0
BRDA:174,22,0,0
BRDA:174,22,1,0
BRDA:174,23,0,0
BRDA:174,23,1,0
BRDA:175,24,0,0
BRDA:175,24,1,0
BRDA:180,25,0,0
BRDA:180,26,0,0
BRDA:180,26,1,0
BRDA:180,27,0,0
BRDA:180,27,1,0
BRDA:196,28,0,0
BRDA:196,29,0,0
BRDA:196,29,1,0
BRDA:196,29,2,0
BRDA:196,29,3,0
BRDA:197,30,0,0
BRDA:200,31,0,0
BRDA:215,32,0,0
BRDA:215,32,1,0
BRDA:256,33,0,0
BRDA:256,33,1,0
BRDA:267,34,0,0
BRDA:267,34,1,0
BRDA:221,35,0,0
BRDA:222,36,0,0
BRDA:222,36,1,0
BRDA:276,37,0,0
BRDA:276,38,0,10
BRDA:276,38,1,10
BRDA:276,38,2,10
BRDA:277,39,0,0
BRDA:277,40,0,10
BRDA:277,40,1,10
BRDA:277,40,2,0
BRDA:286,41,0,1
BRDA:286,41,1,7
BRDA:298,42,0,4
BRDA:302,43,0,63
BRF:78
BRH:9
end_of_record
TN:
SF:src/share/script/execute/util_parser.ts
FN:16,(anonymous_0)
FN:20,(anonymous_1)
FN:24,(anonymous_2)
FN:115,(anonymous_3)
FN:151,(anonymous_4)
FN:153,(anonymous_5)
FN:155,(anonymous_6)
FN:158,(anonymous_7)
FN:170,(anonymous_8)
FN:171,(anonymous_9)
FN:35,(anonymous_10)
FN:47,(anonymous_11)
FN:58,(anonymous_12)
FN:69,(anonymous_13)
FN:71,(anonymous_14)
FN:71,(anonymous_15)
FN:72,(anonymous_16)
FN:73,(anonymous_17)
FN:74,(anonymous_18)
FN:78,(anonymous_19)
FN:82,(anonymous_20)
FN:101,(anonymous_21)
FNF:22
FNH:20
FNDA:0,(anonymous_0)
FNDA:8,(anonymous_1)
FNDA:0,(anonymous_2)
FNDA:51,(anonymous_3)
FNDA:22,(anonymous_4)
FNDA:34,(anonymous_5)
FNDA:103,(anonymous_6)
FNDA:178,(anonymous_7)
FNDA:30,(anonymous_8)
FNDA:426,(anonymous_9)
FNDA:9,(anonymous_10)
FNDA:33,(anonymous_11)
FNDA:113,(anonymous_12)
FNDA:9,(anonymous_13)
FNDA:80,(anonymous_14)
FNDA:70,(anonymous_15)
FNDA:80,(anonymous_16)
FNDA:80,(anonymous_17)
FNDA:80,(anonymous_18)
FNDA:84,(anonymous_19)
FNDA:2,(anonymous_20)
FNDA:7,(anonymous_21)
DA:6,2
DA:7,2
DA:13,2
DA:15,8
DA:17,0
DA:21,8
DA:24,8
DA:25,0
DA:26,0
DA:35,2
DA:36,9
DA:47,2
DA:48,33
DA:49,33
DA:50,76
DA:51,76
DA:52,25
DA:53,8
DA:54,8
DA:57,25
DA:58,25
DA:59,113
DA:63,33
DA:69,2
DA:70,9
DA:71,80
DA:72,80
DA:73,80
DA:74,80
DA:75,9
DA:76,8
DA:77,8
DA:78,84
DA:80,9
DA:81,1
DA:82,2
DA:83,1
DA:85,9
DA:86,1
DA:87,1
DA:88,1
DA:90,9
DA:101,2
DA:102,7
DA:103,8
DA:104,7
DA:115,8
DA:116,51
DA:117,51
DA:118,51
DA:119,51
DA:120,51
DA:121,51
DA:122,589
DA:123,588
DA:124,587
DA:125,586
DA:126,589
DA:127,104
DA:128,104
DA:129,52
DA:130,22
DA:132,30
DA:134,52
DA:135,52
DA:138,589
DA:139,589
DA:140,589
DA:142,51
DA:151,8
DA:152,22
DA:153,22
DA:154,34
DA:155,103
DA:156,5
DA:158,178
DA:159,34
DA:160,33
DA:161,33
DA:162,32
DA:164,1
DA:166,22
DA:167,22
DA:170,8
DA:171,426
DA:172,30
DA:173,29
LF:87
LH:84
BRDA:122,0,0,1
BRDA:122,0,1,588
BRDA:122,1,0,589
BRDA:122,1,1,1
BRDA:123,2,0,1
BRDA:123,2,1,587
BRDA:124,3,0,1
BRDA:124,3,1,586
BRDA:125,4,0,1
BRDA:126,5,0,104
BRDA:126,6,0,589
BRDA:126,6,1,105
BRDA:128,7,0,52
BRDA:129,8,0,22
BRDA:129,8,1,30
BRDA:138,9,0,22
BRDA:138,10,0,589
BRDA:138,10,1,22
BRDA:138,10,2,22
BRDA:139,11,0,407
BRDA:139,12,0,589
BRDA:139,12,1,459
BRDA:139,12,2,407
BRDA:140,13,0,76
BRDA:140,14,0,589
BRDA:140,14,1,130
BRDA:140,14,2,77
BRDA:140,15,0,1
BRDA:140,15,1,75
BRDA:154,16,0,5
BRDA:156,17,0,5
BRDA:159,18,0,33
BRDA:159,18,1,1
BRDA:161,19,0,1
BRDA:172,20,0,1
BRDA:50,21,0,11
BRDA:50,21,1,65
BRDA:51,22,0,25
BRDA:52,23,0,8
BRDA:53,24,0,8
BRDA:54,25,0,8
BRDA:54,25,1,0
BRDA:59,26,0,65
BRDA:59,26,1,48
BRDA:71,27,0,80
BRDA:71,27,1,72
BRDA:71,27,2,64
BRDA:71,27,3,64
BRDA:71,27,4,17
BRF:49
BRH:48
end_of_record
